2022-09-19 11:36:39,366 [INFO] Activator:177 - 


2022-09-19 11:36:39,366 [INFO] Activator:178 - !SESSION log4j initialized
2022-09-19 11:36:45,962 [INFO] McuFinderGlobals:39 - Set McuFinder mode to 2 (CubeIDE integrated)
2022-09-19 11:36:46,243 [INFO] ApplicationProperties:181 - Using Application install path: C:\ST\STM32CubeIDE_1.7.0\STM32CubeIDE\plugins\com.st.stm32cube.common.mx_6.3.0.202107141111
2022-09-19 11:36:46,259 [INFO] DbMcusXml:74 - Set database path to: C:\ST\STM32CubeIDE_1.7.0\STM32CubeIDE\plugins\com.st.stm32cube.common.mx_6.3.0.202107141111\\db\/mcu/
2022-09-19 11:36:46,263 [INFO] DbBoardsPdsc:56 - Set plugin database path to: C:\ST\STM32CubeIDE_1.7.0\STM32CubeIDE\plugins\com.st.stm32cube.common.mx_6.3.0.202107141111\\db\/plugins/boardmanager/
2022-09-19 11:36:46,263 [INFO] DbMcus:258 - Set plugin images path to: C:\ST\STM32CubeIDE_1.7.0\STM32CubeIDE\plugins\com.st.stm32cube.common.mx_6.3.0.202107141111\\db\/plugins/mcufinder/images/
2022-09-19 11:36:46,263 [INFO] DbBoards:264 - Set plugin images path to: C:\ST\STM32CubeIDE_1.7.0\STM32CubeIDE\plugins\com.st.stm32cube.common.mx_6.3.0.202107141111\\db\/plugins/mcufinder/images/
2022-09-19 11:36:46,267 [INFO] DbExamples:333 - Set plugin images path to: C:\ST\STM32CubeIDE_1.7.0\STM32CubeIDE\plugins\com.st.stm32cube.common.mx_6.3.0.202107141111\\db\/plugins/mcufinder/images/
2022-09-19 11:36:46,271 [INFO] DbMcusAds:119 - Set database path to: C:\Users\A.Tuan\.stmcufinder\plugins\mcufinder//mcu/
2022-09-19 11:36:46,271 [INFO] DbMcusDocs:110 - Set database path to: C:\Users\A.Tuan\.stmcufinder\plugins\mcufinder//mcu/
2022-09-19 11:36:46,276 [INFO] DbMcusJson:64 - Set database path to: C:\Users\A.Tuan\.stmcufinder\plugins\mcufinder//mcu/
2022-09-19 11:36:46,276 [INFO] DbBoardsDocs:110 - Set database path to: C:\Users\A.Tuan\.stmcufinder\plugins\mcufinder//mcu/
2022-09-19 11:36:46,276 [INFO] DbBoardsJson:57 - Set database path to: C:\Users\A.Tuan\.stmcufinder\plugins\mcufinder//mcu/
2022-09-19 11:36:46,284 [INFO] CrossReferenceDbSqlite:196 - Set database path to: C:\Users\A.Tuan\.stmcufinder\plugins\mcufinder//mcu/cs/
2022-09-19 11:36:46,288 [INFO] DbExamplesSqlite:767 - Set database path to: C:\Users\A.Tuan\.stmcufinder\plugins\mcufinder//mcu/
2022-09-19 11:36:46,393 [INFO] RulesReader:57 - Compatibility file has been processed (242 Rules)
2022-09-19 11:36:46,519 [INFO] DbMcusXml:74 - Set database path to: C:\ST\STM32CubeIDE_1.7.0\STM32CubeIDE\plugins\com.st.stm32cube.common.mx_6.3.0.202107141111\\db\/mcu/
2022-09-19 11:36:46,519 [INFO] DbBoardsPdsc:56 - Set plugin database path to: C:\ST\STM32CubeIDE_1.7.0\STM32CubeIDE\plugins\com.st.stm32cube.common.mx_6.3.0.202107141111\\db\/plugins/boardmanager/
2022-09-19 11:36:46,519 [INFO] DbMcus:258 - Set plugin images path to: C:\ST\STM32CubeIDE_1.7.0\STM32CubeIDE\plugins\com.st.stm32cube.common.mx_6.3.0.202107141111\\db\/plugins/mcufinder/images/
2022-09-19 11:36:46,519 [INFO] DbBoards:264 - Set plugin images path to: C:\ST\STM32CubeIDE_1.7.0\STM32CubeIDE\plugins\com.st.stm32cube.common.mx_6.3.0.202107141111\\db\/plugins/mcufinder/images/
2022-09-19 11:36:46,519 [INFO] DbExamples:333 - Set plugin images path to: C:\ST\STM32CubeIDE_1.7.0\STM32CubeIDE\plugins\com.st.stm32cube.common.mx_6.3.0.202107141111\\db\/plugins/mcufinder/images/
2022-09-19 11:36:46,524 [WARN] DbFile:35 - Overriding database path with different value: C:\Users\A.Tuan\.stmcufinder\plugins\mcufinder/ => C:\Users\A.Tuan\.stmcufinder\plugins\mcufinder
2022-09-19 11:36:46,524 [INFO] DbMcusAds:119 - Set database path to: C:\Users\A.Tuan\.stmcufinder\plugins\mcufinder//mcu/
2022-09-19 11:36:46,524 [WARN] DbFile:35 - Overriding database path with different value: C:\Users\A.Tuan\.stmcufinder\plugins\mcufinder/ => C:\Users\A.Tuan\.stmcufinder\plugins\mcufinder
2022-09-19 11:36:46,524 [INFO] DbMcusDocs:110 - Set database path to: C:\Users\A.Tuan\.stmcufinder\plugins\mcufinder//mcu/
2022-09-19 11:36:46,524 [WARN] DbFile:35 - Overriding database path with different value: C:\Users\A.Tuan\.stmcufinder\plugins\mcufinder/ => C:\Users\A.Tuan\.stmcufinder\plugins\mcufinder
2022-09-19 11:36:46,524 [INFO] DbMcusJson:64 - Set database path to: C:\Users\A.Tuan\.stmcufinder\plugins\mcufinder//mcu/
2022-09-19 11:36:46,524 [WARN] DbFile:35 - Overriding database path with different value: C:\Users\A.Tuan\.stmcufinder\plugins\mcufinder/ => C:\Users\A.Tuan\.stmcufinder\plugins\mcufinder
2022-09-19 11:36:46,524 [INFO] DbBoardsDocs:110 - Set database path to: C:\Users\A.Tuan\.stmcufinder\plugins\mcufinder//mcu/
2022-09-19 11:36:46,524 [WARN] DbFile:35 - Overriding database path with different value: C:\Users\A.Tuan\.stmcufinder\plugins\mcufinder/ => C:\Users\A.Tuan\.stmcufinder\plugins\mcufinder
2022-09-19 11:36:46,524 [INFO] DbBoardsJson:57 - Set database path to: C:\Users\A.Tuan\.stmcufinder\plugins\mcufinder//mcu/
2022-09-19 11:36:46,524 [WARN] DbFile:35 - Overriding database path with different value: C:\Users\A.Tuan\.stmcufinder\plugins\mcufinder/ => C:\Users\A.Tuan\.stmcufinder\plugins\mcufinder
2022-09-19 11:36:46,524 [WARN] DbFile:35 - Overriding database path with different value: C:\Users\A.Tuan\.stmcufinder\plugins\mcufinder/ => C:\Users\A.Tuan\.stmcufinder\plugins\mcufinder
2022-09-19 11:36:46,524 [INFO] CrossReferenceDbSqlite:196 - Set database path to: C:\Users\A.Tuan\.stmcufinder\plugins\mcufinder//mcu/cs/
2022-09-19 11:36:46,524 [WARN] DbFile:35 - Overriding database path with different value: C:\Users\A.Tuan\.stmcufinder\plugins\mcufinder/ => C:\Users\A.Tuan\.stmcufinder\plugins\mcufinder
2022-09-19 11:36:46,524 [INFO] DbExamplesSqlite:767 - Set database path to: C:\Users\A.Tuan\.stmcufinder\plugins\mcufinder//mcu/
2022-09-19 11:36:46,629 [INFO] MainPanel:214 - HeapMemory: 268435456
2022-09-19 11:36:46,765 [INFO] DbMcusXml:74 - Set database path to: C:\ST\STM32CubeIDE_1.7.0\STM32CubeIDE\plugins\com.st.stm32cube.common.mx_6.3.0.202107141111\\db\/mcu/
2022-09-19 11:36:46,765 [INFO] DbBoardsPdsc:56 - Set plugin database path to: C:\ST\STM32CubeIDE_1.7.0\STM32CubeIDE\plugins\com.st.stm32cube.common.mx_6.3.0.202107141111\\db\/plugins/boardmanager/
2022-09-19 11:36:46,765 [INFO] DbMcus:258 - Set plugin images path to: C:\ST\STM32CubeIDE_1.7.0\STM32CubeIDE\plugins\com.st.stm32cube.common.mx_6.3.0.202107141111\\db\/plugins/mcufinder/images/
2022-09-19 11:36:46,765 [INFO] DbBoards:264 - Set plugin images path to: C:\ST\STM32CubeIDE_1.7.0\STM32CubeIDE\plugins\com.st.stm32cube.common.mx_6.3.0.202107141111\\db\/plugins/mcufinder/images/
2022-09-19 11:36:46,765 [INFO] DbExamples:333 - Set plugin images path to: C:\ST\STM32CubeIDE_1.7.0\STM32CubeIDE\plugins\com.st.stm32cube.common.mx_6.3.0.202107141111\\db\/plugins/mcufinder/images/
2022-09-19 11:36:46,765 [WARN] DbFile:35 - Overriding database path with different value: C:\Users\A.Tuan\.stmcufinder\plugins\mcufinder/ => C:\Users\A.Tuan\.stmcufinder\plugins\mcufinder
2022-09-19 11:36:46,765 [INFO] DbMcusAds:119 - Set database path to: C:\Users\A.Tuan\.stmcufinder\plugins\mcufinder//mcu/
2022-09-19 11:36:46,765 [WARN] DbFile:35 - Overriding database path with different value: C:\Users\A.Tuan\.stmcufinder\plugins\mcufinder/ => C:\Users\A.Tuan\.stmcufinder\plugins\mcufinder
2022-09-19 11:36:46,765 [INFO] DbMcusDocs:110 - Set database path to: C:\Users\A.Tuan\.stmcufinder\plugins\mcufinder//mcu/
2022-09-19 11:36:46,765 [WARN] DbFile:35 - Overriding database path with different value: C:\Users\A.Tuan\.stmcufinder\plugins\mcufinder/ => C:\Users\A.Tuan\.stmcufinder\plugins\mcufinder
2022-09-19 11:36:46,765 [INFO] DbMcusJson:64 - Set database path to: C:\Users\A.Tuan\.stmcufinder\plugins\mcufinder//mcu/
2022-09-19 11:36:46,765 [WARN] DbFile:35 - Overriding database path with different value: C:\Users\A.Tuan\.stmcufinder\plugins\mcufinder/ => C:\Users\A.Tuan\.stmcufinder\plugins\mcufinder
2022-09-19 11:36:46,765 [INFO] DbBoardsDocs:110 - Set database path to: C:\Users\A.Tuan\.stmcufinder\plugins\mcufinder//mcu/
2022-09-19 11:36:46,769 [WARN] DbFile:35 - Overriding database path with different value: C:\Users\A.Tuan\.stmcufinder\plugins\mcufinder/ => C:\Users\A.Tuan\.stmcufinder\plugins\mcufinder
2022-09-19 11:36:46,769 [INFO] DbBoardsJson:57 - Set database path to: C:\Users\A.Tuan\.stmcufinder\plugins\mcufinder//mcu/
2022-09-19 11:36:46,769 [WARN] DbFile:35 - Overriding database path with different value: C:\Users\A.Tuan\.stmcufinder\plugins\mcufinder/ => C:\Users\A.Tuan\.stmcufinder\plugins\mcufinder
2022-09-19 11:36:46,769 [WARN] DbFile:35 - Overriding database path with different value: C:\Users\A.Tuan\.stmcufinder\plugins\mcufinder/ => C:\Users\A.Tuan\.stmcufinder\plugins\mcufinder
2022-09-19 11:36:46,769 [INFO] CrossReferenceDbSqlite:196 - Set database path to: C:\Users\A.Tuan\.stmcufinder\plugins\mcufinder//mcu/cs/
2022-09-19 11:36:46,769 [WARN] DbFile:35 - Overriding database path with different value: C:\Users\A.Tuan\.stmcufinder\plugins\mcufinder/ => C:\Users\A.Tuan\.stmcufinder\plugins\mcufinder
2022-09-19 11:36:46,769 [INFO] DbExamplesSqlite:767 - Set database path to: C:\Users\A.Tuan\.stmcufinder\plugins\mcufinder//mcu/
2022-09-19 11:36:46,789 [INFO] ApplicationProperties:181 - Using Application install path: C:\ST\STM32CubeIDE_1.7.0\STM32CubeIDE\plugins\com.st.stm32cube.common.mx_6.3.0.202107141111
2022-09-19 11:36:46,793 [INFO] PluginManage:188 - Search for loadable plugins [exclusion list=, ]
2022-09-19 11:36:46,793 [INFO] PluginManage:302 - Check plugin analytics
2022-09-19 11:36:46,946 [INFO] AnalyticsPlugin:257 - Accepted Software Licenses: 
2022-09-19 11:36:46,946 [INFO] AnalyticsPlugin:259 - Accepted CMSIS Pack Licenses: 
2022-09-19 11:36:46,946 [INFO] AnalyticsPlugin:261 - Accepted Firmware Licenses: 
2022-09-19 11:36:46,946 [INFO] PluginManage:352 - Loaded plugin analytics (category:tool,tabindex:-1)
2022-09-19 11:36:46,946 [INFO] PluginManage:302 - Check plugin clock
2022-09-19 11:36:46,958 [INFO] PluginManage:352 - Loaded plugin clock (category:base,tabindex:2)
2022-09-19 11:36:46,958 [INFO] PluginManage:302 - Check plugin ddr
2022-09-19 11:36:46,962 [INFO] PluginManage:352 - Loaded plugin ddr (category:tool,tabindex:6)
2022-09-19 11:36:46,962 [INFO] PluginManage:302 - Check plugin filemanager
2022-09-19 11:36:47,121 [INFO] PluginManage:352 - Loaded plugin filemanager (category:base,tabindex:10)
2022-09-19 11:36:47,121 [INFO] PluginManage:302 - Check plugin ipmanager
2022-09-19 11:36:47,131 [INFO] PluginManage:352 - Loaded plugin ipmanager (category:base,tabindex:5)
2022-09-19 11:36:47,131 [INFO] PluginManage:302 - Check plugin pinoutandconfiguration
2022-09-19 11:36:47,139 [INFO] PluginManage:352 - Loaded plugin pinoutandconfiguration (category:base,tabindex:1)
2022-09-19 11:36:47,139 [INFO] PluginManage:302 - Check plugin pinoutconfig
2022-09-19 11:36:47,171 [INFO] PluginManage:352 - Loaded plugin pinoutconfig (category:base,tabindex:0)
2022-09-19 11:36:47,171 [INFO] PluginManage:302 - Check plugin power
2022-09-19 11:36:47,183 [INFO] PluginManage:352 - Loaded plugin power (category:power,tabindex:4)
2022-09-19 11:36:47,183 [INFO] PluginManage:302 - Check plugin projectmanager
2022-09-19 11:36:47,203 [INFO] PluginManage:352 - Loaded plugin projectmanager (category:projectmanager,tabindex:3)
2022-09-19 11:36:47,203 [INFO] PluginManage:302 - Check plugin thirdparty
2022-09-19 11:36:47,364 [WARN] IntegrityCheckThread:78 - waiting for thirdparty lock release [integrity check]
2022-09-19 11:36:47,364 [INFO] PluginManage:352 - Loaded plugin thirdparty (category:base,tabindex:-1)
2022-09-19 11:36:47,364 [INFO] IntegrityCheckThread:80 - entering critical section [integrity check]
2022-09-19 11:36:47,364 [INFO] PluginManage:302 - Check plugin tools
2022-09-19 11:36:47,364 [INFO] ThirdPartyUpdaterWithRetryManager:66 - Updater plugin not ready yet. [1/15]
2022-09-19 11:36:47,368 [INFO] PluginManage:352 - Loaded plugin tools (category:base,tabindex:7)
2022-09-19 11:36:47,368 [INFO] PluginManage:302 - Check plugin tutovideos
2022-09-19 11:36:47,620 [INFO] PluginManage:352 - Loaded plugin tutovideos (category:base,tabindex:-1)
2022-09-19 11:36:47,620 [INFO] PluginManage:302 - Check plugin updater
2022-09-19 11:36:47,636 [INFO] PluginManage:352 - Loaded plugin updater (category:base,tabindex:12)
2022-09-19 11:36:47,636 [INFO] PluginManage:275 - PluginManage : Loaded plugins [13]
2022-09-19 11:36:47,834 [INFO] PinOutPanel:1463 - setPackage(No Configuration,No Configuration)
2022-09-19 11:36:47,941 [INFO] IPUIPlugin:74 - create IPUIPlugin
2022-09-19 11:36:47,941 [INFO] PluginManager:213 - loadIPPluginJar : add adc
2022-09-19 11:36:47,941 [INFO] IPUIPlugin:74 - create IPUIPlugin
2022-09-19 11:36:47,941 [INFO] PluginManager:213 - loadIPPluginJar : add aes
2022-09-19 11:36:47,945 [INFO] IPUIPlugin:74 - create IPUIPlugin
2022-09-19 11:36:47,945 [INFO] PluginManager:213 - loadIPPluginJar : add can
2022-09-19 11:36:47,945 [INFO] IPUIPlugin:74 - create IPUIPlugin
2022-09-19 11:36:47,945 [INFO] PluginManager:213 - loadIPPluginJar : add comp
2022-09-19 11:36:47,949 [INFO] IPUIPlugin:74 - create IPUIPlugin
2022-09-19 11:36:47,949 [INFO] PluginManager:213 - loadIPPluginJar : add cryp
2022-09-19 11:36:47,953 [INFO] IPUIPlugin:74 - create IPUIPlugin
2022-09-19 11:36:47,953 [INFO] PluginManager:213 - loadIPPluginJar : add dfsdm
2022-09-19 11:36:47,957 [INFO] IPUIPlugin:74 - create IPUIPlugin
2022-09-19 11:36:47,961 [INFO] PluginManager:213 - loadIPPluginJar : add dma
2022-09-19 11:36:47,961 [INFO] IPUIPlugin:74 - create IPUIPlugin
2022-09-19 11:36:47,961 [INFO] PluginManager:213 - loadIPPluginJar : add dma3
2022-09-19 11:36:47,965 [INFO] IPUIPlugin:74 - create IPUIPlugin
2022-09-19 11:36:47,965 [INFO] PluginManager:213 - loadIPPluginJar : add fatfs
2022-09-19 11:36:47,969 [INFO] IPUIPlugin:74 - create IPUIPlugin
2022-09-19 11:36:47,969 [INFO] PluginManager:213 - loadIPPluginJar : add fmc
2022-09-19 11:36:47,973 [INFO] IPUIPlugin:74 - create IPUIPlugin
2022-09-19 11:36:47,973 [INFO] PluginManager:213 - loadIPPluginJar : add freertos
2022-09-19 11:36:47,973 [INFO] IPUIPlugin:74 - create IPUIPlugin
2022-09-19 11:36:47,973 [INFO] PluginManager:213 - loadIPPluginJar : add genericplugin
2022-09-19 11:36:47,977 [INFO] IPUIPlugin:74 - create IPUIPlugin
2022-09-19 11:36:47,977 [INFO] PluginManager:213 - loadIPPluginJar : add gfxmmu
2022-09-19 11:36:47,981 [INFO] IPUIPlugin:74 - create IPUIPlugin
2022-09-19 11:36:47,981 [INFO] PluginManager:213 - loadIPPluginJar : add gic
2022-09-19 11:36:47,985 [INFO] IPUIPlugin:74 - create IPUIPlugin
2022-09-19 11:36:47,985 [INFO] PluginManager:213 - loadIPPluginJar : add gpio
2022-09-19 11:36:47,989 [INFO] IPUIPlugin:74 - create IPUIPlugin
2022-09-19 11:36:47,989 [INFO] PluginManager:213 - loadIPPluginJar : add gtzc
2022-09-19 11:36:47,993 [INFO] IPUIPlugin:74 - create IPUIPlugin
2022-09-19 11:36:47,993 [INFO] PluginManager:213 - loadIPPluginJar : add hash
2022-09-19 11:36:47,993 [INFO] IPUIPlugin:74 - create IPUIPlugin
2022-09-19 11:36:47,993 [INFO] PluginManager:213 - loadIPPluginJar : add i2c
2022-09-19 11:36:47,997 [INFO] IPUIPlugin:74 - create IPUIPlugin
2022-09-19 11:36:47,997 [INFO] PluginManager:213 - loadIPPluginJar : add i2s
2022-09-19 11:36:48,001 [INFO] IPUIPlugin:74 - create IPUIPlugin
2022-09-19 11:36:48,001 [INFO] PluginManager:213 - loadIPPluginJar : add ipddr
2022-09-19 11:36:48,005 [INFO] IPUIPlugin:74 - create IPUIPlugin
2022-09-19 11:36:48,009 [INFO] PluginManager:213 - loadIPPluginJar : add linkedlist
2022-09-19 11:36:48,009 [INFO] IPUIPlugin:74 - create IPUIPlugin
2022-09-19 11:36:48,009 [INFO] PluginManager:213 - loadIPPluginJar : add lorawan
2022-09-19 11:36:48,009 [INFO] IPUIPlugin:74 - create IPUIPlugin
2022-09-19 11:36:48,009 [INFO] PluginManager:213 - loadIPPluginJar : add ltdc
2022-09-19 11:36:48,013 [INFO] IPUIPlugin:74 - create IPUIPlugin
2022-09-19 11:36:48,013 [INFO] PluginManager:213 - loadIPPluginJar : add mdma
2022-09-19 11:36:48,017 [INFO] IPUIPlugin:74 - create IPUIPlugin
2022-09-19 11:36:48,017 [INFO] PluginManager:213 - loadIPPluginJar : add nvic
2022-09-19 11:36:48,021 [INFO] IPUIPlugin:74 - create IPUIPlugin
2022-09-19 11:36:48,021 [INFO] PluginManager:213 - loadIPPluginJar : add opamp
2022-09-19 11:36:48,025 [INFO] IPUIPlugin:74 - create IPUIPlugin
2022-09-19 11:36:48,025 [INFO] PluginManager:213 - loadIPPluginJar : add openamp
2022-09-19 11:36:48,029 [INFO] IPUIPlugin:74 - create IPUIPlugin
2022-09-19 11:36:48,029 [INFO] PluginManager:213 - loadIPPluginJar : add pdm2pcm
2022-09-19 11:36:48,033 [INFO] IPUIPlugin:74 - create IPUIPlugin
2022-09-19 11:36:48,037 [INFO] PluginManager:213 - loadIPPluginJar : add plateformsettings
2022-09-19 11:36:48,041 [INFO] IPUIPlugin:74 - create IPUIPlugin
2022-09-19 11:36:48,041 [INFO] PluginManager:213 - loadIPPluginJar : add quadspi
2022-09-19 11:36:48,045 [INFO] IPUIPlugin:74 - create IPUIPlugin
2022-09-19 11:36:48,045 [INFO] PluginManager:213 - loadIPPluginJar : add resmgrutility
2022-09-19 11:36:48,045 [INFO] IPUIPlugin:74 - create IPUIPlugin
2022-09-19 11:36:48,045 [INFO] PluginManager:213 - loadIPPluginJar : add sai
2022-09-19 11:36:48,049 [INFO] IPUIPlugin:74 - create IPUIPlugin
2022-09-19 11:36:48,049 [INFO] PluginManager:213 - loadIPPluginJar : add spi
2022-09-19 11:36:48,053 [INFO] IPUIPlugin:74 - create IPUIPlugin
2022-09-19 11:36:48,053 [INFO] PluginManager:213 - loadIPPluginJar : add stm32_wpan
2022-09-19 11:36:48,053 [INFO] IPUIPlugin:74 - create IPUIPlugin
2022-09-19 11:36:48,057 [INFO] PluginManager:213 - loadIPPluginJar : add tim
2022-09-19 11:36:48,057 [INFO] IPUIPlugin:74 - create IPUIPlugin
2022-09-19 11:36:48,057 [INFO] PluginManager:213 - loadIPPluginJar : add touchsensing
2022-09-19 11:36:48,061 [INFO] IPUIPlugin:74 - create IPUIPlugin
2022-09-19 11:36:48,061 [INFO] PluginManager:213 - loadIPPluginJar : add tracer_emb
2022-09-19 11:36:48,061 [INFO] IPUIPlugin:74 - create IPUIPlugin
2022-09-19 11:36:48,061 [INFO] PluginManager:213 - loadIPPluginJar : add ts
2022-09-19 11:36:48,065 [INFO] IPUIPlugin:74 - create IPUIPlugin
2022-09-19 11:36:48,065 [INFO] PluginManager:213 - loadIPPluginJar : add tsc
2022-09-19 11:36:48,065 [INFO] IPUIPlugin:74 - create IPUIPlugin
2022-09-19 11:36:48,065 [INFO] PluginManager:213 - loadIPPluginJar : add ucpd
2022-09-19 11:36:48,069 [INFO] IPUIPlugin:74 - create IPUIPlugin
2022-09-19 11:36:48,069 [INFO] PluginManager:213 - loadIPPluginJar : add usart
2022-09-19 11:36:48,069 [INFO] IPUIPlugin:74 - create IPUIPlugin
2022-09-19 11:36:48,069 [INFO] PluginManager:213 - loadIPPluginJar : add usbx
2022-09-19 11:36:48,456 [FATAL] Updater:294 - Updater called before beeing initialized
2022-09-19 11:36:48,591 [FATAL] Updater:294 - Updater called before beeing initialized
2022-09-19 11:36:48,595 [INFO] DbMcusAds:47 - JSON generation date=Thu Sep 30 13:55:09 ICT 2021 (1632984909265)
2022-09-19 11:36:48,595 [FATAL] Updater:294 - Updater called before beeing initialized
2022-09-19 11:36:48,637 [WARN] DetailPanel:314 - Failed to get advertising image, set to default
2022-09-19 11:36:48,738 [FATAL] Updater:294 - Updater called before beeing initialized
2022-09-19 11:36:48,742 [FATAL] Updater:294 - Updater called before beeing initialized
2022-09-19 11:36:48,742 [FATAL] Updater:294 - Updater called before beeing initialized
2022-09-19 11:36:48,742 [WARN] DetailPanel:314 - Failed to get advertising image, set to default
2022-09-19 11:36:48,742 [FATAL] Updater:294 - Updater called before beeing initialized
2022-09-19 11:36:48,802 [ERROR] Updater:1075 - MainUpdater not yet initialized. External WinMGr cannot be set.
2022-09-19 11:36:48,802 [INFO] Updater:1012 - Updater Version found : 6.3.0
2022-09-19 11:36:48,822 [INFO] ApplicationProperties:181 - Using Application install path: C:\ST\STM32CubeIDE_1.7.0\STM32CubeIDE\plugins\com.st.stm32cube.common.mx_6.3.0.202107141111
2022-09-19 11:36:49,238 [INFO] MainUpdater:2671 - connection check result : 10
2022-09-19 11:36:49,238 [INFO] MainUpdater:265 - Updater Check For Update Now.
2022-09-19 11:36:49,238 [INFO] MicroXplorer:478 - Change Database Version : DB.6.0.30
2022-09-19 11:36:49,435 [INFO] CheckServerUpdateThread:112 - End of CheckServer Thread
2022-09-19 11:36:49,472 [INFO] MainUpdater:2671 - connection check result : 10
2022-09-19 11:36:49,744 [INFO] McuFinderGlobals:52 - Set McuFinderConnectedMode to false
2022-09-19 11:36:49,886 [INFO] CrossSelectorPresenter:1330 - Cross Selector saved comparison directory: C:\Users\A.Tuan\.stmcufinder\plugins\mcufinder\mcu\cs_comparisons_mx
2022-09-19 11:36:49,894 [INFO] MultiScanPanel:197 - Auto-refresh data requested => check proxy status ongoing
2022-09-19 11:36:49,894 [INFO] MultiScanPanel:201 - Proxy status is invalid
2022-09-19 11:36:49,898 [INFO] FinderPluginLoader:87 - Searching for filters in installed packs
2022-09-19 11:36:49,902 [INFO] DbMcusXml:100 - Load MCU database from C:\ST\STM32CubeIDE_1.7.0\STM32CubeIDE\plugins\com.st.stm32cube.common.mx_6.3.0.202107141111\\db\/mcu/families.xml
2022-09-19 11:36:50,672 [WARN] PackLoader:238 - Cannot read IP mode file for STMicroelectronics.X-CUBE-GNSS1.6.0.0
2022-09-19 11:36:50,747 [WARN] PackLoader:238 - Cannot read IP mode file for STMicroelectronics.X-CUBE-AZRTOS-F4.1.1.0
2022-09-19 11:36:50,793 [WARN] PackLoader:238 - Cannot read IP mode file for STMicroelectronics.X-CUBE-AZRTOS-F7.1.1.0
2022-09-19 11:36:50,809 [WARN] PackLoader:238 - Cannot read IP mode file for STMicroelectronics.X-CUBE-BLE1.6.2.3
2022-09-19 11:36:50,828 [WARN] PackLoader:238 - Cannot read IP mode file for STMicroelectronics.X-CUBE-NFC4.2.0.4
2022-09-19 11:36:50,880 [WARN] PackLoader:238 - Cannot read IP mode file for STMicroelectronics.X-CUBE-TOF1.3.1.0
2022-09-19 11:36:50,923 [WARN] PackLoader:238 - Cannot read IP mode file for wolfSSL.I-CUBE-wolfSSL.5.5.0
2022-09-19 11:36:50,932 [WARN] PackLoader:238 - Cannot read IP mode file for STMicroelectronics.X-CUBE-NFC7.1.0.0
2022-09-19 11:36:51,025 [WARN] PackLoader:238 - Cannot read IP mode file for STMicroelectronics.X-CUBE-MEMS1.9.3.0
2022-09-19 11:36:51,116 [INFO] DbMcusJson:93 - JSON generation date=Tue Nov 16 23:17:54 ICT 2021 (1637079474)
2022-09-19 11:36:51,415 [WARN] PackLoader:238 - Cannot read IP mode file for STMicroelectronics.X-CUBE-AI.7.2.0
2022-09-19 11:36:51,427 [WARN] PackLoader:238 - Cannot read IP mode file for STMicroelectronics.X-CUBE-SFXS2LP1.4.0.0
2022-09-19 11:36:51,440 [WARN] PackLoader:238 - Cannot read IP mode file for STMicroelectronics.X-CUBE-BLE2.3.3.0
2022-09-19 11:36:51,452 [WARN] PackLoader:238 - Cannot read IP mode file for STMicroelectronics.X-CUBE-DISPLAY.2.2.0
2022-09-19 11:36:51,460 [WARN] PackLoader:238 - Cannot read IP mode file for STMicroelectronics.X-CUBE-ISPU.1.0.0
2022-09-19 11:36:51,471 [WARN] PackLoader:238 - Cannot read IP mode file for RoweBots.I-CUBE-UNISONRTOS.5.5.0-4
2022-09-19 11:36:51,499 [WARN] PackLoader:238 - Cannot read IP mode file for STMicroelectronics.X-CUBE-AZRTOS-H7.2.1.0
2022-09-19 11:36:51,531 [WARN] PackLoader:238 - Cannot read IP mode file for STMicroelectronics.X-CUBE-BLEMGR.1.0.0
2022-09-19 11:36:51,544 [WARN] PackLoader:238 - Cannot read IP mode file for STMicroelectronics.X-CUBE-ALGOBUILD.1.3.0
2022-09-19 11:36:51,577 [WARN] PackLoader:238 - Cannot read IP mode file for STMicroelectronics.X-CUBE-AZRTOS-G0.1.1.0
2022-09-19 11:36:51,594 [WARN] PackLoader:238 - Cannot read IP mode file for STMicroelectronics.X-CUBE-SUBG2.5.0.0
2022-09-19 11:36:51,693 [WARN] PackLoader:238 - Cannot read IP mode file for SEGGER.I-CUBE-embOS.1.2.0
2022-09-19 11:36:51,746 [WARN] PackLoader:238 - Cannot read IP mode file for STMicroelectronics.FP-ATR-ASTRA1.1.1.1
2022-09-19 11:36:51,766 [WARN] PackLoader:238 - Cannot read IP mode file for STMicroelectronics.X-CUBE-AZRTOS-G4.1.0.0
2022-09-19 11:36:51,794 [WARN] PackLoader:238 - Cannot read IP mode file for STMicroelectronics.X-CUBE-AZRTOS-L4.1.0.0
2022-09-19 11:36:51,805 [WARN] PackLoader:238 - Cannot read IP mode file for emotas.I-CUBE-CANOPEN.1.1.2
2022-09-19 11:36:51,809 [WARN] PackLoader:238 - Cannot read IP mode file for STMicroelectronics.X-CUBE-TOUCHGFX.4.20.0
2022-09-19 11:36:51,826 [WARN] PackLoader:238 - Cannot read IP mode file for STMicroelectronics.X-CUBE-AZRTOS-WL.1.0.0
2022-09-19 11:36:51,833 [WARN] PackLoader:238 - Cannot read IP mode file for portGmbH.I-Cube-SoM-uGOAL.1.1.0
2022-09-19 11:36:51,839 [WARN] PackLoader:238 - Cannot read IP mode file for STMicroelectronics.X-CUBE-ALS.1.0.1
2022-09-19 11:36:51,858 [WARN] PackLoader:238 - Cannot read IP mode file for STMicroelectronics.X-CUBE-AZRTOS-L5.1.0.0
2022-09-19 11:36:51,866 [WARN] PackLoader:238 - Cannot read IP mode file for STMicroelectronics.X-CUBE-EEPRMA1.3.1.1
2022-09-19 11:36:51,866 [INFO] ThirdParty:915 - Integrity check success = true
2022-09-19 11:36:51,870 [INFO] IntegrityCheckThread:94 - exiting critical section [integrity check]
2022-09-19 11:36:51,870 [INFO] IntegrityCheckThread:97 - End integrity checks thread
2022-09-19 11:36:52,000 [INFO] DbMcus:175 - Found 1951 MCUs (1903 are supported by CubeMX, 1914 are visible in CubeMX)
2022-09-19 11:36:52,000 [INFO] ApiDb:251 - Load user favorites file C:\Users\A.Tuan/.stm32cubeide/favorites.mcus.txt: 0 item(s)
2022-09-19 11:36:52,000 [INFO] ApiDb:255 - User favorites MCUs=[]
2022-09-19 11:36:52,000 [INFO] DbMcus:187 - Set 0 / 0 favorites MCUs
2022-09-19 11:36:52,841 [INFO] DetailPanel:309 - Set advertising image to C:/Users/A.Tuan/STM32Cube/Repository/\en.Prom_NBSTM32U50921.jpg
2022-09-19 11:36:53,330 [INFO] DbBoardsPdsc:90 - Found 25 items
2022-09-19 11:36:53,337 [INFO] DbBoardsPdsc:90 - Found 9 items
2022-09-19 11:36:53,341 [INFO] DbBoardsPdsc:90 - Found 33 items
2022-09-19 11:36:53,345 [INFO] DbBoardsPdsc:90 - Found 1 items
2022-09-19 11:36:53,354 [INFO] DbBoardsPdsc:90 - Found 48 items
2022-09-19 11:36:53,358 [INFO] DbBoardsPdsc:90 - Found 43 items
2022-09-19 11:36:53,362 [INFO] DbBoardsPdsc:90 - Found 2 items
2022-09-19 11:36:53,362 [INFO] DbBoardsPdsc:90 - Found 5 items
2022-09-19 11:36:53,370 [WARN] DbBoardsPdsc:254 - Board STM32H7B3I-DK: unknown feature type=Audio, name=, username=Audio stereo codec with Headphone Amp (CS42L51-CNZ), n=1
2022-09-19 11:36:53,370 [WARN] DbBoardsPdsc:254 - Board STM32H735G-DK: unknown feature type=Audio, name=, username=Audio stereo codec with Headphone Amp (WM8994ECS/R), n=1
2022-09-19 11:36:53,370 [WARN] DbBoardsPdsc:254 - Board STM32H7B3I-EVAL: unknown feature type=Audio, name=, username=Multi-Channel Audio Codec (CS42L51-CNZ), n=1
2022-09-19 11:36:53,370 [WARN] DbBoardsPdsc:254 - Board STM32H7B3I-EVAL: unknown feature type=Meter, name=, username=Power-metering and Temperature-monitoring with sigma-delta modulators, n=1
2022-09-19 11:36:53,370 [WARN] DbBoardsPdsc:254 - Board STM32H7B3I-EVAL: unknown feature type=Motor, name=, username=Motor Control, n=1
2022-09-19 11:36:53,370 [WARN] DbBoardsPdsc:254 - Board STM32U575I-EV: unknown feature type=joystick, name=, username=4-direction joystick with selection button, n=1
2022-09-19 11:36:53,394 [INFO] DbBoardsJson:86 - JSON generation date=Tue Nov 16 23:17:54 ICT 2021 (1637079474)
2022-09-19 11:36:53,406 [INFO] DbBoards:117 - Found 167 boards (163 are supported by CubeMX)
2022-09-19 11:36:53,410 [INFO] DbBoardsDocs:143 - JSON generation date=Tue Nov 16 23:17:54 ICT 2021 (1637079474)
2022-09-19 11:36:53,414 [INFO] DbBoardsDocs:79 - Found 209 boards documents
2022-09-19 11:36:53,414 [WARN] DbBoards:127 - board B-L475E-IOT01A2 has no document id list !
2022-09-19 11:36:53,418 [WARN] DbBoards:127 - board NUCLEO-H743ZI has no document id list !
2022-09-19 11:36:53,418 [WARN] DbBoards:127 - board NUCLEO-WL55JC2 has no document id list !
2022-09-19 11:36:53,418 [WARN] DbBoards:127 - board P-NUCLEO-WB55-Nucleo has no document id list !
2022-09-19 11:36:53,418 [WARN] DbBoards:127 - board P-NUCLEO-WB55-USBDongle has no document id list !
2022-09-19 11:36:53,418 [WARN] DbBoards:127 - board STEVAL-BFA001V1B has no document id list !
2022-09-19 11:36:53,418 [WARN] DbBoards:127 - board STEVAL-BFA001V2B has no document id list !
2022-09-19 11:36:53,422 [WARN] DbBoards:127 - board STEVAL-IDP005V1 has no document id list !
2022-09-19 11:36:53,422 [WARN] DbBoards:127 - board STEVAL-IDP005V2 has no document id list !
2022-09-19 11:36:53,422 [WARN] DbBoards:127 - board STEVAL-MKSBOX1V1 has no document id list !
2022-09-19 11:36:53,422 [WARN] DbBoards:127 - board STEVAL-STWINKT1 has no document id list !
2022-09-19 11:36:53,422 [WARN] DbBoards:127 - board STEVAL-STWINKT1B has no document id list !
2022-09-19 11:36:53,422 [WARN] DbBoards:127 - board STM32439I-EVAL2 has no document id list !
2022-09-19 11:36:53,422 [WARN] DbBoards:127 - board STM32F401C-DISCO has no document id list !
2022-09-19 11:36:53,422 [WARN] DbBoards:127 - board STM32F769I-DISC1 has no document id list !
2022-09-19 11:36:53,422 [WARN] DbBoards:127 - board STM32G474E-EVAL1 has no document id list !
2022-09-19 11:36:53,426 [WARN] DbBoards:127 - board STM32H743I-EVAL2 has no document id list !
2022-09-19 11:36:53,426 [WARN] DbBoards:127 - board STM32H747I-DISC1 has no document id list !
2022-09-19 11:36:53,427 [WARN] DbBoards:127 - board STM32H753I-EVAL2 has no document id list !
2022-09-19 11:36:53,428 [WARN] DbBoards:127 - board STM32L-DISCOVERY has no document id list !
2022-09-19 11:36:53,704 [ERROR] DbBoards:189 - Image file not found for board B-U585I-IOT02A: C:\ST\STM32CubeIDE_1.7.0\STM32CubeIDE\plugins\com.st.stm32cube.common.mx_6.3.0.202107141111\\db\/plugins/mcufinder/images/boards/B-U585I-IOT02A_small.jpg
2022-09-19 11:36:53,831 [ERROR] DbBoards:189 - Image file not found for board NUCLEO-F413ZH: C:\ST\STM32CubeIDE_1.7.0\STM32CubeIDE\plugins\com.st.stm32cube.common.mx_6.3.0.202107141111\\db\/plugins/mcufinder/images/boards/nucleo-f413zh_small.jpg
2022-09-19 11:36:54,031 [ERROR] DbBoards:189 - Image file not found for board NUCLEO-L552ZE-Q: C:\ST\STM32CubeIDE_1.7.0\STM32CubeIDE\plugins\com.st.stm32cube.common.mx_6.3.0.202107141111\\db\/plugins/mcufinder/images/boards/nucleo_l552ze_q_small.jpg
2022-09-19 11:36:54,031 [ERROR] DbBoards:189 - Image file not found for board NUCLEO-U575ZI-Q: C:\ST\STM32CubeIDE_1.7.0\STM32CubeIDE\plugins\com.st.stm32cube.common.mx_6.3.0.202107141111\\db\/plugins/mcufinder/images/boards/nucleo-u575zi-q_small.jpg
2022-09-19 11:36:54,031 [ERROR] DbBoards:189 - Image file not found for board NUCLEO-WB15CC: C:\ST\STM32CubeIDE_1.7.0\STM32CubeIDE\plugins\com.st.stm32cube.common.mx_6.3.0.202107141111\\db\/plugins/mcufinder/images/boards/nucleo-wb15cc_small.jpg
2022-09-19 11:36:54,031 [ERROR] DbBoards:189 - Image file not found for board NUCLEO-WB55RG: C:\ST\STM32CubeIDE_1.7.0\STM32CubeIDE\plugins\com.st.stm32cube.common.mx_6.3.0.202107141111\\db\/plugins/mcufinder/images/boards/nucleo-wb55rg_small.jpg
2022-09-19 11:36:55,347 [INFO] ApiDb:251 - Load user favorites file C:\Users\A.Tuan/.stm32cubeide/favorites.boards.txt: 0 item(s)
2022-09-19 11:36:55,351 [INFO] ApiDb:255 - User favorites Boards=[]
2022-09-19 11:36:55,351 [INFO] DbBoards:206 - Set 0 / 0 favorites Boards
2022-09-19 11:38:08,780 [INFO] DbMcusDocs:143 - JSON generation date=Tue Nov 16 23:17:54 ICT 2021 (1637079474)
2022-09-19 11:38:09,410 [INFO] DbMcusDocs:79 - Found 682 MCUs documents
2022-09-19 11:38:31,790 [INFO] MainUpdater:2671 - connection check result : 10
2022-09-19 11:38:31,790 [INFO] MainUpdater:2671 - connection check result : 10
2022-09-19 11:38:31,882 [INFO] MicroXplorer:448 - Change Database Path : 
2022-09-19 11:38:31,882 [INFO] MicroXplorer:478 - Change Database Version : DB.6.0.30
2022-09-19 11:38:31,884 [WARN] ThirdParty:813 - waiting for thirdparty lock release [close project]
2022-09-19 11:38:31,884 [INFO] ThirdParty:815 - entering critical section [close project]
2022-09-19 11:38:31,886 [INFO] ThirdParty:825 - exiting critical section [close project]
2022-09-19 11:38:31,900 [INFO] PinOutPanel:1463 - setPackage(No Configuration,No Configuration)
2022-09-19 11:38:31,904 [INFO] UtilMem:74 - Begin LoadConfig() Used Memory: 489221632 Bytes (576716800)
2022-09-19 11:38:31,906 [INFO] MicroXplorer:448 - Change Database Path : 
2022-09-19 11:38:31,906 [INFO] MicroXplorer:478 - Change Database Version : DB.6.0.30
2022-09-19 11:38:31,906 [INFO] OpenFileManager:313 - Change cursor
2022-09-19 11:38:33,499 [INFO] Context:592 - Trying to add GPIOservice into a context  which must be forbidden
2022-09-19 11:38:33,822 [INFO] ImportTextPane:167 - (OptionalMessage_ERROR) Unable to find key (Mcu.ThirdPartyNb) in loaded IOC file
2022-09-19 11:38:33,822 [INFO] ImportTextPane:167 - (OptionalMessage_ERROR) Unable to find key (Mcu.PinsNb) in loaded IOC file
2022-09-19 11:38:33,822 [INFO] ImportTextPane:167 - (OptionalMessage_ERROR) Unable to find key (Mcu.IPNb) in loaded IOC file
2022-09-19 11:38:33,896 [WARN] ApiManager:304 - Cannot register API 'Board Extension:GNSS1A1' from pack STMicroelectronics.X-CUBE-GNSS1.6.0.0: no header file found
2022-09-19 11:38:33,896 [WARN] ApiManager:304 - Cannot register API 'Board Support:Custom' from pack STMicroelectronics.X-CUBE-GNSS1.6.0.0: no header file found
2022-09-19 11:38:33,896 [WARN] ApiManager:304 - Cannot register API 'Data Exchange:lib_gnss' from pack STMicroelectronics.X-CUBE-GNSS1.6.0.0: no header file found
2022-09-19 11:38:33,917 [WARN] ModelIntegratedComponent:60 - No mode defined for component null
2022-09-19 11:38:33,917 [WARN] ModelIntegratedComponent:60 - No mode defined for component null
2022-09-19 11:38:33,917 [WARN] ModelIntegratedComponent:60 - No mode defined for component null
2022-09-19 11:38:33,917 [WARN] ModelIntegratedComponent:60 - No mode defined for component null
2022-09-19 11:38:33,917 [WARN] ModelIntegratedComponent:60 - No mode defined for component null
2022-09-19 11:38:33,917 [WARN] ModelIntegratedComponent:60 - No mode defined for component null
2022-09-19 11:38:33,917 [WARN] ModelIntegratedComponent:60 - No mode defined for component null
2022-09-19 11:38:33,921 [WARN] ModelIntegratedComponent:60 - No mode defined for component null
2022-09-19 11:38:33,921 [WARN] ModelIntegratedComponent:60 - No mode defined for component null
2022-09-19 11:38:33,921 [WARN] ModelIntegratedComponent:60 - No mode defined for component null
2022-09-19 11:38:33,921 [WARN] ModelIntegratedComponent:60 - No mode defined for component null
2022-09-19 11:38:33,921 [WARN] ModelIntegratedComponent:60 - No mode defined for component null
2022-09-19 11:38:33,921 [WARN] ModelIntegratedComponent:60 - No mode defined for component null
2022-09-19 11:38:33,921 [WARN] ModelIntegratedComponent:60 - No mode defined for component null
2022-09-19 11:38:33,921 [WARN] ModelIntegratedComponent:60 - No mode defined for component null
2022-09-19 11:38:33,921 [WARN] ModelIntegratedComponent:60 - No mode defined for component null
2022-09-19 11:38:33,921 [WARN] ModelIntegratedComponent:60 - No mode defined for component null
2022-09-19 11:38:33,921 [WARN] ModelIntegratedComponent:60 - No mode defined for component null
2022-09-19 11:38:33,921 [WARN] ModelIntegratedComponent:60 - No mode defined for component null
2022-09-19 11:38:33,921 [WARN] ModelIntegratedComponent:60 - No mode defined for component null
2022-09-19 11:38:33,921 [WARN] ModelIntegratedComponent:60 - No mode defined for component null
2022-09-19 11:38:33,921 [WARN] ModelIntegratedComponent:60 - No mode defined for component null
2022-09-19 11:38:33,921 [WARN] ModelIntegratedComponent:60 - No mode defined for component null
2022-09-19 11:38:33,921 [WARN] ModelIntegratedComponent:60 - No mode defined for component null
2022-09-19 11:38:33,921 [WARN] ModelIntegratedComponent:60 - No mode defined for component null
2022-09-19 11:38:33,921 [WARN] ModelIntegratedComponent:60 - No mode defined for component null
2022-09-19 11:38:33,921 [WARN] ModelIntegratedComponent:60 - No mode defined for component null
2022-09-19 11:38:33,921 [WARN] ModelIntegratedComponent:60 - No mode defined for component null
2022-09-19 11:38:33,921 [WARN] ModelIntegratedComponent:60 - No mode defined for component null
2022-09-19 11:38:33,921 [WARN] ModelIntegratedComponent:60 - No mode defined for component null
2022-09-19 11:38:33,921 [WARN] ModelIntegratedComponent:60 - No mode defined for component null
2022-09-19 11:38:33,925 [WARN] ApiManager:304 - Cannot register API 'Board Extension:NFC07A1' from pack STMicroelectronics.X-CUBE-NFC7.1.0.0: no header file found
2022-09-19 11:38:34,220 [WARN] ApiManager:304 - Cannot register API 'Board Extension:IKS01A3' from pack STMicroelectronics.X-CUBE-MEMS1.9.3.0: no header file found
2022-09-19 11:38:34,220 [WARN] ApiManager:304 - Cannot register API 'Board Extension:IKS01A2' from pack STMicroelectronics.X-CUBE-MEMS1.9.3.0: no header file found
2022-09-19 11:38:34,220 [WARN] ApiManager:304 - Cannot register API 'Board Extension:IKS02A1' from pack STMicroelectronics.X-CUBE-MEMS1.9.3.0: no header file found
2022-09-19 11:38:34,250 [WARN] ApiManager:304 - Cannot register API 'Wireless:BlueNRG-MS' from pack STMicroelectronics.X-CUBE-BLE1.6.2.3: no header file found
2022-09-19 11:38:34,261 [INFO] RtosManager:484 - Registered RTOS mode: class=CMSIS, group=RTOS, mode=CMSIS_V1, owner=FREERTOS
2022-09-19 11:38:34,261 [INFO] RtosManager:484 - Registered RTOS mode: class=CMSIS, group=RTOS2, mode=CMSIS_V2, owner=FREERTOS
2022-09-19 11:38:34,261 [INFO] RtosManager:484 - Registered RTOS mode: class=RTOS, group=Core, mode=CMSIS_V1, owner=FREERTOS
2022-09-19 11:38:34,261 [INFO] RtosManager:484 - Registered RTOS mode: class=RTOS, group=Core, mode=CMSIS_V2, owner=FREERTOS
2022-09-19 11:38:34,261 [WARN] ModelIntegratedComponent:181 - Missing modes for component STMicroelectronics:FreeRTOS:0.0.1:STMicroelectronics:RTOS:FreeRTOS:Core:::10.2.0:
2022-09-19 11:38:34,270 [WARN] ApiManager:304 - Cannot register API 'Board Extension:S2868A1' from pack STMicroelectronics.X-CUBE-SUBG2.5.0.0: no header file found
2022-09-19 11:38:34,274 [WARN] ApiManager:304 - Cannot register API 'Board Extension:S2868A2' from pack STMicroelectronics.X-CUBE-SUBG2.5.0.0: no header file found
2022-09-19 11:38:34,274 [WARN] ApiManager:304 - Cannot register API 'Board Extension:S2915A1' from pack STMicroelectronics.X-CUBE-SUBG2.5.0.0: no header file found
2022-09-19 11:38:34,278 [WARN] ApiManager:304 - Cannot register API 'Board Extension:EEPRMA1' from pack STMicroelectronics.X-CUBE-EEPRMA1.3.1.1: no header file found
2022-09-19 11:38:34,278 [WARN] ApiManager:304 - Cannot register API 'Board Extension:EEPRMA2' from pack STMicroelectronics.X-CUBE-EEPRMA1.3.1.1: no header file found
2022-09-19 11:38:34,278 [WARN] ApiManager:304 - Cannot register API 'Board Extension:S2868A1' from pack STMicroelectronics.X-CUBE-SFXS2LP1.4.0.0: no header file found
2022-09-19 11:38:34,282 [WARN] ApiManager:304 - Cannot register API 'Board Extension:S2868A2' from pack STMicroelectronics.X-CUBE-SFXS2LP1.4.0.0: no header file found
2022-09-19 11:38:34,282 [WARN] ApiManager:304 - Cannot register API 'Board Extension:S2915A1' from pack STMicroelectronics.X-CUBE-SFXS2LP1.4.0.0: no header file found
2022-09-19 11:38:34,283 [WARN] ApiManager:304 - Cannot register API 'Wireless:BlueNRG-2' from pack STMicroelectronics.X-CUBE-BLE2.3.3.0: no header file found
2022-09-19 11:38:34,283 [WARN] ApiManager:304 - Cannot register API 'Board Extension:NFC04A1' from pack STMicroelectronics.X-CUBE-NFC4.2.0.4: no header file found
2022-09-19 11:38:36,767 [INFO] UtilMem:74 - End LoadConfig() Used Memory: 595013800 Bytes (836763648)
2022-09-19 11:38:36,768 [WARN] ThirdParty:779 - waiting for thirdparty lock release [change project]
2022-09-19 11:38:36,768 [INFO] ThirdParty:781 - entering critical section [change project]
2022-09-19 11:38:36,768 [INFO] ThirdParty:967 - CMSIS Pack Vendor :RoweBots I-CUBE-UNISONRTOS 5.5.0-4
2022-09-19 11:38:36,768 [INFO] ThirdParty:967 - CMSIS Pack Vendor :STMicroelectronics X-CUBE-GNSS1 6.0.0
2022-09-19 11:38:36,768 [INFO] ThirdParty:967 - CMSIS Pack Vendor :STMicroelectronics X-CUBE-AZRTOS-H7 2.1.0
2022-09-19 11:38:36,768 [INFO] ThirdParty:967 - CMSIS Pack Vendor :STMicroelectronics USB_HOST 2.0.0
2022-09-19 11:38:36,768 [INFO] ThirdParty:967 - CMSIS Pack Vendor :STMicroelectronics X-CUBE-AZRTOS-F4 1.1.0
2022-09-19 11:38:36,772 [INFO] ThirdParty:967 - CMSIS Pack Vendor :STMicroelectronics X-CUBE-AZRTOS-G4 1.0.0
2022-09-19 11:38:36,772 [INFO] ThirdParty:967 - CMSIS Pack Vendor :STMicroelectronics X-CUBE-AZRTOS-L4 1.0.0
2022-09-19 11:38:36,772 [INFO] ThirdParty:967 - CMSIS Pack Vendor :STMicroelectronics USB_DEVICE 3.0.0
2022-09-19 11:38:36,772 [INFO] ThirdParty:967 - CMSIS Pack Vendor :wolfSSL I-CUBE-wolfSSL 5.5.0
2022-09-19 11:38:36,772 [INFO] ThirdParty:967 - CMSIS Pack Vendor :STMicroelectronics HAL Drivers 0.0.0
2022-09-19 11:38:36,772 [INFO] ThirdParty:967 - CMSIS Pack Vendor :STMicroelectronics MBEDTLS 2.16.2
2022-09-19 11:38:36,772 [INFO] ThirdParty:967 - CMSIS Pack Vendor :emotas I-CUBE-CANOPEN 1.1.2
2022-09-19 11:38:36,772 [INFO] ThirdParty:967 - CMSIS Pack Vendor :STMicroelectronics X-CUBE-TOUCHGFX 4.20.0
2022-09-19 11:38:36,772 [INFO] ThirdParty:967 - CMSIS Pack Vendor :STMicroelectronics MBEDTLS 2.14.1
2022-09-19 11:38:36,772 [INFO] ThirdParty:967 - CMSIS Pack Vendor :STMicroelectronics X-CUBE-NFC7 1.0.0
2022-09-19 11:38:36,772 [INFO] ThirdParty:967 - CMSIS Pack Vendor :STMicroelectronics X-CUBE-BLEMGR 1.0.0
2022-09-19 11:38:36,772 [INFO] ThirdParty:967 - CMSIS Pack Vendor :STMicroelectronics X-CUBE-AZRTOS-WL 1.0.0
2022-09-19 11:38:36,772 [INFO] ThirdParty:967 - CMSIS Pack Vendor :STMicroelectronics X-CUBE-AZRTOS-F7 1.1.0
2022-09-19 11:38:36,772 [INFO] ThirdParty:967 - CMSIS Pack Vendor :STMicroelectronics X-CUBE-MEMS1 9.3.0
2022-09-19 11:38:36,772 [INFO] ThirdParty:967 - CMSIS Pack Vendor :portGmbH I-Cube-SoM-uGOAL 1.1.0
2022-09-19 11:38:36,772 [INFO] ThirdParty:967 - CMSIS Pack Vendor :STMicroelectronics X-CUBE-ALS 1.0.1
2022-09-19 11:38:36,772 [INFO] ThirdParty:967 - CMSIS Pack Vendor :STMicroelectronics USB_DEVICE 2.0.0
2022-09-19 11:38:36,772 [INFO] ThirdParty:967 - CMSIS Pack Vendor :STMicroelectronics X-CUBE-AI 7.2.0
2022-09-19 11:38:36,772 [INFO] ThirdParty:967 - CMSIS Pack Vendor :STMicroelectronics X-CUBE-BLE1 6.2.3
2022-09-19 11:38:36,772 [INFO] ThirdParty:967 - CMSIS Pack Vendor :STMicroelectronics X-CUBE-ALGOBUILD 1.3.0
2022-09-19 11:38:36,772 [INFO] ThirdParty:967 - CMSIS Pack Vendor :STMicroelectronics X-CUBE-AZRTOS-L5 1.0.0
2022-09-19 11:38:36,772 [INFO] ThirdParty:967 - CMSIS Pack Vendor :STMicroelectronics FreeRTOS 0.0.1
2022-09-19 11:38:36,772 [INFO] ThirdParty:967 - CMSIS Pack Vendor :STMicroelectronics X-CUBE-AZRTOS-G0 1.1.0
2022-09-19 11:38:36,772 [INFO] ThirdParty:967 - CMSIS Pack Vendor :STMicroelectronics USB_DEVICE 1.0.0
2022-09-19 11:38:36,772 [INFO] ThirdParty:967 - CMSIS Pack Vendor :STMicroelectronics X-CUBE-SUBG2 5.0.0
2022-09-19 11:38:36,772 [INFO] ThirdParty:967 - CMSIS Pack Vendor :SEGGER I-CUBE-embOS 1.2.0
2022-09-19 11:38:36,772 [INFO] ThirdParty:967 - CMSIS Pack Vendor :STMicroelectronics X-CUBE-EEPRMA1 3.1.1
2022-09-19 11:38:36,772 [INFO] ThirdParty:967 - CMSIS Pack Vendor :STMicroelectronics ThreadX 0.0.2
2022-09-19 11:38:36,772 [INFO] ThirdParty:967 - CMSIS Pack Vendor :STMicroelectronics lwIP 2.0.3
2022-09-19 11:38:36,772 [INFO] ThirdParty:967 - CMSIS Pack Vendor :STMicroelectronics lwIP 2.1.2
2022-09-19 11:38:36,772 [INFO] ThirdParty:967 - CMSIS Pack Vendor :STMicroelectronics X-CUBE-SFXS2LP1 4.0.0
2022-09-19 11:38:36,772 [INFO] ThirdParty:967 - CMSIS Pack Vendor :STMicroelectronics X-CUBE-BLE2 3.3.0
2022-09-19 11:38:36,772 [INFO] ThirdParty:967 - CMSIS Pack Vendor :STMicroelectronics X-CUBE-NFC4 2.0.4
2022-09-19 11:38:36,772 [INFO] ThirdParty:967 - CMSIS Pack Vendor :STMicroelectronics USB_HOST 1.0.0
2022-09-19 11:38:36,772 [INFO] ThirdParty:967 - CMSIS Pack Vendor :STMicroelectronics X-CUBE-DISPLAY 2.2.0
2022-09-19 11:38:36,772 [INFO] ThirdParty:967 - CMSIS Pack Vendor :STMicroelectronics PDM2PCM 3.1.0
2022-09-19 11:38:36,772 [INFO] ThirdParty:967 - CMSIS Pack Vendor :STMicroelectronics FP-ATR-ASTRA1 1.1.1
2022-09-19 11:38:36,772 [INFO] ThirdParty:967 - CMSIS Pack Vendor :STMicroelectronics PDM2PCM 3.2.0
2022-09-19 11:38:36,772 [INFO] ThirdParty:967 - CMSIS Pack Vendor :STMicroelectronics PDM2PCM 3.3.0
2022-09-19 11:38:36,772 [INFO] ThirdParty:967 - CMSIS Pack Vendor :STMicroelectronics X-CUBE-TOF1 3.1.0
2022-09-19 11:38:36,772 [INFO] ThirdParty:967 - CMSIS Pack Vendor :STMicroelectronics X-CUBE-ISPU 1.0.0
2022-09-19 11:38:36,772 [INFO] ThirdParty:787 - exiting critical section [change project]
2022-09-19 11:38:37,294 [INFO] PinOutPanel:1463 - setPackage(No Configuration,No Configuration)
2022-09-19 11:38:37,296 [INFO] PinOutPanel:1463 - setPackage(STM32F103C6Ux,UFQFPN48)
2022-09-19 11:38:38,034 [INFO] UtilMem:74 - Before build in PCC Used Memory: 618690248 Bytes (852492288)
2022-09-19 11:38:39,477 [INFO] UtilMem:74 - After build in PCC Used Memory: 673925632 Bytes (852492288)
2022-09-19 11:38:39,539 [INFO] IPUIPlugin:74 - create IPUIPlugin
2022-09-19 11:38:39,539 [INFO] IPUIPlugin:74 - create IPUIPlugin
2022-09-19 11:38:39,539 [INFO] IPUIPlugin:74 - create IPUIPlugin
2022-09-19 11:38:39,539 [INFO] IPUIPlugin:74 - create IPUIPlugin
2022-09-19 11:38:39,539 [INFO] IPUIPlugin:74 - create IPUIPlugin
2022-09-19 11:38:39,539 [INFO] IPUIPlugin:74 - create IPUIPlugin
2022-09-19 11:38:39,544 [INFO] IPUIPlugin:74 - create IPUIPlugin
2022-09-19 11:38:39,544 [INFO] IPUIPlugin:74 - create IPUIPlugin
2022-09-19 11:38:39,544 [INFO] IPUIPlugin:74 - create IPUIPlugin
2022-09-19 11:38:39,546 [INFO] IPUIPlugin:74 - create IPUIPlugin
2022-09-19 11:38:39,546 [INFO] IPUIPlugin:74 - create IPUIPlugin
2022-09-19 11:38:39,546 [INFO] IPUIPlugin:74 - create IPUIPlugin
2022-09-19 11:38:39,546 [INFO] IPUIPlugin:74 - create IPUIPlugin
2022-09-19 11:38:39,550 [INFO] IPUIPlugin:74 - create IPUIPlugin
2022-09-19 11:38:39,550 [INFO] IPUIPlugin:74 - create IPUIPlugin
2022-09-19 11:38:39,550 [INFO] IPUIPlugin:74 - create IPUIPlugin
2022-09-19 11:38:39,550 [INFO] IPUIPlugin:74 - create IPUIPlugin
2022-09-19 11:38:39,554 [INFO] IPUIPlugin:74 - create IPUIPlugin
2022-09-19 11:38:39,554 [INFO] IPUIPlugin:74 - create IPUIPlugin
2022-09-19 11:38:39,554 [INFO] IPUIPlugin:74 - create IPUIPlugin
2022-09-19 11:38:39,558 [INFO] IPUIPlugin:74 - create IPUIPlugin
2022-09-19 11:38:39,558 [INFO] IPUIPlugin:74 - create IPUIPlugin
2022-09-19 11:38:39,562 [INFO] IPUIPlugin:74 - create IPUIPlugin
2022-09-19 11:38:39,853 [INFO] OpenFileManager:333 - Restore cursor
2022-09-19 11:38:40,626 [INFO] UtilMem:74 - End SaveConfig() Used Memory: 671116288 Bytes (852492288)
2022-09-19 11:38:40,720 [INFO] UtilMem:74 - End SaveConfig() Used Memory: 687550376 Bytes (852492288)
2022-09-19 11:38:41,277 [INFO] BlockDiagram:2740 - set Specific Code input for plugin: NVIC
2022-09-19 11:38:41,282 [INFO] BlockDiagram:2740 - set Specific Code input for plugin: SYS
2022-09-19 11:38:41,282 [INFO] BlockDiagram:2740 - set Specific Code input for plugin: RCC
2022-09-19 11:38:41,282 [INFO] CodeGenerator:663 - code generatio: config db path: C:\ST\STM32CubeIDE_1.7.0\STM32CubeIDE\plugins\com.st.stm32cube.common.mx_6.3.0.202107141111\\db\
2022-09-19 11:38:41,772 [INFO] CodeEngine:239 - oldGeneratedFile, C:\MCU\Lab1\Ex1\STM\TWO_LED\MXTmpFiles\license.tmp_save
2022-09-19 11:38:42,360 [INFO] CodeEngine:257 - Generated code: C:\MCU\Lab1\Ex1\STM\TWO_LED\MXTmpFiles\license.tmp
2022-09-19 11:38:42,512 [INFO] CodeEngine:239 - oldGeneratedFile, C:\MCU\Lab1\Ex1\STM\TWO_LED\Core\Src\stm32f1xx_it.c_save
2022-09-19 11:38:42,702 [INFO] CodeEngine:257 - Generated code: C:\MCU\Lab1\Ex1\STM\TWO_LED\Core\Src\stm32f1xx_it.c
2022-09-19 11:38:42,706 [INFO] CodeEngine:239 - oldGeneratedFile, C:\MCU\Lab1\Ex1\STM\TWO_LED\Core\Inc\stm32f1xx_it.h_save
2022-09-19 11:38:42,831 [INFO] CodeEngine:257 - Generated code: C:\MCU\Lab1\Ex1\STM\TWO_LED\Core\Inc\stm32f1xx_it.h
2022-09-19 11:38:42,850 [INFO] CodeEngine:239 - oldGeneratedFile, C:\MCU\Lab1\Ex1\STM\TWO_LED\Core\Src\stm32f1xx_hal_msp.c_save
2022-09-19 11:38:43,031 [INFO] CodeEngine:257 - Generated code: C:\MCU\Lab1\Ex1\STM\TWO_LED\Core\Src\stm32f1xx_hal_msp.c
2022-09-19 11:38:43,041 [INFO] CodeEngine:239 - oldGeneratedFile, C:\MCU\Lab1\Ex1\STM\TWO_LED\MXTmpFiles\system.tmp_save
2022-09-19 11:38:43,140 [INFO] CodeEngine:257 - Generated code: C:\MCU\Lab1\Ex1\STM\TWO_LED\MXTmpFiles\system.tmp
2022-09-19 11:38:43,162 [INFO] CodeEngine:239 - oldGeneratedFile, C:\MCU\Lab1\Ex1\STM\TWO_LED\Core\Inc\stm32f1xx_hal_conf.h_save
2022-09-19 11:38:43,313 [INFO] CodeEngine:257 - Generated code: C:\MCU\Lab1\Ex1\STM\TWO_LED\Core\Inc\stm32f1xx_hal_conf.h
2022-09-19 11:38:43,370 [INFO] CodeEngine:239 - oldGeneratedFile, C:\MCU\Lab1\Ex1\STM\TWO_LED\Core\Inc\main.h_save
2022-09-19 11:38:43,525 [INFO] CodeEngine:257 - Generated code: C:\MCU\Lab1\Ex1\STM\TWO_LED\Core\Inc\main.h
2022-09-19 11:38:43,529 [INFO] CodeEngine:239 - oldGeneratedFile, C:\MCU\Lab1\Ex1\STM\TWO_LED\Core\Src\main.c_save
2022-09-19 11:38:43,807 [INFO] CodeEngine:257 - Generated code: C:\MCU\Lab1\Ex1\STM\TWO_LED\Core\Src\main.c
2022-09-19 11:38:45,343 [INFO] ProjectBuilder:2578 - Time for Copy HAL[1] : 263mS.
2022-09-19 11:38:45,354 [INFO] ProjectBuilder:3622 - Project Generator version: 3.14.1
2022-09-19 11:38:46,034 [INFO] ConfigFileManager:1271 - The Die is : DIE412
2022-09-19 11:38:46,062 [INFO] ApiDbMcu:468 - Load IP Config File for FATFS
2022-09-19 11:38:46,098 [INFO] ApiDbMcu:468 - Load IP Config File for FREERTOS
2022-09-19 11:38:46,133 [INFO] ApiDbMcu:468 - Load IP Config File for USB_DEVICE
2022-09-19 11:38:50,580 [INFO] ProjectBuilder:3789 - Time for Generating toolchain IDE Files: 5226mS.
2022-09-19 11:38:50,583 [INFO] ProjectBuilder:2457 - Time for Copy CMSIS : 3mS.
2022-09-19 11:38:50,586 [INFO] ProjectBuilder:2457 - Time for Copy CMSIS : 0mS.
2022-09-19 11:38:51,383 [INFO] McuFinderGlobals:52 - Set McuFinderConnectedMode to true
2022-09-19 11:38:51,383 [INFO] ApiDb:276 - Save user favorites file C:\Users\A.Tuan/.stm32cubeide/favorites.mcus.txt: 0 item(s)
2022-09-19 11:38:51,387 [INFO] ApiDb:280 - User favorites MCUs=[]
2022-09-19 11:39:29,368 [INFO] Gpio:254 - dependency for GPIO []
2022-09-19 11:40:13,418 [INFO] UtilMem:74 - End SaveConfig() Used Memory: 577206416 Bytes (973078528)
2022-09-19 11:40:14,758 [INFO] UtilMem:74 - End SaveConfig() Used Memory: 598888968 Bytes (973078528)
2022-09-19 11:40:17,820 [INFO] UtilMem:74 - End SaveConfig() Used Memory: 604219344 Bytes (973078528)
2022-09-19 11:40:18,160 [INFO] BlockDiagram:2740 - set Specific Code input for plugin: NVIC
2022-09-19 11:40:18,160 [INFO] BlockDiagram:2740 - set Specific Code input for plugin: SYS
2022-09-19 11:40:18,160 [INFO] BlockDiagram:2740 - set Specific Code input for plugin: GPIO
2022-09-19 11:40:18,160 [INFO] BlockDiagram:2740 - set Specific Code input for plugin: RCC
2022-09-19 11:40:18,163 [INFO] CodeGenerator:663 - code generatio: config db path: C:\ST\STM32CubeIDE_1.7.0\STM32CubeIDE\plugins\com.st.stm32cube.common.mx_6.3.0.202107141111\\db\
2022-09-19 11:40:18,534 [INFO] CodeEngine:239 - oldGeneratedFile, C:\MCU\Lab1\Ex1\STM\TWO_LED\MXTmpFiles\license.tmp_save
2022-09-19 11:40:18,616 [INFO] CodeEngine:257 - Generated code: C:\MCU\Lab1\Ex1\STM\TWO_LED\MXTmpFiles\license.tmp
2022-09-19 11:40:18,666 [INFO] CodeEngine:239 - oldGeneratedFile, C:\MCU\Lab1\Ex1\STM\TWO_LED\MXTmpFiles\gpio.tmp_save
2022-09-19 11:40:18,770 [INFO] CodeEngine:257 - Generated code: C:\MCU\Lab1\Ex1\STM\TWO_LED\MXTmpFiles\gpio.tmp
2022-09-19 11:40:18,825 [INFO] CodeEngine:239 - oldGeneratedFile, C:\MCU\Lab1\Ex1\STM\TWO_LED\Core\Src\stm32f1xx_it.c_save
2022-09-19 11:40:18,986 [INFO] CodeEngine:257 - Generated code: C:\MCU\Lab1\Ex1\STM\TWO_LED\Core\Src\stm32f1xx_it.c
2022-09-19 11:40:18,996 [INFO] CodeEngine:239 - oldGeneratedFile, C:\MCU\Lab1\Ex1\STM\TWO_LED\Core\Inc\stm32f1xx_it.h_save
2022-09-19 11:40:19,076 [INFO] CodeEngine:257 - Generated code: C:\MCU\Lab1\Ex1\STM\TWO_LED\Core\Inc\stm32f1xx_it.h
2022-09-19 11:40:19,101 [INFO] CodeEngine:239 - oldGeneratedFile, C:\MCU\Lab1\Ex1\STM\TWO_LED\Core\Src\stm32f1xx_hal_msp.c_save
2022-09-19 11:40:19,257 [INFO] CodeEngine:257 - Generated code: C:\MCU\Lab1\Ex1\STM\TWO_LED\Core\Src\stm32f1xx_hal_msp.c
2022-09-19 11:40:19,267 [INFO] CodeEngine:239 - oldGeneratedFile, C:\MCU\Lab1\Ex1\STM\TWO_LED\MXTmpFiles\system.tmp_save
2022-09-19 11:40:19,450 [INFO] CodeEngine:257 - Generated code: C:\MCU\Lab1\Ex1\STM\TWO_LED\MXTmpFiles\system.tmp
2022-09-19 11:40:19,486 [INFO] CodeEngine:239 - oldGeneratedFile, C:\MCU\Lab1\Ex1\STM\TWO_LED\Core\Inc\stm32f1xx_hal_conf.h_save
2022-09-19 11:40:19,645 [INFO] CodeEngine:257 - Generated code: C:\MCU\Lab1\Ex1\STM\TWO_LED\Core\Inc\stm32f1xx_hal_conf.h
2022-09-19 11:40:19,715 [INFO] CodeEngine:239 - oldGeneratedFile, C:\MCU\Lab1\Ex1\STM\TWO_LED\Core\Inc\main.h_save
2022-09-19 11:40:19,908 [INFO] CodeEngine:257 - Generated code: C:\MCU\Lab1\Ex1\STM\TWO_LED\Core\Inc\main.h
2022-09-19 11:40:19,931 [INFO] CodeEngine:239 - oldGeneratedFile, C:\MCU\Lab1\Ex1\STM\TWO_LED\Core\Src\main.c_save
2022-09-19 11:40:20,144 [INFO] CodeEngine:257 - Generated code: C:\MCU\Lab1\Ex1\STM\TWO_LED\Core\Src\main.c
2022-09-19 11:40:21,167 [INFO] ProjectBuilder:2578 - Time for Copy HAL[1] : 151mS.
2022-09-19 11:40:21,176 [INFO] ProjectBuilder:3622 - Project Generator version: 3.14.1
2022-09-19 11:40:21,800 [INFO] ConfigFileManager:1271 - The Die is : DIE412
2022-09-19 11:40:24,002 [INFO] ProjectBuilder:3789 - Time for Generating toolchain IDE Files: 2826mS.
2022-09-19 11:40:24,004 [INFO] ProjectBuilder:2457 - Time for Copy CMSIS : 2mS.
2022-09-19 11:40:24,006 [INFO] ProjectBuilder:2457 - Time for Copy CMSIS : 0mS.
2022-09-19 12:02:27,027 [INFO] Activator:177 - 


2022-09-19 12:02:27,033 [INFO] Activator:178 - !SESSION log4j initialized
2022-09-20 07:28:34,095 [INFO] Activator:177 - 


2022-09-20 07:28:34,097 [INFO] Activator:178 - !SESSION log4j initialized
2022-09-20 08:12:35,717 [INFO] Activator:177 - 


2022-09-20 08:12:35,720 [INFO] Activator:178 - !SESSION log4j initialized
2022-09-20 09:18:15,522 [INFO] Activator:177 - 


2022-09-20 09:18:15,524 [INFO] Activator:178 - !SESSION log4j initialized
2022-09-20 09:21:35,270 [INFO] RetryExec:97 - I/O exception (java.net.SocketException) caught when processing request to {s}->https://sw-center.st.com:443: Socket operation on nonsocket: configureBlocking
2022-09-20 09:21:35,273 [INFO] RetryExec:113 - Retrying request to {s}->https://sw-center.st.com:443
2022-10-03 13:14:13,668 [INFO] Activator:177 - 


2022-10-03 13:14:13,683 [INFO] Activator:178 - !SESSION log4j initialized
2022-10-03 13:15:07,883 [INFO] Activator:177 - 


2022-10-03 13:15:07,883 [INFO] Activator:178 - !SESSION log4j initialized
