2022-10-01 14:51:36,000 [INFO] Activator:177 - 


2022-10-01 14:51:36,003 [INFO] Activator:178 - !SESSION log4j initialized
2022-10-01 14:53:18,487 [INFO] McuFinderGlobals:39 - Set McuFinder mode to 2 (CubeIDE integrated)
2022-10-01 14:53:19,038 [INFO] ApplicationProperties:181 - Using Application install path: C:\ST\STM32CubeIDE_1.7.0\STM32CubeIDE\plugins\com.st.stm32cube.common.mx_6.3.0.202107141111
2022-10-01 14:53:19,058 [INFO] DbMcusXml:74 - Set database path to: C:\ST\STM32CubeIDE_1.7.0\STM32CubeIDE\plugins\com.st.stm32cube.common.mx_6.3.0.202107141111\\db\/mcu/
2022-10-01 14:53:19,063 [INFO] DbBoardsPdsc:56 - Set plugin database path to: C:\ST\STM32CubeIDE_1.7.0\STM32CubeIDE\plugins\com.st.stm32cube.common.mx_6.3.0.202107141111\\db\/plugins/boardmanager/
2022-10-01 14:53:19,064 [INFO] DbMcus:258 - Set plugin images path to: C:\ST\STM32CubeIDE_1.7.0\STM32CubeIDE\plugins\com.st.stm32cube.common.mx_6.3.0.202107141111\\db\/plugins/mcufinder/images/
2022-10-01 14:53:19,064 [INFO] DbBoards:264 - Set plugin images path to: C:\ST\STM32CubeIDE_1.7.0\STM32CubeIDE\plugins\com.st.stm32cube.common.mx_6.3.0.202107141111\\db\/plugins/mcufinder/images/
2022-10-01 14:53:19,068 [INFO] DbExamples:333 - Set plugin images path to: C:\ST\STM32CubeIDE_1.7.0\STM32CubeIDE\plugins\com.st.stm32cube.common.mx_6.3.0.202107141111\\db\/plugins/mcufinder/images/
2022-10-01 14:53:19,075 [INFO] DbMcusAds:119 - Set database path to: C:\Users\A.Tuan\.stmcufinder\plugins\mcufinder//mcu/
2022-10-01 14:53:19,078 [INFO] DbMcusDocs:110 - Set database path to: C:\Users\A.Tuan\.stmcufinder\plugins\mcufinder//mcu/
2022-10-01 14:53:19,081 [INFO] DbMcusJson:64 - Set database path to: C:\Users\A.Tuan\.stmcufinder\plugins\mcufinder//mcu/
2022-10-01 14:53:19,082 [INFO] DbBoardsDocs:110 - Set database path to: C:\Users\A.Tuan\.stmcufinder\plugins\mcufinder//mcu/
2022-10-01 14:53:19,083 [INFO] DbBoardsJson:57 - Set database path to: C:\Users\A.Tuan\.stmcufinder\plugins\mcufinder//mcu/
2022-10-01 14:53:19,091 [INFO] CrossReferenceDbSqlite:196 - Set database path to: C:\Users\A.Tuan\.stmcufinder\plugins\mcufinder//mcu/cs/
2022-10-01 14:53:19,095 [INFO] DbExamplesSqlite:767 - Set database path to: C:\Users\A.Tuan\.stmcufinder\plugins\mcufinder//mcu/
2022-10-01 14:53:19,243 [INFO] RulesReader:57 - Compatibility file has been processed (242 Rules)
2022-10-01 14:53:19,412 [INFO] DbMcusXml:74 - Set database path to: C:\ST\STM32CubeIDE_1.7.0\STM32CubeIDE\plugins\com.st.stm32cube.common.mx_6.3.0.202107141111\\db\/mcu/
2022-10-01 14:53:19,414 [INFO] DbBoardsPdsc:56 - Set plugin database path to: C:\ST\STM32CubeIDE_1.7.0\STM32CubeIDE\plugins\com.st.stm32cube.common.mx_6.3.0.202107141111\\db\/plugins/boardmanager/
2022-10-01 14:53:19,414 [INFO] DbMcus:258 - Set plugin images path to: C:\ST\STM32CubeIDE_1.7.0\STM32CubeIDE\plugins\com.st.stm32cube.common.mx_6.3.0.202107141111\\db\/plugins/mcufinder/images/
2022-10-01 14:53:19,414 [INFO] DbBoards:264 - Set plugin images path to: C:\ST\STM32CubeIDE_1.7.0\STM32CubeIDE\plugins\com.st.stm32cube.common.mx_6.3.0.202107141111\\db\/plugins/mcufinder/images/
2022-10-01 14:53:19,415 [INFO] DbExamples:333 - Set plugin images path to: C:\ST\STM32CubeIDE_1.7.0\STM32CubeIDE\plugins\com.st.stm32cube.common.mx_6.3.0.202107141111\\db\/plugins/mcufinder/images/
2022-10-01 14:53:19,415 [WARN] DbFile:35 - Overriding database path with different value: C:\Users\A.Tuan\.stmcufinder\plugins\mcufinder/ => C:\Users\A.Tuan\.stmcufinder\plugins\mcufinder
2022-10-01 14:53:19,415 [INFO] DbMcusAds:119 - Set database path to: C:\Users\A.Tuan\.stmcufinder\plugins\mcufinder//mcu/
2022-10-01 14:53:19,415 [WARN] DbFile:35 - Overriding database path with different value: C:\Users\A.Tuan\.stmcufinder\plugins\mcufinder/ => C:\Users\A.Tuan\.stmcufinder\plugins\mcufinder
2022-10-01 14:53:19,416 [INFO] DbMcusDocs:110 - Set database path to: C:\Users\A.Tuan\.stmcufinder\plugins\mcufinder//mcu/
2022-10-01 14:53:19,416 [WARN] DbFile:35 - Overriding database path with different value: C:\Users\A.Tuan\.stmcufinder\plugins\mcufinder/ => C:\Users\A.Tuan\.stmcufinder\plugins\mcufinder
2022-10-01 14:53:19,416 [INFO] DbMcusJson:64 - Set database path to: C:\Users\A.Tuan\.stmcufinder\plugins\mcufinder//mcu/
2022-10-01 14:53:19,416 [WARN] DbFile:35 - Overriding database path with different value: C:\Users\A.Tuan\.stmcufinder\plugins\mcufinder/ => C:\Users\A.Tuan\.stmcufinder\plugins\mcufinder
2022-10-01 14:53:19,417 [INFO] DbBoardsDocs:110 - Set database path to: C:\Users\A.Tuan\.stmcufinder\plugins\mcufinder//mcu/
2022-10-01 14:53:19,417 [WARN] DbFile:35 - Overriding database path with different value: C:\Users\A.Tuan\.stmcufinder\plugins\mcufinder/ => C:\Users\A.Tuan\.stmcufinder\plugins\mcufinder
2022-10-01 14:53:19,417 [INFO] DbBoardsJson:57 - Set database path to: C:\Users\A.Tuan\.stmcufinder\plugins\mcufinder//mcu/
2022-10-01 14:53:19,417 [WARN] DbFile:35 - Overriding database path with different value: C:\Users\A.Tuan\.stmcufinder\plugins\mcufinder/ => C:\Users\A.Tuan\.stmcufinder\plugins\mcufinder
2022-10-01 14:53:19,417 [WARN] DbFile:35 - Overriding database path with different value: C:\Users\A.Tuan\.stmcufinder\plugins\mcufinder/ => C:\Users\A.Tuan\.stmcufinder\plugins\mcufinder
2022-10-01 14:53:19,417 [INFO] CrossReferenceDbSqlite:196 - Set database path to: C:\Users\A.Tuan\.stmcufinder\plugins\mcufinder//mcu/cs/
2022-10-01 14:53:19,417 [WARN] DbFile:35 - Overriding database path with different value: C:\Users\A.Tuan\.stmcufinder\plugins\mcufinder/ => C:\Users\A.Tuan\.stmcufinder\plugins\mcufinder
2022-10-01 14:53:19,418 [INFO] DbExamplesSqlite:767 - Set database path to: C:\Users\A.Tuan\.stmcufinder\plugins\mcufinder//mcu/
2022-10-01 14:53:19,635 [INFO] MainPanel:214 - HeapMemory: 479199232
2022-10-01 14:53:19,782 [INFO] DbMcusXml:74 - Set database path to: C:\ST\STM32CubeIDE_1.7.0\STM32CubeIDE\plugins\com.st.stm32cube.common.mx_6.3.0.202107141111\\db\/mcu/
2022-10-01 14:53:19,782 [INFO] DbBoardsPdsc:56 - Set plugin database path to: C:\ST\STM32CubeIDE_1.7.0\STM32CubeIDE\plugins\com.st.stm32cube.common.mx_6.3.0.202107141111\\db\/plugins/boardmanager/
2022-10-01 14:53:19,782 [INFO] DbMcus:258 - Set plugin images path to: C:\ST\STM32CubeIDE_1.7.0\STM32CubeIDE\plugins\com.st.stm32cube.common.mx_6.3.0.202107141111\\db\/plugins/mcufinder/images/
2022-10-01 14:53:19,782 [INFO] DbBoards:264 - Set plugin images path to: C:\ST\STM32CubeIDE_1.7.0\STM32CubeIDE\plugins\com.st.stm32cube.common.mx_6.3.0.202107141111\\db\/plugins/mcufinder/images/
2022-10-01 14:53:19,782 [INFO] DbExamples:333 - Set plugin images path to: C:\ST\STM32CubeIDE_1.7.0\STM32CubeIDE\plugins\com.st.stm32cube.common.mx_6.3.0.202107141111\\db\/plugins/mcufinder/images/
2022-10-01 14:53:19,783 [WARN] DbFile:35 - Overriding database path with different value: C:\Users\A.Tuan\.stmcufinder\plugins\mcufinder/ => C:\Users\A.Tuan\.stmcufinder\plugins\mcufinder
2022-10-01 14:53:19,784 [INFO] DbMcusAds:119 - Set database path to: C:\Users\A.Tuan\.stmcufinder\plugins\mcufinder//mcu/
2022-10-01 14:53:19,784 [WARN] DbFile:35 - Overriding database path with different value: C:\Users\A.Tuan\.stmcufinder\plugins\mcufinder/ => C:\Users\A.Tuan\.stmcufinder\plugins\mcufinder
2022-10-01 14:53:19,784 [INFO] DbMcusDocs:110 - Set database path to: C:\Users\A.Tuan\.stmcufinder\plugins\mcufinder//mcu/
2022-10-01 14:53:19,784 [WARN] DbFile:35 - Overriding database path with different value: C:\Users\A.Tuan\.stmcufinder\plugins\mcufinder/ => C:\Users\A.Tuan\.stmcufinder\plugins\mcufinder
2022-10-01 14:53:19,784 [INFO] DbMcusJson:64 - Set database path to: C:\Users\A.Tuan\.stmcufinder\plugins\mcufinder//mcu/
2022-10-01 14:53:19,784 [WARN] DbFile:35 - Overriding database path with different value: C:\Users\A.Tuan\.stmcufinder\plugins\mcufinder/ => C:\Users\A.Tuan\.stmcufinder\plugins\mcufinder
2022-10-01 14:53:19,784 [INFO] DbBoardsDocs:110 - Set database path to: C:\Users\A.Tuan\.stmcufinder\plugins\mcufinder//mcu/
2022-10-01 14:53:19,784 [WARN] DbFile:35 - Overriding database path with different value: C:\Users\A.Tuan\.stmcufinder\plugins\mcufinder/ => C:\Users\A.Tuan\.stmcufinder\plugins\mcufinder
2022-10-01 14:53:19,784 [INFO] DbBoardsJson:57 - Set database path to: C:\Users\A.Tuan\.stmcufinder\plugins\mcufinder//mcu/
2022-10-01 14:53:19,785 [WARN] DbFile:35 - Overriding database path with different value: C:\Users\A.Tuan\.stmcufinder\plugins\mcufinder/ => C:\Users\A.Tuan\.stmcufinder\plugins\mcufinder
2022-10-01 14:53:19,785 [WARN] DbFile:35 - Overriding database path with different value: C:\Users\A.Tuan\.stmcufinder\plugins\mcufinder/ => C:\Users\A.Tuan\.stmcufinder\plugins\mcufinder
2022-10-01 14:53:19,785 [INFO] CrossReferenceDbSqlite:196 - Set database path to: C:\Users\A.Tuan\.stmcufinder\plugins\mcufinder//mcu/cs/
2022-10-01 14:53:19,785 [WARN] DbFile:35 - Overriding database path with different value: C:\Users\A.Tuan\.stmcufinder\plugins\mcufinder/ => C:\Users\A.Tuan\.stmcufinder\plugins\mcufinder
2022-10-01 14:53:19,785 [INFO] DbExamplesSqlite:767 - Set database path to: C:\Users\A.Tuan\.stmcufinder\plugins\mcufinder//mcu/
2022-10-01 14:53:19,814 [INFO] ApplicationProperties:181 - Using Application install path: C:\ST\STM32CubeIDE_1.7.0\STM32CubeIDE\plugins\com.st.stm32cube.common.mx_6.3.0.202107141111
2022-10-01 14:53:19,815 [INFO] PluginManage:188 - Search for loadable plugins [exclusion list=, ]
2022-10-01 14:53:19,816 [INFO] PluginManage:302 - Check plugin analytics
2022-10-01 14:53:20,018 [INFO] AnalyticsPlugin:257 - Accepted Software Licenses: 
2022-10-01 14:53:20,020 [INFO] AnalyticsPlugin:259 - Accepted CMSIS Pack Licenses: 
2022-10-01 14:53:20,020 [INFO] AnalyticsPlugin:261 - Accepted Firmware Licenses: 
2022-10-01 14:53:20,021 [INFO] PluginManage:352 - Loaded plugin analytics (category:tool,tabindex:-1)
2022-10-01 14:53:20,021 [INFO] PluginManage:302 - Check plugin clock
2022-10-01 14:53:20,045 [INFO] PluginManage:352 - Loaded plugin clock (category:base,tabindex:2)
2022-10-01 14:53:20,046 [INFO] PluginManage:302 - Check plugin ddr
2022-10-01 14:53:20,049 [INFO] PluginManage:352 - Loaded plugin ddr (category:tool,tabindex:6)
2022-10-01 14:53:20,049 [INFO] PluginManage:302 - Check plugin filemanager
2022-10-01 14:53:20,219 [INFO] PluginManage:352 - Loaded plugin filemanager (category:base,tabindex:10)
2022-10-01 14:53:20,220 [INFO] PluginManage:302 - Check plugin ipmanager
2022-10-01 14:53:20,236 [INFO] PluginManage:352 - Loaded plugin ipmanager (category:base,tabindex:5)
2022-10-01 14:53:20,236 [INFO] PluginManage:302 - Check plugin pinoutandconfiguration
2022-10-01 14:53:20,257 [INFO] PluginManage:352 - Loaded plugin pinoutandconfiguration (category:base,tabindex:1)
2022-10-01 14:53:20,257 [INFO] PluginManage:302 - Check plugin pinoutconfig
2022-10-01 14:53:20,310 [INFO] PluginManage:352 - Loaded plugin pinoutconfig (category:base,tabindex:0)
2022-10-01 14:53:20,311 [INFO] PluginManage:302 - Check plugin power
2022-10-01 14:53:20,335 [INFO] PluginManage:352 - Loaded plugin power (category:power,tabindex:4)
2022-10-01 14:53:20,335 [INFO] PluginManage:302 - Check plugin projectmanager
2022-10-01 14:53:20,355 [INFO] PluginManage:352 - Loaded plugin projectmanager (category:projectmanager,tabindex:3)
2022-10-01 14:53:20,355 [INFO] PluginManage:302 - Check plugin thirdparty
2022-10-01 14:53:20,651 [WARN] IntegrityCheckThread:78 - waiting for thirdparty lock release [integrity check]
2022-10-01 14:53:20,651 [INFO] PluginManage:352 - Loaded plugin thirdparty (category:base,tabindex:-1)
2022-10-01 14:53:20,652 [INFO] PluginManage:302 - Check plugin tools
2022-10-01 14:53:20,652 [INFO] IntegrityCheckThread:80 - entering critical section [integrity check]
2022-10-01 14:53:20,653 [INFO] ThirdPartyUpdaterWithRetryManager:66 - Updater plugin not ready yet. [1/15]
2022-10-01 14:53:20,707 [INFO] PluginManage:352 - Loaded plugin tools (category:base,tabindex:7)
2022-10-01 14:53:20,707 [INFO] PluginManage:302 - Check plugin tutovideos
2022-10-01 14:53:21,059 [INFO] PluginManage:352 - Loaded plugin tutovideos (category:base,tabindex:-1)
2022-10-01 14:53:21,059 [INFO] PluginManage:302 - Check plugin updater
2022-10-01 14:53:21,088 [INFO] PluginManage:352 - Loaded plugin updater (category:base,tabindex:12)
2022-10-01 14:53:21,089 [INFO] PluginManage:275 - PluginManage : Loaded plugins [13]
2022-10-01 14:53:21,502 [INFO] PinOutPanel:1463 - setPackage(No Configuration,No Configuration)
2022-10-01 14:53:21,650 [INFO] IPUIPlugin:74 - create IPUIPlugin
2022-10-01 14:53:21,650 [INFO] PluginManager:213 - loadIPPluginJar : add adc
2022-10-01 14:53:21,690 [INFO] IPUIPlugin:74 - create IPUIPlugin
2022-10-01 14:53:21,691 [INFO] PluginManager:213 - loadIPPluginJar : add aes
2022-10-01 14:53:21,734 [INFO] IPUIPlugin:74 - create IPUIPlugin
2022-10-01 14:53:21,734 [INFO] PluginManager:213 - loadIPPluginJar : add can
2022-10-01 14:53:21,771 [INFO] IPUIPlugin:74 - create IPUIPlugin
2022-10-01 14:53:21,772 [INFO] PluginManager:213 - loadIPPluginJar : add comp
2022-10-01 14:53:21,806 [INFO] IPUIPlugin:74 - create IPUIPlugin
2022-10-01 14:53:21,807 [INFO] PluginManager:213 - loadIPPluginJar : add cryp
2022-10-01 14:53:21,856 [INFO] IPUIPlugin:74 - create IPUIPlugin
2022-10-01 14:53:21,856 [INFO] PluginManager:213 - loadIPPluginJar : add dfsdm
2022-10-01 14:53:21,874 [INFO] IPUIPlugin:74 - create IPUIPlugin
2022-10-01 14:53:21,874 [INFO] PluginManager:213 - loadIPPluginJar : add dma
2022-10-01 14:53:21,925 [INFO] IPUIPlugin:74 - create IPUIPlugin
2022-10-01 14:53:21,926 [INFO] PluginManager:213 - loadIPPluginJar : add dma3
2022-10-01 14:53:21,949 [INFO] IPUIPlugin:74 - create IPUIPlugin
2022-10-01 14:53:21,950 [INFO] PluginManager:213 - loadIPPluginJar : add fatfs
2022-10-01 14:53:21,998 [INFO] IPUIPlugin:74 - create IPUIPlugin
2022-10-01 14:53:21,998 [INFO] PluginManager:213 - loadIPPluginJar : add fmc
2022-10-01 14:53:22,014 [INFO] IPUIPlugin:74 - create IPUIPlugin
2022-10-01 14:53:22,014 [INFO] PluginManager:213 - loadIPPluginJar : add freertos
2022-10-01 14:53:22,045 [INFO] IPUIPlugin:74 - create IPUIPlugin
2022-10-01 14:53:22,046 [INFO] PluginManager:213 - loadIPPluginJar : add genericplugin
2022-10-01 14:53:22,250 [INFO] IPUIPlugin:74 - create IPUIPlugin
2022-10-01 14:53:22,250 [INFO] PluginManager:213 - loadIPPluginJar : add gfxmmu
2022-10-01 14:53:22,382 [INFO] IPUIPlugin:74 - create IPUIPlugin
2022-10-01 14:53:22,382 [INFO] PluginManager:213 - loadIPPluginJar : add gic
2022-10-01 14:53:22,393 [INFO] IPUIPlugin:74 - create IPUIPlugin
2022-10-01 14:53:22,395 [INFO] PluginManager:213 - loadIPPluginJar : add gpio
2022-10-01 14:53:22,464 [INFO] IPUIPlugin:74 - create IPUIPlugin
2022-10-01 14:53:22,464 [INFO] PluginManager:213 - loadIPPluginJar : add gtzc
2022-10-01 14:53:22,497 [INFO] IPUIPlugin:74 - create IPUIPlugin
2022-10-01 14:53:22,498 [INFO] PluginManager:213 - loadIPPluginJar : add hash
2022-10-01 14:53:22,551 [INFO] IPUIPlugin:74 - create IPUIPlugin
2022-10-01 14:53:22,551 [INFO] PluginManager:213 - loadIPPluginJar : add i2c
2022-10-01 14:53:22,592 [INFO] IPUIPlugin:74 - create IPUIPlugin
2022-10-01 14:53:22,592 [INFO] PluginManager:213 - loadIPPluginJar : add i2s
2022-10-01 14:53:22,605 [INFO] IPUIPlugin:74 - create IPUIPlugin
2022-10-01 14:53:22,606 [INFO] PluginManager:213 - loadIPPluginJar : add ipddr
2022-10-01 14:53:22,685 [INFO] IPUIPlugin:74 - create IPUIPlugin
2022-10-01 14:53:22,686 [INFO] PluginManager:213 - loadIPPluginJar : add linkedlist
2022-10-01 14:53:22,721 [INFO] IPUIPlugin:74 - create IPUIPlugin
2022-10-01 14:53:22,721 [INFO] PluginManager:213 - loadIPPluginJar : add lorawan
2022-10-01 14:53:22,755 [INFO] IPUIPlugin:74 - create IPUIPlugin
2022-10-01 14:53:22,756 [INFO] PluginManager:213 - loadIPPluginJar : add ltdc
2022-10-01 14:53:22,768 [INFO] IPUIPlugin:74 - create IPUIPlugin
2022-10-01 14:53:22,768 [INFO] PluginManager:213 - loadIPPluginJar : add mdma
2022-10-01 14:53:22,780 [INFO] IPUIPlugin:74 - create IPUIPlugin
2022-10-01 14:53:22,781 [INFO] PluginManager:213 - loadIPPluginJar : add nvic
2022-10-01 14:53:22,817 [INFO] IPUIPlugin:74 - create IPUIPlugin
2022-10-01 14:53:22,817 [INFO] PluginManager:213 - loadIPPluginJar : add opamp
2022-10-01 14:53:22,879 [INFO] IPUIPlugin:74 - create IPUIPlugin
2022-10-01 14:53:22,879 [INFO] PluginManager:213 - loadIPPluginJar : add openamp
2022-10-01 14:53:22,920 [INFO] IPUIPlugin:74 - create IPUIPlugin
2022-10-01 14:53:22,921 [INFO] PluginManager:213 - loadIPPluginJar : add pdm2pcm
2022-10-01 14:53:22,939 [INFO] IPUIPlugin:74 - create IPUIPlugin
2022-10-01 14:53:22,942 [INFO] PluginManager:213 - loadIPPluginJar : add plateformsettings
2022-10-01 14:53:22,967 [INFO] IPUIPlugin:74 - create IPUIPlugin
2022-10-01 14:53:22,968 [INFO] PluginManager:213 - loadIPPluginJar : add quadspi
2022-10-01 14:53:22,982 [INFO] IPUIPlugin:74 - create IPUIPlugin
2022-10-01 14:53:22,982 [INFO] PluginManager:213 - loadIPPluginJar : add resmgrutility
2022-10-01 14:53:23,092 [INFO] IPUIPlugin:74 - create IPUIPlugin
2022-10-01 14:53:23,092 [INFO] PluginManager:213 - loadIPPluginJar : add sai
2022-10-01 14:53:23,142 [INFO] IPUIPlugin:74 - create IPUIPlugin
2022-10-01 14:53:23,142 [INFO] PluginManager:213 - loadIPPluginJar : add spi
2022-10-01 14:53:23,199 [INFO] IPUIPlugin:74 - create IPUIPlugin
2022-10-01 14:53:23,199 [INFO] PluginManager:213 - loadIPPluginJar : add stm32_wpan
2022-10-01 14:53:23,226 [INFO] IPUIPlugin:74 - create IPUIPlugin
2022-10-01 14:53:23,226 [INFO] PluginManager:213 - loadIPPluginJar : add tim
2022-10-01 14:53:23,297 [INFO] IPUIPlugin:74 - create IPUIPlugin
2022-10-01 14:53:23,297 [INFO] PluginManager:213 - loadIPPluginJar : add touchsensing
2022-10-01 14:53:23,357 [INFO] IPUIPlugin:74 - create IPUIPlugin
2022-10-01 14:53:23,358 [INFO] PluginManager:213 - loadIPPluginJar : add tracer_emb
2022-10-01 14:53:23,401 [INFO] IPUIPlugin:74 - create IPUIPlugin
2022-10-01 14:53:23,402 [INFO] PluginManager:213 - loadIPPluginJar : add ts
2022-10-01 14:53:23,437 [INFO] IPUIPlugin:74 - create IPUIPlugin
2022-10-01 14:53:23,437 [INFO] PluginManager:213 - loadIPPluginJar : add tsc
2022-10-01 14:53:23,476 [INFO] IPUIPlugin:74 - create IPUIPlugin
2022-10-01 14:53:23,477 [INFO] PluginManager:213 - loadIPPluginJar : add ucpd
2022-10-01 14:53:23,522 [INFO] IPUIPlugin:74 - create IPUIPlugin
2022-10-01 14:53:23,523 [INFO] PluginManager:213 - loadIPPluginJar : add usart
2022-10-01 14:53:23,589 [INFO] IPUIPlugin:74 - create IPUIPlugin
2022-10-01 14:53:23,589 [INFO] PluginManager:213 - loadIPPluginJar : add usbx
2022-10-01 14:53:23,669 [INFO] ThirdPartyUpdaterWithRetryManager:66 - Updater plugin not ready yet. [2/15]
2022-10-01 14:53:24,128 [FATAL] Updater:294 - Updater called before beeing initialized
2022-10-01 14:53:24,342 [FATAL] Updater:294 - Updater called before beeing initialized
2022-10-01 14:53:24,349 [INFO] DbMcusAds:47 - JSON generation date=Thu Sep 30 13:55:09 ICT 2021 (1632984909247)
2022-10-01 14:53:24,350 [FATAL] Updater:294 - Updater called before beeing initialized
2022-10-01 14:53:24,440 [WARN] DetailPanel:314 - Failed to get advertising image, set to default
2022-10-01 14:53:24,563 [FATAL] Updater:294 - Updater called before beeing initialized
2022-10-01 14:53:24,565 [FATAL] Updater:294 - Updater called before beeing initialized
2022-10-01 14:53:24,565 [FATAL] Updater:294 - Updater called before beeing initialized
2022-10-01 14:53:24,565 [WARN] DetailPanel:314 - Failed to get advertising image, set to default
2022-10-01 14:53:24,567 [FATAL] Updater:294 - Updater called before beeing initialized
2022-10-01 14:53:24,639 [ERROR] Updater:1075 - MainUpdater not yet initialized. External WinMGr cannot be set.
2022-10-01 14:53:24,648 [INFO] Updater:1012 - Updater Version found : 6.3.0
2022-10-01 14:53:24,693 [INFO] ApplicationProperties:181 - Using Application install path: C:\ST\STM32CubeIDE_1.7.0\STM32CubeIDE\plugins\com.st.stm32cube.common.mx_6.3.0.202107141111
2022-10-01 14:53:25,014 [INFO] MainUpdater:2671 - connection check result : 10
2022-10-01 14:53:25,016 [INFO] MainUpdater:265 - Updater Check For Update Now.
2022-10-01 14:53:25,016 [INFO] MicroXplorer:478 - Change Database Version : DB.6.0.30
2022-10-01 14:53:25,245 [INFO] CheckServerUpdateThread:112 - End of CheckServer Thread
2022-10-01 14:53:25,287 [INFO] MainUpdater:2671 - connection check result : 10
2022-10-01 14:53:25,317 [INFO] McuFinderGlobals:52 - Set McuFinderConnectedMode to true
2022-10-01 14:53:26,186 [INFO] ServerAccessManage:362 - Download File mcusAds.json._tmp_
2022-10-01 14:53:26,320 [INFO] LoadUrlFilesThread:145 - End of LoadUrlFiles Thread
2022-10-01 14:53:26,680 [WARN] MainUpdater:1122 - Updater busy. Cannot search thirdparties
2022-10-01 14:53:26,680 [INFO] ThirdPartyUpdaterWithRetryManager:92 - Updater plugin is busy. [1/15]
2022-10-01 14:53:28,439 [INFO] ServerAccessManage:362 - Download File mcusDocs.json._tmp_
2022-10-01 14:53:29,282 [INFO] LoadUrlFilesThread:145 - End of LoadUrlFiles Thread
2022-10-01 14:53:29,693 [WARN] MainUpdater:1122 - Updater busy. Cannot search thirdparties
2022-10-01 14:53:29,693 [INFO] ThirdPartyUpdaterWithRetryManager:92 - Updater plugin is busy. [2/15]
2022-10-01 14:53:30,030 [INFO] ServerAccessManage:362 - Download File mcusFeaturesAndDescription.json._tmp_
2022-10-01 14:53:32,700 [WARN] MainUpdater:1122 - Updater busy. Cannot search thirdparties
2022-10-01 14:53:32,700 [INFO] ThirdPartyUpdaterWithRetryManager:92 - Updater plugin is busy. [3/15]
2022-10-01 14:53:33,624 [INFO] LoadUrlFilesThread:145 - End of LoadUrlFiles Thread
2022-10-01 14:53:33,859 [INFO] ServerAccessManage:362 - Download File boardsDocs.json._tmp_
2022-10-01 14:53:33,990 [INFO] LoadUrlFilesThread:145 - End of LoadUrlFiles Thread
2022-10-01 14:53:34,229 [INFO] ServerAccessManage:362 - Download File boards.json._tmp_
2022-10-01 14:53:34,549 [INFO] LoadUrlFilesThread:145 - End of LoadUrlFiles Thread
2022-10-01 14:53:35,077 [INFO] ServerAccessManage:362 - Download File cube-finder-db.zip
2022-10-01 14:53:35,713 [WARN] MainUpdater:1122 - Updater busy. Cannot search thirdparties
2022-10-01 14:53:35,714 [INFO] ThirdPartyUpdaterWithRetryManager:92 - Updater plugin is busy. [4/15]
2022-10-01 14:53:38,720 [WARN] MainUpdater:1122 - Updater busy. Cannot search thirdparties
2022-10-01 14:53:38,720 [INFO] ThirdPartyUpdaterWithRetryManager:92 - Updater plugin is busy. [5/15]
2022-10-01 14:53:41,735 [WARN] MainUpdater:1122 - Updater busy. Cannot search thirdparties
2022-10-01 14:53:41,735 [INFO] ThirdPartyUpdaterWithRetryManager:92 - Updater plugin is busy. [6/15]
2022-10-01 14:53:44,744 [WARN] MainUpdater:1122 - Updater busy. Cannot search thirdparties
2022-10-01 14:53:44,745 [INFO] ThirdPartyUpdaterWithRetryManager:92 - Updater plugin is busy. [7/15]
2022-10-01 14:53:47,750 [WARN] MainUpdater:1122 - Updater busy. Cannot search thirdparties
2022-10-01 14:53:47,750 [INFO] ThirdPartyUpdaterWithRetryManager:92 - Updater plugin is busy. [8/15]
2022-10-01 14:53:50,761 [WARN] MainUpdater:1122 - Updater busy. Cannot search thirdparties
2022-10-01 14:53:50,761 [INFO] ThirdPartyUpdaterWithRetryManager:92 - Updater plugin is busy. [9/15]
2022-10-01 14:53:53,771 [WARN] MainUpdater:1122 - Updater busy. Cannot search thirdparties
2022-10-01 14:53:53,771 [INFO] ThirdPartyUpdaterWithRetryManager:92 - Updater plugin is busy. [10/15]
2022-10-01 14:53:56,781 [WARN] MainUpdater:1122 - Updater busy. Cannot search thirdparties
2022-10-01 14:53:56,782 [INFO] ThirdPartyUpdaterWithRetryManager:92 - Updater plugin is busy. [11/15]
2022-10-01 14:53:59,787 [WARN] MainUpdater:1122 - Updater busy. Cannot search thirdparties
2022-10-01 14:53:59,787 [INFO] ThirdPartyUpdaterWithRetryManager:92 - Updater plugin is busy. [12/15]
2022-10-01 14:54:02,796 [WARN] MainUpdater:1122 - Updater busy. Cannot search thirdparties
2022-10-01 14:54:02,796 [INFO] ThirdPartyUpdaterWithRetryManager:92 - Updater plugin is busy. [13/15]
2022-10-01 14:54:05,809 [WARN] MainUpdater:1122 - Updater busy. Cannot search thirdparties
2022-10-01 14:54:05,810 [INFO] ThirdPartyUpdaterWithRetryManager:92 - Updater plugin is busy. [14/15]
2022-10-01 14:54:06,833 [INFO] FileExtend:235 - Unzip File : cube-finder-db.zip
2022-10-01 14:54:06,833 [INFO] FileExtend:250 - Standard Zip Deflate
2022-10-01 14:54:07,503 [INFO] LoadUrlFilesThread:145 - End of LoadUrlFiles Thread
2022-10-01 14:54:08,762 [INFO] ServerAccessManage:362 - Download File crdb.zip
2022-10-01 14:54:08,821 [WARN] MainUpdater:1122 - Updater busy. Cannot search thirdparties
2022-10-01 14:54:08,821 [INFO] ThirdPartyUpdaterWithRetryManager:92 - Updater plugin is busy. [15/15]
2022-10-01 14:54:08,823 [ERROR] IntegrityCheckThread:124 - Cannot retrieve database content from updater: error -1
2022-10-01 14:54:08,823 [INFO] ThirdParty:915 - Integrity check success = false
2022-10-01 14:54:08,823 [INFO] IntegrityCheckThread:94 - exiting critical section [integrity check]
2022-10-01 14:54:08,823 [INFO] IntegrityCheckThread:97 - End integrity checks thread
2022-10-01 14:54:58,754 [INFO] FileExtend:235 - Unzip File : crdb.zip
2022-10-01 14:54:58,755 [INFO] FileExtend:250 - Standard Zip Deflate
2022-10-01 14:54:58,925 [INFO] LoadUrlFilesThread:145 - End of LoadUrlFiles Thread
2022-10-01 14:55:00,052 [INFO] ServerAccessManage:362 - Download File tutoVideoDB.zip
2022-10-01 14:55:01,292 [INFO] FileExtend:235 - Unzip File : tutoVideoDB.zip
2022-10-01 14:55:01,294 [INFO] FileExtend:250 - Standard Zip Deflate
2022-10-01 14:55:01,439 [INFO] LoadUrlFilesThread:145 - End of LoadUrlFiles Thread
2022-10-01 14:55:01,444 [INFO] DbMcusAds:47 - JSON generation date=Thu Sep 30 13:55:09 ICT 2021 (1632984909247)
2022-10-01 14:55:01,475 [INFO] DbMcusDocs:143 - JSON generation date=Tue Nov 16 23:17:54 ICT 2021 (1637079474)
2022-10-01 14:55:01,481 [INFO] DbMcusXml:100 - Load MCU database from C:\ST\STM32CubeIDE_1.7.0\STM32CubeIDE\plugins\com.st.stm32cube.common.mx_6.3.0.202107141111\\db\/mcu/families.xml
2022-10-01 14:55:02,456 [INFO] DbMcusJson:93 - JSON generation date=Tue Nov 16 23:17:54 ICT 2021 (1637079474)
2022-10-01 14:55:03,164 [INFO] DbMcus:175 - Found 1951 MCUs (1903 are supported by CubeMX, 1914 are visible in CubeMX)
2022-10-01 14:55:03,169 [INFO] ApiDb:251 - Load user favorites file C:\Users\A.Tuan/.stm32cubeide/favorites.mcus.txt: 0 item(s)
2022-10-01 14:55:03,170 [INFO] ApiDb:255 - User favorites MCUs=[]
2022-10-01 14:55:03,170 [INFO] DbMcus:187 - Set 0 / 0 favorites MCUs
2022-10-01 14:55:03,588 [INFO] DbMcusDocs:79 - Found 682 MCUs documents
2022-10-01 14:55:03,589 [INFO] ApiDb:276 - Save user favorites file C:\Users\A.Tuan/.stm32cubeide/favorites.mcus.txt: 0 item(s)
2022-10-01 14:55:03,591 [INFO] ApiDb:280 - User favorites MCUs=[]
2022-10-01 14:55:03,591 [INFO] DbMcusXml:100 - Load MCU database from C:\ST\STM32CubeIDE_1.7.0\STM32CubeIDE\plugins\com.st.stm32cube.common.mx_6.3.0.202107141111\\db\/mcu/families.xml
2022-10-01 14:55:04,309 [INFO] DbMcusJson:93 - JSON generation date=Tue Nov 16 23:17:54 ICT 2021 (1637079474)
2022-10-01 14:55:04,898 [INFO] DbMcus:175 - Found 1951 MCUs (1903 are supported by CubeMX, 1914 are visible in CubeMX)
2022-10-01 14:55:04,898 [INFO] ApiDb:251 - Load user favorites file C:\Users\A.Tuan/.stm32cubeide/favorites.mcus.txt: 0 item(s)
2022-10-01 14:55:04,898 [INFO] ApiDb:255 - User favorites MCUs=[]
2022-10-01 14:55:04,898 [INFO] DbMcus:187 - Set 0 / 0 favorites MCUs
2022-10-01 14:55:04,905 [INFO] DbBoardsDocs:143 - JSON generation date=Tue Nov 16 23:17:54 ICT 2021 (1637079474)
2022-10-01 14:55:04,930 [INFO] DbBoardsPdsc:90 - Found 25 items
2022-10-01 14:55:04,942 [INFO] DbBoardsPdsc:90 - Found 9 items
2022-10-01 14:55:04,953 [INFO] DbBoardsPdsc:90 - Found 33 items
2022-10-01 14:55:04,965 [INFO] DbBoardsPdsc:90 - Found 1 items
2022-10-01 14:55:04,977 [INFO] DbBoardsPdsc:90 - Found 48 items
2022-10-01 14:55:04,993 [INFO] DbBoardsPdsc:90 - Found 43 items
2022-10-01 14:55:05,000 [INFO] DbBoardsPdsc:90 - Found 2 items
2022-10-01 14:55:05,009 [INFO] DbBoardsPdsc:90 - Found 5 items
2022-10-01 14:55:05,014 [WARN] DbBoardsPdsc:254 - Board STM32H7B3I-DK: unknown feature type=Audio, name=, username=Audio stereo codec with Headphone Amp (CS42L51-CNZ), n=1
2022-10-01 14:55:05,015 [WARN] DbBoardsPdsc:254 - Board STM32H735G-DK: unknown feature type=Audio, name=, username=Audio stereo codec with Headphone Amp (WM8994ECS/R), n=1
2022-10-01 14:55:05,016 [WARN] DbBoardsPdsc:254 - Board STM32H7B3I-EVAL: unknown feature type=Audio, name=, username=Multi-Channel Audio Codec (CS42L51-CNZ), n=1
2022-10-01 14:55:05,016 [WARN] DbBoardsPdsc:254 - Board STM32H7B3I-EVAL: unknown feature type=Meter, name=, username=Power-metering and Temperature-monitoring with sigma-delta modulators, n=1
2022-10-01 14:55:05,016 [WARN] DbBoardsPdsc:254 - Board STM32H7B3I-EVAL: unknown feature type=Motor, name=, username=Motor Control, n=1
2022-10-01 14:55:05,017 [WARN] DbBoardsPdsc:254 - Board STM32U575I-EV: unknown feature type=joystick, name=, username=4-direction joystick with selection button, n=1
2022-10-01 14:55:05,048 [INFO] DbBoardsJson:86 - JSON generation date=Tue Nov 16 23:17:54 ICT 2021 (1637079474)
2022-10-01 14:55:05,056 [INFO] DbBoards:117 - Found 167 boards (163 are supported by CubeMX)
2022-10-01 14:55:05,059 [INFO] DbBoardsDocs:143 - JSON generation date=Tue Nov 16 23:17:54 ICT 2021 (1637079474)
2022-10-01 14:55:05,062 [INFO] DbBoardsDocs:79 - Found 209 boards documents
2022-10-01 14:55:05,064 [WARN] DbBoards:127 - board B-L475E-IOT01A2 has no document id list !
2022-10-01 14:55:05,066 [WARN] DbBoards:127 - board NUCLEO-H743ZI has no document id list !
2022-10-01 14:55:05,067 [WARN] DbBoards:127 - board NUCLEO-WL55JC2 has no document id list !
2022-10-01 14:55:05,067 [WARN] DbBoards:127 - board P-NUCLEO-WB55-Nucleo has no document id list !
2022-10-01 14:55:05,067 [WARN] DbBoards:127 - board P-NUCLEO-WB55-USBDongle has no document id list !
2022-10-01 14:55:05,067 [WARN] DbBoards:127 - board STEVAL-BFA001V1B has no document id list !
2022-10-01 14:55:05,067 [WARN] DbBoards:127 - board STEVAL-BFA001V2B has no document id list !
2022-10-01 14:55:05,067 [WARN] DbBoards:127 - board STEVAL-IDP005V1 has no document id list !
2022-10-01 14:55:05,067 [WARN] DbBoards:127 - board STEVAL-IDP005V2 has no document id list !
2022-10-01 14:55:05,067 [WARN] DbBoards:127 - board STEVAL-MKSBOX1V1 has no document id list !
2022-10-01 14:55:05,067 [WARN] DbBoards:127 - board STEVAL-STWINKT1 has no document id list !
2022-10-01 14:55:05,067 [WARN] DbBoards:127 - board STEVAL-STWINKT1B has no document id list !
2022-10-01 14:55:05,067 [WARN] DbBoards:127 - board STM32439I-EVAL2 has no document id list !
2022-10-01 14:55:05,068 [WARN] DbBoards:127 - board STM32F401C-DISCO has no document id list !
2022-10-01 14:55:05,068 [WARN] DbBoards:127 - board STM32F769I-DISC1 has no document id list !
2022-10-01 14:55:05,068 [WARN] DbBoards:127 - board STM32G474E-EVAL1 has no document id list !
2022-10-01 14:55:05,069 [WARN] DbBoards:127 - board STM32H743I-EVAL2 has no document id list !
2022-10-01 14:55:05,069 [WARN] DbBoards:127 - board STM32H747I-DISC1 has no document id list !
2022-10-01 14:55:05,069 [WARN] DbBoards:127 - board STM32H753I-EVAL2 has no document id list !
2022-10-01 14:55:05,069 [WARN] DbBoards:127 - board STM32L-DISCOVERY has no document id list !
2022-10-01 14:55:05,250 [ERROR] DbBoards:189 - Image file not found for board B-U585I-IOT02A: C:\ST\STM32CubeIDE_1.7.0\STM32CubeIDE\plugins\com.st.stm32cube.common.mx_6.3.0.202107141111\\db\/plugins/mcufinder/images/boards/B-U585I-IOT02A_small.jpg
2022-10-01 14:55:05,415 [ERROR] DbBoards:189 - Image file not found for board NUCLEO-F413ZH: C:\ST\STM32CubeIDE_1.7.0\STM32CubeIDE\plugins\com.st.stm32cube.common.mx_6.3.0.202107141111\\db\/plugins/mcufinder/images/boards/nucleo-f413zh_small.jpg
2022-10-01 14:55:05,659 [ERROR] DbBoards:189 - Image file not found for board NUCLEO-L552ZE-Q: C:\ST\STM32CubeIDE_1.7.0\STM32CubeIDE\plugins\com.st.stm32cube.common.mx_6.3.0.202107141111\\db\/plugins/mcufinder/images/boards/nucleo_l552ze_q_small.jpg
2022-10-01 14:55:05,659 [ERROR] DbBoards:189 - Image file not found for board NUCLEO-U575ZI-Q: C:\ST\STM32CubeIDE_1.7.0\STM32CubeIDE\plugins\com.st.stm32cube.common.mx_6.3.0.202107141111\\db\/plugins/mcufinder/images/boards/nucleo-u575zi-q_small.jpg
2022-10-01 14:55:05,659 [ERROR] DbBoards:189 - Image file not found for board NUCLEO-WB15CC: C:\ST\STM32CubeIDE_1.7.0\STM32CubeIDE\plugins\com.st.stm32cube.common.mx_6.3.0.202107141111\\db\/plugins/mcufinder/images/boards/nucleo-wb15cc_small.jpg
2022-10-01 14:55:05,659 [ERROR] DbBoards:189 - Image file not found for board NUCLEO-WB55RG: C:\ST\STM32CubeIDE_1.7.0\STM32CubeIDE\plugins\com.st.stm32cube.common.mx_6.3.0.202107141111\\db\/plugins/mcufinder/images/boards/nucleo-wb55rg_small.jpg
2022-10-01 14:55:07,576 [INFO] ApiDb:251 - Load user favorites file C:\Users\A.Tuan/.stm32cubeide/favorites.boards.txt: 0 item(s)
2022-10-01 14:55:07,576 [INFO] ApiDb:255 - User favorites Boards=[]
2022-10-01 14:55:07,576 [INFO] DbBoards:206 - Set 0 / 0 favorites Boards
2022-10-01 14:55:07,579 [INFO] DbBoardsDocs:79 - Found 418 boards documents
2022-10-01 14:55:07,579 [INFO] ApiDb:276 - Save user favorites file C:\Users\A.Tuan/.stm32cubeide/favorites.boards.txt: 0 item(s)
2022-10-01 14:55:07,579 [INFO] ApiDb:280 - User favorites Boards=[]
2022-10-01 14:55:07,585 [INFO] DbBoardsPdsc:90 - Found 25 items
2022-10-01 14:55:07,589 [INFO] DbBoardsPdsc:90 - Found 9 items
2022-10-01 14:55:07,595 [INFO] DbBoardsPdsc:90 - Found 33 items
2022-10-01 14:55:07,597 [INFO] DbBoardsPdsc:90 - Found 1 items
2022-10-01 14:55:07,609 [INFO] DbBoardsPdsc:90 - Found 48 items
2022-10-01 14:55:07,621 [INFO] DbBoardsPdsc:90 - Found 43 items
2022-10-01 14:55:07,623 [INFO] DbBoardsPdsc:90 - Found 2 items
2022-10-01 14:55:07,624 [INFO] DbBoardsPdsc:90 - Found 5 items
2022-10-01 14:55:07,628 [WARN] DbBoardsPdsc:254 - Board STM32H7B3I-DK: unknown feature type=Audio, name=, username=Audio stereo codec with Headphone Amp (CS42L51-CNZ), n=1
2022-10-01 14:55:07,629 [WARN] DbBoardsPdsc:254 - Board STM32H735G-DK: unknown feature type=Audio, name=, username=Audio stereo codec with Headphone Amp (WM8994ECS/R), n=1
2022-10-01 14:55:07,631 [WARN] DbBoardsPdsc:254 - Board STM32H7B3I-EVAL: unknown feature type=Audio, name=, username=Multi-Channel Audio Codec (CS42L51-CNZ), n=1
2022-10-01 14:55:07,631 [WARN] DbBoardsPdsc:254 - Board STM32H7B3I-EVAL: unknown feature type=Meter, name=, username=Power-metering and Temperature-monitoring with sigma-delta modulators, n=1
2022-10-01 14:55:07,631 [WARN] DbBoardsPdsc:254 - Board STM32H7B3I-EVAL: unknown feature type=Motor, name=, username=Motor Control, n=1
2022-10-01 14:55:07,632 [WARN] DbBoardsPdsc:254 - Board STM32U575I-EV: unknown feature type=joystick, name=, username=4-direction joystick with selection button, n=1
2022-10-01 14:55:07,648 [INFO] DbBoardsJson:86 - JSON generation date=Tue Nov 16 23:17:54 ICT 2021 (1637079474)
2022-10-01 14:55:07,654 [INFO] DbBoards:117 - Found 167 boards (163 are supported by CubeMX)
2022-10-01 14:55:07,655 [WARN] DbBoards:127 - board B-L475E-IOT01A2 has no document id list !
2022-10-01 14:55:07,656 [WARN] DbBoards:127 - board NUCLEO-H743ZI has no document id list !
2022-10-01 14:55:07,656 [WARN] DbBoards:127 - board NUCLEO-WL55JC2 has no document id list !
2022-10-01 14:55:07,657 [WARN] DbBoards:127 - board P-NUCLEO-WB55-Nucleo has no document id list !
2022-10-01 14:55:07,657 [WARN] DbBoards:127 - board P-NUCLEO-WB55-USBDongle has no document id list !
2022-10-01 14:55:07,657 [WARN] DbBoards:127 - board STEVAL-BFA001V1B has no document id list !
2022-10-01 14:55:07,657 [WARN] DbBoards:127 - board STEVAL-BFA001V2B has no document id list !
2022-10-01 14:55:07,657 [WARN] DbBoards:127 - board STEVAL-IDP005V1 has no document id list !
2022-10-01 14:55:07,657 [WARN] DbBoards:127 - board STEVAL-IDP005V2 has no document id list !
2022-10-01 14:55:07,657 [WARN] DbBoards:127 - board STEVAL-MKSBOX1V1 has no document id list !
2022-10-01 14:55:07,657 [WARN] DbBoards:127 - board STEVAL-STWINKT1 has no document id list !
2022-10-01 14:55:07,657 [WARN] DbBoards:127 - board STEVAL-STWINKT1B has no document id list !
2022-10-01 14:55:07,657 [WARN] DbBoards:127 - board STM32439I-EVAL2 has no document id list !
2022-10-01 14:55:07,657 [WARN] DbBoards:127 - board STM32F401C-DISCO has no document id list !
2022-10-01 14:55:07,657 [WARN] DbBoards:127 - board STM32F769I-DISC1 has no document id list !
2022-10-01 14:55:07,657 [WARN] DbBoards:127 - board STM32G474E-EVAL1 has no document id list !
2022-10-01 14:55:07,657 [WARN] DbBoards:127 - board STM32H743I-EVAL2 has no document id list !
2022-10-01 14:55:07,657 [WARN] DbBoards:127 - board STM32H747I-DISC1 has no document id list !
2022-10-01 14:55:07,658 [WARN] DbBoards:127 - board STM32H753I-EVAL2 has no document id list !
2022-10-01 14:55:07,658 [WARN] DbBoards:127 - board STM32L-DISCOVERY has no document id list !
2022-10-01 14:55:07,771 [ERROR] DbBoards:189 - Image file not found for board B-U585I-IOT02A: C:\ST\STM32CubeIDE_1.7.0\STM32CubeIDE\plugins\com.st.stm32cube.common.mx_6.3.0.202107141111\\db\/plugins/mcufinder/images/boards/B-U585I-IOT02A_small.jpg
2022-10-01 14:55:07,857 [ERROR] DbBoards:189 - Image file not found for board NUCLEO-F413ZH: C:\ST\STM32CubeIDE_1.7.0\STM32CubeIDE\plugins\com.st.stm32cube.common.mx_6.3.0.202107141111\\db\/plugins/mcufinder/images/boards/nucleo-f413zh_small.jpg
2022-10-01 14:55:08,053 [ERROR] DbBoards:189 - Image file not found for board NUCLEO-L552ZE-Q: C:\ST\STM32CubeIDE_1.7.0\STM32CubeIDE\plugins\com.st.stm32cube.common.mx_6.3.0.202107141111\\db\/plugins/mcufinder/images/boards/nucleo_l552ze_q_small.jpg
2022-10-01 14:55:08,053 [ERROR] DbBoards:189 - Image file not found for board NUCLEO-U575ZI-Q: C:\ST\STM32CubeIDE_1.7.0\STM32CubeIDE\plugins\com.st.stm32cube.common.mx_6.3.0.202107141111\\db\/plugins/mcufinder/images/boards/nucleo-u575zi-q_small.jpg
2022-10-01 14:55:08,054 [ERROR] DbBoards:189 - Image file not found for board NUCLEO-WB15CC: C:\ST\STM32CubeIDE_1.7.0\STM32CubeIDE\plugins\com.st.stm32cube.common.mx_6.3.0.202107141111\\db\/plugins/mcufinder/images/boards/nucleo-wb15cc_small.jpg
2022-10-01 14:55:08,054 [ERROR] DbBoards:189 - Image file not found for board NUCLEO-WB55RG: C:\ST\STM32CubeIDE_1.7.0\STM32CubeIDE\plugins\com.st.stm32cube.common.mx_6.3.0.202107141111\\db\/plugins/mcufinder/images/boards/nucleo-wb55rg_small.jpg
2022-10-01 14:55:09,281 [INFO] ApiDb:251 - Load user favorites file C:\Users\A.Tuan/.stm32cubeide/favorites.boards.txt: 0 item(s)
2022-10-01 14:55:09,281 [INFO] ApiDb:255 - User favorites Boards=[]
2022-10-01 14:55:09,281 [INFO] DbBoards:206 - Set 0 / 0 favorites Boards
2022-10-01 14:55:09,313 [INFO] LoadUrlFilesThread:172 - End of LoadServerUrlFiles without Thread
2022-10-01 14:55:09,314 [INFO] TargetSelectorAdapter:224 - Refresh data is successful
2022-10-01 14:55:09,450 [INFO] ApiDb:479 - Connected to CubeFinder SQLite database (C:\Users\A.Tuan\.stmcufinder\plugins\mcufinder\mcu\cube-finder-db.db)
2022-10-01 14:55:10,141 [INFO] DbExamplesSqlite:411 - Ignored 31 examples not supported by CubeIDE
2022-10-01 14:55:10,141 [INFO] DbExamplesSqlite:412 - Found 6197 examples active
2022-10-01 14:55:10,141 [INFO] DbExamplesSqlite:413 - Found 89 examples obsolete
2022-10-01 14:55:10,142 [INFO] DbExamplesSqlite:414 - Found 0 examples under development
2022-10-01 14:55:10,142 [INFO] DbExamplesSqlite:415 - Found 76 examples not building
2022-10-01 14:55:10,167 [INFO] DbExamplesSqlite:108 - CubeFinder database Data Model version=2.1
2022-10-01 14:55:10,167 [INFO] DbExamplesSqlite:109 - CubeFinder database Configuration version=3.0.32
2022-10-01 14:55:10,169 [INFO] DbExamplesSqlite:110 - CubeFinder database generation date=2022-08-05 (1659688109)
2022-10-01 14:55:10,169 [INFO] DbExamplesSqlite:111 - CubeFinder database FW Pack versions=[STM32Cube_FW_C0_V1.0.0, STM32Cube_FW_F4_V1.27.1, STM32Cube_FW_F7_V1.17.0, STM32Cube_FW_G0_V1.6.1, STM32Cube_FW_G4_V1.5.0, STM32Cube_FW_H7_V1.10.0, STM32Cube_FW_L5_V1.4.0, STM32Cube_FW_U5_V1.1.1, STM32Cube_FW_WB_V1.14.1, STM32Cube_FW_WL_V1.2.0, X-CUBE-ALGOBUILD_V1.3.0, X-CUBE-ALS_V1.0.1, X-CUBE-AZRTOS-F4_V1.1.0, X-CUBE-AZRTOS-F7_V1.1.0, X-CUBE-AZRTOS-G0_V1.1.0, X-CUBE-AZRTOS-G4_V1.0.0, X-CUBE-AZRTOS-H7_V2.1.0, X-CUBE-AZRTOS-L4_V1.0.0, X-CUBE-AZRTOS-L5_V1.0.0, X-CUBE-AZRTOS-WL_V1.0.0, X-CUBE-BLE1_V6.2.3, X-CUBE-BLE2_V3.3.0, X-CUBE-EEPRMA1_V3.1.1, X-CUBE-GNSS1_V6.0.0, X-CUBE-MEMS1_V9.1.0, X-CUBE-MEMS1_V9.3.0, X-CUBE-NFC4_V2.0.4, X-CUBE-NFC7_V1.0.0, X-CUBE-SFXS2LP1_V4.0.0, X-CUBE-SUBG2_V5.0.0]
2022-10-01 14:55:10,170 [INFO] DbExamples:130 - Found 6242 examples
2022-10-01 14:55:10,815 [ERROR] DbExamples:206 - Found 6242 examples with invalid data (board or MCU)
2022-10-01 14:55:10,815 [INFO] DbExamples:222 - Found 74 boards with related examples
2022-10-01 14:55:10,815 [INFO] DbExamples:235 - Found 0 MCUs with related examples
2022-10-01 14:55:10,837 [INFO] ApiDb:251 - Load user favorites file C:\Users\A.Tuan/.stm32cubeide/favorites.examples.txt: 0 item(s)
2022-10-01 14:55:10,837 [INFO] ApiDb:255 - User favorites Examples=[]
2022-10-01 14:55:10,837 [INFO] DbExamples:256 - Set 0 / 0 favorites Examples
2022-10-01 14:55:11,172 [INFO] McuFinderGlobals:52 - Set McuFinderConnectedMode to false
2022-10-01 14:55:11,329 [INFO] CrossSelectorPresenter:1330 - Cross Selector saved comparison directory: C:\Users\A.Tuan\.stmcufinder\plugins\mcufinder\mcu\cs_comparisons_mx
2022-10-01 14:55:11,337 [INFO] MultiScanPanel:197 - Auto-refresh data requested => check proxy status ongoing
2022-10-01 14:55:11,338 [INFO] MultiScanPanel:201 - Proxy status is invalid
2022-10-01 14:55:11,342 [INFO] FinderPluginLoader:87 - Searching for filters in installed packs
2022-10-01 14:55:11,888 [INFO] DetailPanel:309 - Set advertising image to C:/Users/A.Tuan/STM32Cube/Repository/\en.Prom_NBSTM32U50921.jpg
2022-10-01 14:56:52,910 [INFO] MainUpdater:2671 - connection check result : 10
2022-10-01 14:56:52,911 [INFO] MainUpdater:2671 - connection check result : 10
2022-10-01 14:56:52,971 [INFO] MicroXplorer:448 - Change Database Path : 
2022-10-01 14:56:52,971 [INFO] MicroXplorer:478 - Change Database Version : DB.6.0.30
2022-10-01 14:56:52,972 [WARN] ThirdParty:813 - waiting for thirdparty lock release [close project]
2022-10-01 14:56:52,972 [INFO] ThirdParty:815 - entering critical section [close project]
2022-10-01 14:56:52,976 [INFO] ThirdParty:825 - exiting critical section [close project]
2022-10-01 14:56:52,985 [INFO] PinOutPanel:1463 - setPackage(No Configuration,No Configuration)
2022-10-01 14:56:52,986 [INFO] UtilMem:74 - Begin LoadConfig() Used Memory: 641695808 Bytes (934281216)
2022-10-01 14:56:52,988 [INFO] MicroXplorer:448 - Change Database Path : 
2022-10-01 14:56:52,988 [INFO] MicroXplorer:478 - Change Database Version : DB.6.0.30
2022-10-01 14:56:52,988 [INFO] OpenFileManager:313 - Change cursor
2022-10-01 14:56:53,010 [WARN] IntegrityCheckThread:78 - waiting for thirdparty lock release [integrity check]
2022-10-01 14:56:53,010 [INFO] IntegrityCheckThread:80 - entering critical section [integrity check]
2022-10-01 14:56:53,236 [WARN] PackLoader:238 - Cannot read IP mode file for STMicroelectronics.X-CUBE-GNSS1.6.0.0
2022-10-01 14:56:53,309 [WARN] PackLoader:238 - Cannot read IP mode file for STMicroelectronics.X-CUBE-AZRTOS-F4.1.1.0
2022-10-01 14:56:53,351 [WARN] PackLoader:238 - Cannot read IP mode file for STMicroelectronics.X-CUBE-AZRTOS-F7.1.1.0
2022-10-01 14:56:53,368 [WARN] PackLoader:238 - Cannot read IP mode file for STMicroelectronics.X-CUBE-BLE1.6.2.3
2022-10-01 14:56:53,379 [WARN] PackLoader:238 - Cannot read IP mode file for STMicroelectronics.X-CUBE-NFC4.2.0.4
2022-10-01 14:56:53,399 [WARN] PackLoader:238 - Cannot read IP mode file for STMicroelectronics.X-CUBE-TOF1.3.1.0
2022-10-01 14:56:53,417 [WARN] PackLoader:238 - Cannot read IP mode file for wolfSSL.I-CUBE-wolfSSL.5.5.0
2022-10-01 14:56:53,430 [WARN] PackLoader:238 - Cannot read IP mode file for STMicroelectronics.X-CUBE-NFC7.1.0.0
2022-10-01 14:56:53,493 [WARN] PackLoader:238 - Cannot read IP mode file for STMicroelectronics.X-CUBE-MEMS1.9.3.0
2022-10-01 14:56:53,657 [WARN] PackLoader:238 - Cannot read IP mode file for STMicroelectronics.X-CUBE-AI.7.2.0
2022-10-01 14:56:53,678 [WARN] PackLoader:238 - Cannot read IP mode file for STMicroelectronics.X-CUBE-SFXS2LP1.4.0.0
2022-10-01 14:56:53,693 [WARN] PackLoader:238 - Cannot read IP mode file for STMicroelectronics.X-CUBE-BLE2.3.3.0
2022-10-01 14:56:53,709 [WARN] PackLoader:238 - Cannot read IP mode file for STMicroelectronics.X-CUBE-DISPLAY.2.2.0
2022-10-01 14:56:53,722 [WARN] PackLoader:238 - Cannot read IP mode file for STMicroelectronics.X-CUBE-ISPU.1.0.0
2022-10-01 14:56:53,740 [WARN] PackLoader:238 - Cannot read IP mode file for RoweBots.I-CUBE-UNISONRTOS.5.5.0-4
2022-10-01 14:56:53,796 [WARN] PackLoader:238 - Cannot read IP mode file for STMicroelectronics.X-CUBE-AZRTOS-H7.2.1.0
2022-10-01 14:56:53,823 [WARN] PackLoader:238 - Cannot read IP mode file for STMicroelectronics.X-CUBE-BLEMGR.1.0.0
2022-10-01 14:56:53,844 [WARN] PackLoader:238 - Cannot read IP mode file for STMicroelectronics.X-CUBE-ALGOBUILD.1.3.0
2022-10-01 14:56:53,872 [WARN] PackLoader:238 - Cannot read IP mode file for STMicroelectronics.X-CUBE-AZRTOS-G0.1.1.0
2022-10-01 14:56:53,894 [WARN] PackLoader:238 - Cannot read IP mode file for STMicroelectronics.X-CUBE-SUBG2.5.0.0
2022-10-01 14:56:53,946 [WARN] PackLoader:238 - Cannot read IP mode file for SEGGER.I-CUBE-embOS.1.2.0
2022-10-01 14:56:54,001 [WARN] PackLoader:238 - Cannot read IP mode file for STMicroelectronics.FP-ATR-ASTRA1.1.1.1
2022-10-01 14:56:54,032 [WARN] PackLoader:238 - Cannot read IP mode file for STMicroelectronics.X-CUBE-AZRTOS-G4.1.0.0
2022-10-01 14:56:54,079 [WARN] PackLoader:238 - Cannot read IP mode file for STMicroelectronics.X-CUBE-AZRTOS-L4.1.0.0
2022-10-01 14:56:54,097 [WARN] PackLoader:238 - Cannot read IP mode file for emotas.I-CUBE-CANOPEN.1.1.2
2022-10-01 14:56:54,111 [WARN] PackLoader:238 - Cannot read IP mode file for STMicroelectronics.X-CUBE-TOUCHGFX.4.20.0
2022-10-01 14:56:54,152 [WARN] PackLoader:238 - Cannot read IP mode file for STMicroelectronics.X-CUBE-AZRTOS-WL.1.0.0
2022-10-01 14:56:54,181 [WARN] PackLoader:238 - Cannot read IP mode file for portGmbH.I-Cube-SoM-uGOAL.1.1.0
2022-10-01 14:56:54,202 [WARN] PackLoader:238 - Cannot read IP mode file for STMicroelectronics.X-CUBE-ALS.1.0.1
2022-10-01 14:56:54,242 [WARN] PackLoader:238 - Cannot read IP mode file for STMicroelectronics.X-CUBE-AZRTOS-L5.1.0.0
2022-10-01 14:56:54,260 [WARN] PackLoader:238 - Cannot read IP mode file for STMicroelectronics.X-CUBE-EEPRMA1.3.1.1
2022-10-01 14:56:54,261 [INFO] ThirdParty:915 - Integrity check success = true
2022-10-01 14:56:54,261 [INFO] IntegrityCheckThread:94 - exiting critical section [integrity check]
2022-10-01 14:56:54,261 [INFO] IntegrityCheckThread:97 - End integrity checks thread
2022-10-01 14:56:55,227 [INFO] Context:592 - Trying to add GPIOservice into a context  which must be forbidden
2022-10-01 14:56:55,474 [INFO] ImportTextPane:167 - (OptionalMessage_ERROR) Unable to find key (Mcu.ThirdPartyNb) in loaded IOC file
2022-10-01 14:56:55,474 [INFO] ImportTextPane:167 - (OptionalMessage_ERROR) Unable to find key (Mcu.PinsNb) in loaded IOC file
2022-10-01 14:56:55,474 [INFO] ImportTextPane:167 - (OptionalMessage_ERROR) Unable to find key (Mcu.IPNb) in loaded IOC file
2022-10-01 14:56:55,530 [WARN] ApiManager:304 - Cannot register API 'Board Extension:GNSS1A1' from pack STMicroelectronics.X-CUBE-GNSS1.6.0.0: no header file found
2022-10-01 14:56:55,530 [WARN] ApiManager:304 - Cannot register API 'Board Support:Custom' from pack STMicroelectronics.X-CUBE-GNSS1.6.0.0: no header file found
2022-10-01 14:56:55,530 [WARN] ApiManager:304 - Cannot register API 'Data Exchange:lib_gnss' from pack STMicroelectronics.X-CUBE-GNSS1.6.0.0: no header file found
2022-10-01 14:56:55,542 [WARN] ModelIntegratedComponent:60 - No mode defined for component null
2022-10-01 14:56:55,542 [WARN] ModelIntegratedComponent:60 - No mode defined for component null
2022-10-01 14:56:55,542 [WARN] ModelIntegratedComponent:60 - No mode defined for component null
2022-10-01 14:56:55,542 [WARN] ModelIntegratedComponent:60 - No mode defined for component null
2022-10-01 14:56:55,542 [WARN] ModelIntegratedComponent:60 - No mode defined for component null
2022-10-01 14:56:55,543 [WARN] ModelIntegratedComponent:60 - No mode defined for component null
2022-10-01 14:56:55,543 [WARN] ModelIntegratedComponent:60 - No mode defined for component null
2022-10-01 14:56:55,543 [WARN] ModelIntegratedComponent:60 - No mode defined for component null
2022-10-01 14:56:55,543 [WARN] ModelIntegratedComponent:60 - No mode defined for component null
2022-10-01 14:56:55,543 [WARN] ModelIntegratedComponent:60 - No mode defined for component null
2022-10-01 14:56:55,543 [WARN] ModelIntegratedComponent:60 - No mode defined for component null
2022-10-01 14:56:55,543 [WARN] ModelIntegratedComponent:60 - No mode defined for component null
2022-10-01 14:56:55,543 [WARN] ModelIntegratedComponent:60 - No mode defined for component null
2022-10-01 14:56:55,543 [WARN] ModelIntegratedComponent:60 - No mode defined for component null
2022-10-01 14:56:55,543 [WARN] ModelIntegratedComponent:60 - No mode defined for component null
2022-10-01 14:56:55,543 [WARN] ModelIntegratedComponent:60 - No mode defined for component null
2022-10-01 14:56:55,543 [WARN] ModelIntegratedComponent:60 - No mode defined for component null
2022-10-01 14:56:55,543 [WARN] ModelIntegratedComponent:60 - No mode defined for component null
2022-10-01 14:56:55,544 [WARN] ModelIntegratedComponent:60 - No mode defined for component null
2022-10-01 14:56:55,544 [WARN] ModelIntegratedComponent:60 - No mode defined for component null
2022-10-01 14:56:55,544 [WARN] ModelIntegratedComponent:60 - No mode defined for component null
2022-10-01 14:56:55,544 [WARN] ModelIntegratedComponent:60 - No mode defined for component null
2022-10-01 14:56:55,544 [WARN] ModelIntegratedComponent:60 - No mode defined for component null
2022-10-01 14:56:55,544 [WARN] ModelIntegratedComponent:60 - No mode defined for component null
2022-10-01 14:56:55,544 [WARN] ModelIntegratedComponent:60 - No mode defined for component null
2022-10-01 14:56:55,544 [WARN] ModelIntegratedComponent:60 - No mode defined for component null
2022-10-01 14:56:55,544 [WARN] ModelIntegratedComponent:60 - No mode defined for component null
2022-10-01 14:56:55,544 [WARN] ModelIntegratedComponent:60 - No mode defined for component null
2022-10-01 14:56:55,544 [WARN] ModelIntegratedComponent:60 - No mode defined for component null
2022-10-01 14:56:55,544 [WARN] ModelIntegratedComponent:60 - No mode defined for component null
2022-10-01 14:56:55,544 [WARN] ModelIntegratedComponent:60 - No mode defined for component null
2022-10-01 14:56:55,548 [WARN] ApiManager:304 - Cannot register API 'Board Extension:NFC07A1' from pack STMicroelectronics.X-CUBE-NFC7.1.0.0: no header file found
2022-10-01 14:56:55,786 [WARN] ApiManager:304 - Cannot register API 'Board Extension:IKS01A3' from pack STMicroelectronics.X-CUBE-MEMS1.9.3.0: no header file found
2022-10-01 14:56:55,786 [WARN] ApiManager:304 - Cannot register API 'Board Extension:IKS01A2' from pack STMicroelectronics.X-CUBE-MEMS1.9.3.0: no header file found
2022-10-01 14:56:55,786 [WARN] ApiManager:304 - Cannot register API 'Board Extension:IKS02A1' from pack STMicroelectronics.X-CUBE-MEMS1.9.3.0: no header file found
2022-10-01 14:56:55,800 [WARN] ApiManager:304 - Cannot register API 'Wireless:BlueNRG-MS' from pack STMicroelectronics.X-CUBE-BLE1.6.2.3: no header file found
2022-10-01 14:56:55,803 [INFO] RtosManager:484 - Registered RTOS mode: class=CMSIS, group=RTOS, mode=CMSIS_V1, owner=FREERTOS
2022-10-01 14:56:55,804 [INFO] RtosManager:484 - Registered RTOS mode: class=CMSIS, group=RTOS2, mode=CMSIS_V2, owner=FREERTOS
2022-10-01 14:56:55,804 [INFO] RtosManager:484 - Registered RTOS mode: class=RTOS, group=Core, mode=CMSIS_V1, owner=FREERTOS
2022-10-01 14:56:55,804 [INFO] RtosManager:484 - Registered RTOS mode: class=RTOS, group=Core, mode=CMSIS_V2, owner=FREERTOS
2022-10-01 14:56:55,804 [WARN] ModelIntegratedComponent:181 - Missing modes for component STMicroelectronics:FreeRTOS:0.0.1:STMicroelectronics:RTOS:FreeRTOS:Core:::10.2.0:
2022-10-01 14:56:55,810 [WARN] ApiManager:304 - Cannot register API 'Board Extension:S2868A1' from pack STMicroelectronics.X-CUBE-SUBG2.5.0.0: no header file found
2022-10-01 14:56:55,810 [WARN] ApiManager:304 - Cannot register API 'Board Extension:S2868A2' from pack STMicroelectronics.X-CUBE-SUBG2.5.0.0: no header file found
2022-10-01 14:56:55,810 [WARN] ApiManager:304 - Cannot register API 'Board Extension:S2915A1' from pack STMicroelectronics.X-CUBE-SUBG2.5.0.0: no header file found
2022-10-01 14:56:55,815 [WARN] ApiManager:304 - Cannot register API 'Board Extension:EEPRMA1' from pack STMicroelectronics.X-CUBE-EEPRMA1.3.1.1: no header file found
2022-10-01 14:56:55,815 [WARN] ApiManager:304 - Cannot register API 'Board Extension:EEPRMA2' from pack STMicroelectronics.X-CUBE-EEPRMA1.3.1.1: no header file found
2022-10-01 14:56:55,816 [WARN] ApiManager:304 - Cannot register API 'Board Extension:S2868A1' from pack STMicroelectronics.X-CUBE-SFXS2LP1.4.0.0: no header file found
2022-10-01 14:56:55,816 [WARN] ApiManager:304 - Cannot register API 'Board Extension:S2868A2' from pack STMicroelectronics.X-CUBE-SFXS2LP1.4.0.0: no header file found
2022-10-01 14:56:55,816 [WARN] ApiManager:304 - Cannot register API 'Board Extension:S2915A1' from pack STMicroelectronics.X-CUBE-SFXS2LP1.4.0.0: no header file found
2022-10-01 14:56:55,817 [WARN] ApiManager:304 - Cannot register API 'Wireless:BlueNRG-2' from pack STMicroelectronics.X-CUBE-BLE2.3.3.0: no header file found
2022-10-01 14:56:55,818 [WARN] ApiManager:304 - Cannot register API 'Board Extension:NFC04A1' from pack STMicroelectronics.X-CUBE-NFC4.2.0.4: no header file found
2022-10-01 14:56:57,293 [INFO] UtilMem:74 - End LoadConfig() Used Memory: 786532312 Bytes (934281216)
2022-10-01 14:56:57,296 [WARN] ThirdParty:779 - waiting for thirdparty lock release [change project]
2022-10-01 14:56:57,296 [INFO] ThirdParty:781 - entering critical section [change project]
2022-10-01 14:56:57,296 [INFO] ThirdParty:967 - CMSIS Pack Vendor :RoweBots I-CUBE-UNISONRTOS 5.5.0-4
2022-10-01 14:56:57,297 [INFO] ThirdParty:967 - CMSIS Pack Vendor :STMicroelectronics X-CUBE-GNSS1 6.0.0
2022-10-01 14:56:57,297 [INFO] ThirdParty:967 - CMSIS Pack Vendor :STMicroelectronics X-CUBE-AZRTOS-H7 2.1.0
2022-10-01 14:56:57,297 [INFO] ThirdParty:967 - CMSIS Pack Vendor :STMicroelectronics USB_HOST 2.0.0
2022-10-01 14:56:57,297 [INFO] ThirdParty:967 - CMSIS Pack Vendor :STMicroelectronics X-CUBE-AZRTOS-F4 1.1.0
2022-10-01 14:56:57,297 [INFO] ThirdParty:967 - CMSIS Pack Vendor :STMicroelectronics X-CUBE-AZRTOS-G4 1.0.0
2022-10-01 14:56:57,297 [INFO] ThirdParty:967 - CMSIS Pack Vendor :STMicroelectronics X-CUBE-AZRTOS-L4 1.0.0
2022-10-01 14:56:57,297 [INFO] ThirdParty:967 - CMSIS Pack Vendor :STMicroelectronics USB_DEVICE 3.0.0
2022-10-01 14:56:57,297 [INFO] ThirdParty:967 - CMSIS Pack Vendor :wolfSSL I-CUBE-wolfSSL 5.5.0
2022-10-01 14:56:57,297 [INFO] ThirdParty:967 - CMSIS Pack Vendor :STMicroelectronics HAL Drivers 0.0.0
2022-10-01 14:56:57,297 [INFO] ThirdParty:967 - CMSIS Pack Vendor :STMicroelectronics MBEDTLS 2.16.2
2022-10-01 14:56:57,297 [INFO] ThirdParty:967 - CMSIS Pack Vendor :emotas I-CUBE-CANOPEN 1.1.2
2022-10-01 14:56:57,297 [INFO] ThirdParty:967 - CMSIS Pack Vendor :STMicroelectronics X-CUBE-TOUCHGFX 4.20.0
2022-10-01 14:56:57,297 [INFO] ThirdParty:967 - CMSIS Pack Vendor :STMicroelectronics MBEDTLS 2.14.1
2022-10-01 14:56:57,297 [INFO] ThirdParty:967 - CMSIS Pack Vendor :STMicroelectronics X-CUBE-NFC7 1.0.0
2022-10-01 14:56:57,297 [INFO] ThirdParty:967 - CMSIS Pack Vendor :STMicroelectronics X-CUBE-BLEMGR 1.0.0
2022-10-01 14:56:57,297 [INFO] ThirdParty:967 - CMSIS Pack Vendor :STMicroelectronics X-CUBE-AZRTOS-WL 1.0.0
2022-10-01 14:56:57,297 [INFO] ThirdParty:967 - CMSIS Pack Vendor :STMicroelectronics X-CUBE-AZRTOS-F7 1.1.0
2022-10-01 14:56:57,297 [INFO] ThirdParty:967 - CMSIS Pack Vendor :STMicroelectronics X-CUBE-MEMS1 9.3.0
2022-10-01 14:56:57,298 [INFO] ThirdParty:967 - CMSIS Pack Vendor :portGmbH I-Cube-SoM-uGOAL 1.1.0
2022-10-01 14:56:57,298 [INFO] ThirdParty:967 - CMSIS Pack Vendor :STMicroelectronics X-CUBE-ALS 1.0.1
2022-10-01 14:56:57,298 [INFO] ThirdParty:967 - CMSIS Pack Vendor :STMicroelectronics USB_DEVICE 2.0.0
2022-10-01 14:56:57,298 [INFO] ThirdParty:967 - CMSIS Pack Vendor :STMicroelectronics X-CUBE-AI 7.2.0
2022-10-01 14:56:57,298 [INFO] ThirdParty:967 - CMSIS Pack Vendor :STMicroelectronics X-CUBE-BLE1 6.2.3
2022-10-01 14:56:57,298 [INFO] ThirdParty:967 - CMSIS Pack Vendor :STMicroelectronics X-CUBE-ALGOBUILD 1.3.0
2022-10-01 14:56:57,298 [INFO] ThirdParty:967 - CMSIS Pack Vendor :STMicroelectronics X-CUBE-AZRTOS-L5 1.0.0
2022-10-01 14:56:57,298 [INFO] ThirdParty:967 - CMSIS Pack Vendor :STMicroelectronics FreeRTOS 0.0.1
2022-10-01 14:56:57,298 [INFO] ThirdParty:967 - CMSIS Pack Vendor :STMicroelectronics X-CUBE-AZRTOS-G0 1.1.0
2022-10-01 14:56:57,298 [INFO] ThirdParty:967 - CMSIS Pack Vendor :STMicroelectronics USB_DEVICE 1.0.0
2022-10-01 14:56:57,298 [INFO] ThirdParty:967 - CMSIS Pack Vendor :STMicroelectronics X-CUBE-SUBG2 5.0.0
2022-10-01 14:56:57,298 [INFO] ThirdParty:967 - CMSIS Pack Vendor :SEGGER I-CUBE-embOS 1.2.0
2022-10-01 14:56:57,298 [INFO] ThirdParty:967 - CMSIS Pack Vendor :STMicroelectronics X-CUBE-EEPRMA1 3.1.1
2022-10-01 14:56:57,298 [INFO] ThirdParty:967 - CMSIS Pack Vendor :STMicroelectronics ThreadX 0.0.2
2022-10-01 14:56:57,298 [INFO] ThirdParty:967 - CMSIS Pack Vendor :STMicroelectronics lwIP 2.0.3
2022-10-01 14:56:57,298 [INFO] ThirdParty:967 - CMSIS Pack Vendor :STMicroelectronics lwIP 2.1.2
2022-10-01 14:56:57,298 [INFO] ThirdParty:967 - CMSIS Pack Vendor :STMicroelectronics X-CUBE-SFXS2LP1 4.0.0
2022-10-01 14:56:57,299 [INFO] ThirdParty:967 - CMSIS Pack Vendor :STMicroelectronics X-CUBE-BLE2 3.3.0
2022-10-01 14:56:57,299 [INFO] ThirdParty:967 - CMSIS Pack Vendor :STMicroelectronics X-CUBE-NFC4 2.0.4
2022-10-01 14:56:57,299 [INFO] ThirdParty:967 - CMSIS Pack Vendor :STMicroelectronics USB_HOST 1.0.0
2022-10-01 14:56:57,299 [INFO] ThirdParty:967 - CMSIS Pack Vendor :STMicroelectronics X-CUBE-DISPLAY 2.2.0
2022-10-01 14:56:57,299 [INFO] ThirdParty:967 - CMSIS Pack Vendor :STMicroelectronics PDM2PCM 3.1.0
2022-10-01 14:56:57,299 [INFO] ThirdParty:967 - CMSIS Pack Vendor :STMicroelectronics FP-ATR-ASTRA1 1.1.1
2022-10-01 14:56:57,299 [INFO] ThirdParty:967 - CMSIS Pack Vendor :STMicroelectronics PDM2PCM 3.2.0
2022-10-01 14:56:57,299 [INFO] ThirdParty:967 - CMSIS Pack Vendor :STMicroelectronics PDM2PCM 3.3.0
2022-10-01 14:56:57,299 [INFO] ThirdParty:967 - CMSIS Pack Vendor :STMicroelectronics X-CUBE-TOF1 3.1.0
2022-10-01 14:56:57,299 [INFO] ThirdParty:967 - CMSIS Pack Vendor :STMicroelectronics X-CUBE-ISPU 1.0.0
2022-10-01 14:56:57,299 [INFO] ThirdParty:787 - exiting critical section [change project]
2022-10-01 14:56:57,573 [INFO] PinOutPanel:1463 - setPackage(No Configuration,No Configuration)
2022-10-01 14:56:57,574 [INFO] PinOutPanel:1463 - setPackage(STM32F103C6Ux,UFQFPN48)
2022-10-01 14:56:58,051 [INFO] UtilMem:74 - Before build in PCC Used Memory: 701872472 Bytes (934281216)
2022-10-01 14:56:58,667 [INFO] UtilMem:74 - After build in PCC Used Memory: 780515672 Bytes (934281216)
2022-10-01 14:56:58,690 [INFO] IPUIPlugin:74 - create IPUIPlugin
2022-10-01 14:56:58,691 [INFO] IPUIPlugin:74 - create IPUIPlugin
2022-10-01 14:56:58,691 [INFO] IPUIPlugin:74 - create IPUIPlugin
2022-10-01 14:56:58,691 [INFO] IPUIPlugin:74 - create IPUIPlugin
2022-10-01 14:56:58,691 [INFO] IPUIPlugin:74 - create IPUIPlugin
2022-10-01 14:56:58,691 [INFO] IPUIPlugin:74 - create IPUIPlugin
2022-10-01 14:56:58,692 [INFO] IPUIPlugin:74 - create IPUIPlugin
2022-10-01 14:56:58,692 [INFO] IPUIPlugin:74 - create IPUIPlugin
2022-10-01 14:56:58,692 [INFO] IPUIPlugin:74 - create IPUIPlugin
2022-10-01 14:56:58,692 [INFO] IPUIPlugin:74 - create IPUIPlugin
2022-10-01 14:56:58,692 [INFO] IPUIPlugin:74 - create IPUIPlugin
2022-10-01 14:56:58,693 [INFO] IPUIPlugin:74 - create IPUIPlugin
2022-10-01 14:56:58,693 [INFO] IPUIPlugin:74 - create IPUIPlugin
2022-10-01 14:56:58,693 [INFO] IPUIPlugin:74 - create IPUIPlugin
2022-10-01 14:56:58,694 [INFO] IPUIPlugin:74 - create IPUIPlugin
2022-10-01 14:56:58,694 [INFO] IPUIPlugin:74 - create IPUIPlugin
2022-10-01 14:56:58,694 [INFO] IPUIPlugin:74 - create IPUIPlugin
2022-10-01 14:56:58,695 [INFO] IPUIPlugin:74 - create IPUIPlugin
2022-10-01 14:56:58,695 [INFO] IPUIPlugin:74 - create IPUIPlugin
2022-10-01 14:56:58,695 [INFO] IPUIPlugin:74 - create IPUIPlugin
2022-10-01 14:56:58,696 [INFO] IPUIPlugin:74 - create IPUIPlugin
2022-10-01 14:56:58,696 [INFO] IPUIPlugin:74 - create IPUIPlugin
2022-10-01 14:56:58,697 [INFO] IPUIPlugin:74 - create IPUIPlugin
2022-10-01 14:56:58,816 [INFO] OpenFileManager:333 - Restore cursor
2022-10-01 14:56:59,124 [INFO] UtilMem:74 - End SaveConfig() Used Memory: 667385296 Bytes (934281216)
2022-10-01 14:56:59,181 [INFO] UtilMem:74 - End SaveConfig() Used Memory: 679445968 Bytes (934281216)
2022-10-01 14:56:59,488 [INFO] BlockDiagram:2740 - set Specific Code input for plugin: NVIC
2022-10-01 14:56:59,488 [INFO] BlockDiagram:2740 - set Specific Code input for plugin: SYS
2022-10-01 14:56:59,488 [INFO] BlockDiagram:2740 - set Specific Code input for plugin: RCC
2022-10-01 14:56:59,490 [INFO] CodeGenerator:663 - code generatio: config db path: C:\ST\STM32CubeIDE_1.7.0\STM32CubeIDE\plugins\com.st.stm32cube.common.mx_6.3.0.202107141111\\db\
2022-10-01 14:56:59,859 [INFO] CodeEngine:239 - oldGeneratedFile, C:\MCU\Lab1\Ex7\STM\LED_OFF\MXTmpFiles\license.tmp_save
2022-10-01 14:57:00,452 [INFO] CodeEngine:257 - Generated code: C:\MCU\Lab1\Ex7\STM\LED_OFF\MXTmpFiles\license.tmp
2022-10-01 14:57:00,644 [INFO] CodeEngine:239 - oldGeneratedFile, C:\MCU\Lab1\Ex7\STM\LED_OFF\Core\Src\stm32f1xx_it.c_save
2022-10-01 14:57:00,809 [INFO] CodeEngine:257 - Generated code: C:\MCU\Lab1\Ex7\STM\LED_OFF\Core\Src\stm32f1xx_it.c
2022-10-01 14:57:00,817 [INFO] CodeEngine:239 - oldGeneratedFile, C:\MCU\Lab1\Ex7\STM\LED_OFF\Core\Inc\stm32f1xx_it.h_save
2022-10-01 14:57:00,886 [INFO] CodeEngine:257 - Generated code: C:\MCU\Lab1\Ex7\STM\LED_OFF\Core\Inc\stm32f1xx_it.h
2022-10-01 14:57:00,905 [INFO] CodeEngine:239 - oldGeneratedFile, C:\MCU\Lab1\Ex7\STM\LED_OFF\Core\Src\stm32f1xx_hal_msp.c_save
2022-10-01 14:57:01,008 [INFO] CodeEngine:257 - Generated code: C:\MCU\Lab1\Ex7\STM\LED_OFF\Core\Src\stm32f1xx_hal_msp.c
2022-10-01 14:57:01,016 [INFO] CodeEngine:239 - oldGeneratedFile, C:\MCU\Lab1\Ex7\STM\LED_OFF\MXTmpFiles\system.tmp_save
2022-10-01 14:57:01,079 [INFO] CodeEngine:257 - Generated code: C:\MCU\Lab1\Ex7\STM\LED_OFF\MXTmpFiles\system.tmp
2022-10-01 14:57:01,097 [INFO] CodeEngine:239 - oldGeneratedFile, C:\MCU\Lab1\Ex7\STM\LED_OFF\Core\Inc\stm32f1xx_hal_conf.h_save
2022-10-01 14:57:01,194 [INFO] CodeEngine:257 - Generated code: C:\MCU\Lab1\Ex7\STM\LED_OFF\Core\Inc\stm32f1xx_hal_conf.h
2022-10-01 14:57:01,248 [INFO] CodeEngine:239 - oldGeneratedFile, C:\MCU\Lab1\Ex7\STM\LED_OFF\Core\Inc\main.h_save
2022-10-01 14:57:01,347 [INFO] CodeEngine:257 - Generated code: C:\MCU\Lab1\Ex7\STM\LED_OFF\Core\Inc\main.h
2022-10-01 14:57:01,358 [INFO] CodeEngine:239 - oldGeneratedFile, C:\MCU\Lab1\Ex7\STM\LED_OFF\Core\Src\main.c_save
2022-10-01 14:57:01,579 [INFO] CodeEngine:257 - Generated code: C:\MCU\Lab1\Ex7\STM\LED_OFF\Core\Src\main.c
2022-10-01 14:57:02,947 [INFO] ProjectBuilder:2578 - Time for Copy HAL[1] : 557mS.
2022-10-01 14:57:02,959 [INFO] ProjectBuilder:3622 - Project Generator version: 3.14.1
2022-10-01 14:57:03,482 [INFO] ConfigFileManager:1271 - The Die is : DIE412
2022-10-01 14:57:03,519 [INFO] ApiDbMcu:468 - Load IP Config File for FATFS
2022-10-01 14:57:03,560 [INFO] ApiDbMcu:468 - Load IP Config File for FREERTOS
2022-10-01 14:57:03,588 [INFO] ApiDbMcu:468 - Load IP Config File for USB_DEVICE
2022-10-01 14:57:13,039 [INFO] ProjectBuilder:3789 - Time for Generating toolchain IDE Files: 10080mS.
2022-10-01 14:57:13,040 [INFO] ProjectBuilder:2457 - Time for Copy CMSIS : 0mS.
2022-10-01 14:57:13,043 [INFO] ProjectBuilder:2457 - Time for Copy CMSIS : 0mS.
2022-10-01 14:57:13,657 [INFO] McuFinderGlobals:52 - Set McuFinderConnectedMode to true
2022-10-01 14:57:13,659 [INFO] ApiDb:276 - Save user favorites file C:\Users\A.Tuan/.stm32cubeide/favorites.mcus.txt: 0 item(s)
2022-10-01 14:57:13,661 [INFO] ApiDb:280 - User favorites MCUs=[]
2022-10-01 15:06:44,665 [INFO] UtilMem:74 - End SaveConfig() Used Memory: 675392848 Bytes (1018167296)
2022-10-01 15:06:45,480 [INFO] UtilMem:74 - End SaveConfig() Used Memory: 695687104 Bytes (1018167296)
2022-10-01 15:06:48,076 [INFO] UtilMem:74 - End SaveConfig() Used Memory: 612831184 Bytes (1018167296)
2022-10-01 15:06:48,342 [INFO] BlockDiagram:2740 - set Specific Code input for plugin: NVIC
2022-10-01 15:06:48,342 [INFO] BlockDiagram:2740 - set Specific Code input for plugin: SYS
2022-10-01 15:06:48,343 [INFO] BlockDiagram:2740 - set Specific Code input for plugin: GPIO
2022-10-01 15:06:48,343 [INFO] BlockDiagram:2740 - set Specific Code input for plugin: RCC
2022-10-01 15:06:48,344 [INFO] CodeGenerator:663 - code generatio: config db path: C:\ST\STM32CubeIDE_1.7.0\STM32CubeIDE\plugins\com.st.stm32cube.common.mx_6.3.0.202107141111\\db\
2022-10-01 15:06:48,702 [INFO] CodeEngine:239 - oldGeneratedFile, C:\MCU\Lab1\Ex7\STM\LED_OFF\MXTmpFiles\license.tmp_save
2022-10-01 15:06:48,770 [INFO] CodeEngine:257 - Generated code: C:\MCU\Lab1\Ex7\STM\LED_OFF\MXTmpFiles\license.tmp
2022-10-01 15:06:48,853 [INFO] CodeEngine:239 - oldGeneratedFile, C:\MCU\Lab1\Ex7\STM\LED_OFF\MXTmpFiles\gpio.tmp_save
2022-10-01 15:06:48,950 [INFO] CodeEngine:257 - Generated code: C:\MCU\Lab1\Ex7\STM\LED_OFF\MXTmpFiles\gpio.tmp
2022-10-01 15:06:49,008 [INFO] CodeEngine:239 - oldGeneratedFile, C:\MCU\Lab1\Ex7\STM\LED_OFF\Core\Src\stm32f1xx_it.c_save
2022-10-01 15:06:49,089 [INFO] CodeEngine:257 - Generated code: C:\MCU\Lab1\Ex7\STM\LED_OFF\Core\Src\stm32f1xx_it.c
2022-10-01 15:06:49,096 [INFO] CodeEngine:239 - oldGeneratedFile, C:\MCU\Lab1\Ex7\STM\LED_OFF\Core\Inc\stm32f1xx_it.h_save
2022-10-01 15:06:49,176 [INFO] CodeEngine:257 - Generated code: C:\MCU\Lab1\Ex7\STM\LED_OFF\Core\Inc\stm32f1xx_it.h
2022-10-01 15:06:49,196 [INFO] CodeEngine:239 - oldGeneratedFile, C:\MCU\Lab1\Ex7\STM\LED_OFF\Core\Src\stm32f1xx_hal_msp.c_save
2022-10-01 15:06:49,311 [INFO] CodeEngine:257 - Generated code: C:\MCU\Lab1\Ex7\STM\LED_OFF\Core\Src\stm32f1xx_hal_msp.c
2022-10-01 15:06:49,316 [INFO] CodeEngine:239 - oldGeneratedFile, C:\MCU\Lab1\Ex7\STM\LED_OFF\MXTmpFiles\system.tmp_save
2022-10-01 15:06:49,430 [INFO] CodeEngine:257 - Generated code: C:\MCU\Lab1\Ex7\STM\LED_OFF\MXTmpFiles\system.tmp
2022-10-01 15:06:49,463 [INFO] CodeEngine:239 - oldGeneratedFile, C:\MCU\Lab1\Ex7\STM\LED_OFF\Core\Inc\stm32f1xx_hal_conf.h_save
2022-10-01 15:06:49,570 [INFO] CodeEngine:257 - Generated code: C:\MCU\Lab1\Ex7\STM\LED_OFF\Core\Inc\stm32f1xx_hal_conf.h
2022-10-01 15:06:49,605 [INFO] CodeEngine:239 - oldGeneratedFile, C:\MCU\Lab1\Ex7\STM\LED_OFF\Core\Inc\main.h_save
2022-10-01 15:06:49,721 [INFO] CodeEngine:257 - Generated code: C:\MCU\Lab1\Ex7\STM\LED_OFF\Core\Inc\main.h
2022-10-01 15:06:49,734 [INFO] CodeEngine:239 - oldGeneratedFile, C:\MCU\Lab1\Ex7\STM\LED_OFF\Core\Src\main.c_save
2022-10-01 15:06:49,865 [INFO] CodeEngine:257 - Generated code: C:\MCU\Lab1\Ex7\STM\LED_OFF\Core\Src\main.c
2022-10-01 15:06:50,713 [INFO] ProjectBuilder:2578 - Time for Copy HAL[1] : 119mS.
2022-10-01 15:06:50,716 [INFO] ProjectBuilder:3622 - Project Generator version: 3.14.1
2022-10-01 15:06:51,155 [INFO] ConfigFileManager:1271 - The Die is : DIE412
2022-10-01 15:06:53,279 [INFO] ProjectBuilder:3789 - Time for Generating toolchain IDE Files: 2563mS.
2022-10-01 15:06:53,281 [INFO] ProjectBuilder:2457 - Time for Copy CMSIS : 1mS.
2022-10-01 15:06:53,285 [INFO] ProjectBuilder:2457 - Time for Copy CMSIS : 0mS.
2022-10-03 13:21:22,070 [INFO] Activator:177 - 


2022-10-03 13:21:22,070 [INFO] Activator:178 - !SESSION log4j initialized
2022-10-03 13:21:47,206 [INFO] Activator:177 - 


2022-10-03 13:21:47,206 [INFO] Activator:178 - !SESSION log4j initialized
