2022-09-19 12:23:35,233 [INFO] Activator:177 - 


2022-09-19 12:23:35,235 [INFO] Activator:178 - !SESSION log4j initialized
2022-09-19 12:23:42,895 [INFO] McuFinderGlobals:39 - Set McuFinder mode to 2 (CubeIDE integrated)
2022-09-19 12:23:43,122 [INFO] ApplicationProperties:181 - Using Application install path: C:\ST\STM32CubeIDE_1.7.0\STM32CubeIDE\plugins\com.st.stm32cube.common.mx_6.3.0.202107141111
2022-09-19 12:23:43,140 [INFO] DbMcusXml:74 - Set database path to: C:\ST\STM32CubeIDE_1.7.0\STM32CubeIDE\plugins\com.st.stm32cube.common.mx_6.3.0.202107141111\\db\/mcu/
2022-09-19 12:23:43,144 [INFO] DbBoardsPdsc:56 - Set plugin database path to: C:\ST\STM32CubeIDE_1.7.0\STM32CubeIDE\plugins\com.st.stm32cube.common.mx_6.3.0.202107141111\\db\/plugins/boardmanager/
2022-09-19 12:23:43,144 [INFO] DbMcus:258 - Set plugin images path to: C:\ST\STM32CubeIDE_1.7.0\STM32CubeIDE\plugins\com.st.stm32cube.common.mx_6.3.0.202107141111\\db\/plugins/mcufinder/images/
2022-09-19 12:23:43,148 [INFO] DbBoards:264 - Set plugin images path to: C:\ST\STM32CubeIDE_1.7.0\STM32CubeIDE\plugins\com.st.stm32cube.common.mx_6.3.0.202107141111\\db\/plugins/mcufinder/images/
2022-09-19 12:23:43,148 [INFO] DbExamples:333 - Set plugin images path to: C:\ST\STM32CubeIDE_1.7.0\STM32CubeIDE\plugins\com.st.stm32cube.common.mx_6.3.0.202107141111\\db\/plugins/mcufinder/images/
2022-09-19 12:23:43,156 [INFO] DbMcusAds:119 - Set database path to: C:\Users\A.Tuan\.stmcufinder\plugins\mcufinder//mcu/
2022-09-19 12:23:43,156 [INFO] DbMcusDocs:110 - Set database path to: C:\Users\A.Tuan\.stmcufinder\plugins\mcufinder//mcu/
2022-09-19 12:23:43,161 [INFO] DbMcusJson:64 - Set database path to: C:\Users\A.Tuan\.stmcufinder\plugins\mcufinder//mcu/
2022-09-19 12:23:43,161 [INFO] DbBoardsDocs:110 - Set database path to: C:\Users\A.Tuan\.stmcufinder\plugins\mcufinder//mcu/
2022-09-19 12:23:43,161 [INFO] DbBoardsJson:57 - Set database path to: C:\Users\A.Tuan\.stmcufinder\plugins\mcufinder//mcu/
2022-09-19 12:23:43,165 [INFO] CrossReferenceDbSqlite:196 - Set database path to: C:\Users\A.Tuan\.stmcufinder\plugins\mcufinder//mcu/cs/
2022-09-19 12:23:43,169 [INFO] DbExamplesSqlite:767 - Set database path to: C:\Users\A.Tuan\.stmcufinder\plugins\mcufinder//mcu/
2022-09-19 12:23:43,295 [INFO] RulesReader:57 - Compatibility file has been processed (242 Rules)
2022-09-19 12:23:43,431 [INFO] DbMcusXml:74 - Set database path to: C:\ST\STM32CubeIDE_1.7.0\STM32CubeIDE\plugins\com.st.stm32cube.common.mx_6.3.0.202107141111\\db\/mcu/
2022-09-19 12:23:43,432 [INFO] DbBoardsPdsc:56 - Set plugin database path to: C:\ST\STM32CubeIDE_1.7.0\STM32CubeIDE\plugins\com.st.stm32cube.common.mx_6.3.0.202107141111\\db\/plugins/boardmanager/
2022-09-19 12:23:43,432 [INFO] DbMcus:258 - Set plugin images path to: C:\ST\STM32CubeIDE_1.7.0\STM32CubeIDE\plugins\com.st.stm32cube.common.mx_6.3.0.202107141111\\db\/plugins/mcufinder/images/
2022-09-19 12:23:43,432 [INFO] DbBoards:264 - Set plugin images path to: C:\ST\STM32CubeIDE_1.7.0\STM32CubeIDE\plugins\com.st.stm32cube.common.mx_6.3.0.202107141111\\db\/plugins/mcufinder/images/
2022-09-19 12:23:43,432 [INFO] DbExamples:333 - Set plugin images path to: C:\ST\STM32CubeIDE_1.7.0\STM32CubeIDE\plugins\com.st.stm32cube.common.mx_6.3.0.202107141111\\db\/plugins/mcufinder/images/
2022-09-19 12:23:43,433 [WARN] DbFile:35 - Overriding database path with different value: C:\Users\A.Tuan\.stmcufinder\plugins\mcufinder/ => C:\Users\A.Tuan\.stmcufinder\plugins\mcufinder
2022-09-19 12:23:43,433 [INFO] DbMcusAds:119 - Set database path to: C:\Users\A.Tuan\.stmcufinder\plugins\mcufinder//mcu/
2022-09-19 12:23:43,433 [WARN] DbFile:35 - Overriding database path with different value: C:\Users\A.Tuan\.stmcufinder\plugins\mcufinder/ => C:\Users\A.Tuan\.stmcufinder\plugins\mcufinder
2022-09-19 12:23:43,433 [INFO] DbMcusDocs:110 - Set database path to: C:\Users\A.Tuan\.stmcufinder\plugins\mcufinder//mcu/
2022-09-19 12:23:43,433 [WARN] DbFile:35 - Overriding database path with different value: C:\Users\A.Tuan\.stmcufinder\plugins\mcufinder/ => C:\Users\A.Tuan\.stmcufinder\plugins\mcufinder
2022-09-19 12:23:43,433 [INFO] DbMcusJson:64 - Set database path to: C:\Users\A.Tuan\.stmcufinder\plugins\mcufinder//mcu/
2022-09-19 12:23:43,433 [WARN] DbFile:35 - Overriding database path with different value: C:\Users\A.Tuan\.stmcufinder\plugins\mcufinder/ => C:\Users\A.Tuan\.stmcufinder\plugins\mcufinder
2022-09-19 12:23:43,433 [INFO] DbBoardsDocs:110 - Set database path to: C:\Users\A.Tuan\.stmcufinder\plugins\mcufinder//mcu/
2022-09-19 12:23:43,433 [WARN] DbFile:35 - Overriding database path with different value: C:\Users\A.Tuan\.stmcufinder\plugins\mcufinder/ => C:\Users\A.Tuan\.stmcufinder\plugins\mcufinder
2022-09-19 12:23:43,433 [INFO] DbBoardsJson:57 - Set database path to: C:\Users\A.Tuan\.stmcufinder\plugins\mcufinder//mcu/
2022-09-19 12:23:43,433 [WARN] DbFile:35 - Overriding database path with different value: C:\Users\A.Tuan\.stmcufinder\plugins\mcufinder/ => C:\Users\A.Tuan\.stmcufinder\plugins\mcufinder
2022-09-19 12:23:43,435 [WARN] DbFile:35 - Overriding database path with different value: C:\Users\A.Tuan\.stmcufinder\plugins\mcufinder/ => C:\Users\A.Tuan\.stmcufinder\plugins\mcufinder
2022-09-19 12:23:43,435 [INFO] CrossReferenceDbSqlite:196 - Set database path to: C:\Users\A.Tuan\.stmcufinder\plugins\mcufinder//mcu/cs/
2022-09-19 12:23:43,435 [WARN] DbFile:35 - Overriding database path with different value: C:\Users\A.Tuan\.stmcufinder\plugins\mcufinder/ => C:\Users\A.Tuan\.stmcufinder\plugins\mcufinder
2022-09-19 12:23:43,435 [INFO] DbExamplesSqlite:767 - Set database path to: C:\Users\A.Tuan\.stmcufinder\plugins\mcufinder//mcu/
2022-09-19 12:23:43,544 [INFO] MainPanel:214 - HeapMemory: 268435456
2022-09-19 12:23:43,689 [INFO] DbMcusXml:74 - Set database path to: C:\ST\STM32CubeIDE_1.7.0\STM32CubeIDE\plugins\com.st.stm32cube.common.mx_6.3.0.202107141111\\db\/mcu/
2022-09-19 12:23:43,689 [INFO] DbBoardsPdsc:56 - Set plugin database path to: C:\ST\STM32CubeIDE_1.7.0\STM32CubeIDE\plugins\com.st.stm32cube.common.mx_6.3.0.202107141111\\db\/plugins/boardmanager/
2022-09-19 12:23:43,689 [INFO] DbMcus:258 - Set plugin images path to: C:\ST\STM32CubeIDE_1.7.0\STM32CubeIDE\plugins\com.st.stm32cube.common.mx_6.3.0.202107141111\\db\/plugins/mcufinder/images/
2022-09-19 12:23:43,689 [INFO] DbBoards:264 - Set plugin images path to: C:\ST\STM32CubeIDE_1.7.0\STM32CubeIDE\plugins\com.st.stm32cube.common.mx_6.3.0.202107141111\\db\/plugins/mcufinder/images/
2022-09-19 12:23:43,689 [INFO] DbExamples:333 - Set plugin images path to: C:\ST\STM32CubeIDE_1.7.0\STM32CubeIDE\plugins\com.st.stm32cube.common.mx_6.3.0.202107141111\\db\/plugins/mcufinder/images/
2022-09-19 12:23:43,689 [WARN] DbFile:35 - Overriding database path with different value: C:\Users\A.Tuan\.stmcufinder\plugins\mcufinder/ => C:\Users\A.Tuan\.stmcufinder\plugins\mcufinder
2022-09-19 12:23:43,689 [INFO] DbMcusAds:119 - Set database path to: C:\Users\A.Tuan\.stmcufinder\plugins\mcufinder//mcu/
2022-09-19 12:23:43,689 [WARN] DbFile:35 - Overriding database path with different value: C:\Users\A.Tuan\.stmcufinder\plugins\mcufinder/ => C:\Users\A.Tuan\.stmcufinder\plugins\mcufinder
2022-09-19 12:23:43,689 [INFO] DbMcusDocs:110 - Set database path to: C:\Users\A.Tuan\.stmcufinder\plugins\mcufinder//mcu/
2022-09-19 12:23:43,689 [WARN] DbFile:35 - Overriding database path with different value: C:\Users\A.Tuan\.stmcufinder\plugins\mcufinder/ => C:\Users\A.Tuan\.stmcufinder\plugins\mcufinder
2022-09-19 12:23:43,689 [INFO] DbMcusJson:64 - Set database path to: C:\Users\A.Tuan\.stmcufinder\plugins\mcufinder//mcu/
2022-09-19 12:23:43,689 [WARN] DbFile:35 - Overriding database path with different value: C:\Users\A.Tuan\.stmcufinder\plugins\mcufinder/ => C:\Users\A.Tuan\.stmcufinder\plugins\mcufinder
2022-09-19 12:23:43,689 [INFO] DbBoardsDocs:110 - Set database path to: C:\Users\A.Tuan\.stmcufinder\plugins\mcufinder//mcu/
2022-09-19 12:23:43,689 [WARN] DbFile:35 - Overriding database path with different value: C:\Users\A.Tuan\.stmcufinder\plugins\mcufinder/ => C:\Users\A.Tuan\.stmcufinder\plugins\mcufinder
2022-09-19 12:23:43,689 [INFO] DbBoardsJson:57 - Set database path to: C:\Users\A.Tuan\.stmcufinder\plugins\mcufinder//mcu/
2022-09-19 12:23:43,693 [WARN] DbFile:35 - Overriding database path with different value: C:\Users\A.Tuan\.stmcufinder\plugins\mcufinder/ => C:\Users\A.Tuan\.stmcufinder\plugins\mcufinder
2022-09-19 12:23:43,693 [WARN] DbFile:35 - Overriding database path with different value: C:\Users\A.Tuan\.stmcufinder\plugins\mcufinder/ => C:\Users\A.Tuan\.stmcufinder\plugins\mcufinder
2022-09-19 12:23:43,693 [INFO] CrossReferenceDbSqlite:196 - Set database path to: C:\Users\A.Tuan\.stmcufinder\plugins\mcufinder//mcu/cs/
2022-09-19 12:23:43,693 [WARN] DbFile:35 - Overriding database path with different value: C:\Users\A.Tuan\.stmcufinder\plugins\mcufinder/ => C:\Users\A.Tuan\.stmcufinder\plugins\mcufinder
2022-09-19 12:23:43,693 [INFO] DbExamplesSqlite:767 - Set database path to: C:\Users\A.Tuan\.stmcufinder\plugins\mcufinder//mcu/
2022-09-19 12:23:43,719 [INFO] ApplicationProperties:181 - Using Application install path: C:\ST\STM32CubeIDE_1.7.0\STM32CubeIDE\plugins\com.st.stm32cube.common.mx_6.3.0.202107141111
2022-09-19 12:23:43,723 [INFO] PluginManage:188 - Search for loadable plugins [exclusion list=, ]
2022-09-19 12:23:43,723 [INFO] PluginManage:302 - Check plugin analytics
2022-09-19 12:23:43,906 [INFO] AnalyticsPlugin:257 - Accepted Software Licenses: 
2022-09-19 12:23:43,906 [INFO] AnalyticsPlugin:259 - Accepted CMSIS Pack Licenses: 
2022-09-19 12:23:43,906 [INFO] AnalyticsPlugin:261 - Accepted Firmware Licenses: 
2022-09-19 12:23:43,910 [INFO] PluginManage:352 - Loaded plugin analytics (category:tool,tabindex:-1)
2022-09-19 12:23:43,910 [INFO] PluginManage:302 - Check plugin clock
2022-09-19 12:23:43,925 [INFO] PluginManage:352 - Loaded plugin clock (category:base,tabindex:2)
2022-09-19 12:23:43,925 [INFO] PluginManage:302 - Check plugin ddr
2022-09-19 12:23:43,930 [INFO] PluginManage:352 - Loaded plugin ddr (category:tool,tabindex:6)
2022-09-19 12:23:43,930 [INFO] PluginManage:302 - Check plugin filemanager
2022-09-19 12:23:44,089 [INFO] PluginManage:352 - Loaded plugin filemanager (category:base,tabindex:10)
2022-09-19 12:23:44,092 [INFO] PluginManage:302 - Check plugin ipmanager
2022-09-19 12:23:44,101 [INFO] PluginManage:352 - Loaded plugin ipmanager (category:base,tabindex:5)
2022-09-19 12:23:44,101 [INFO] PluginManage:302 - Check plugin pinoutandconfiguration
2022-09-19 12:23:44,113 [INFO] PluginManage:352 - Loaded plugin pinoutandconfiguration (category:base,tabindex:1)
2022-09-19 12:23:44,113 [INFO] PluginManage:302 - Check plugin pinoutconfig
2022-09-19 12:23:44,150 [INFO] PluginManage:352 - Loaded plugin pinoutconfig (category:base,tabindex:0)
2022-09-19 12:23:44,150 [INFO] PluginManage:302 - Check plugin power
2022-09-19 12:23:44,169 [INFO] PluginManage:352 - Loaded plugin power (category:power,tabindex:4)
2022-09-19 12:23:44,169 [INFO] PluginManage:302 - Check plugin projectmanager
2022-09-19 12:23:44,193 [INFO] PluginManage:352 - Loaded plugin projectmanager (category:projectmanager,tabindex:3)
2022-09-19 12:23:44,193 [INFO] PluginManage:302 - Check plugin thirdparty
2022-09-19 12:23:44,368 [INFO] PluginManage:352 - Loaded plugin thirdparty (category:base,tabindex:-1)
2022-09-19 12:23:44,368 [INFO] PluginManage:302 - Check plugin tools
2022-09-19 12:23:44,368 [WARN] IntegrityCheckThread:78 - waiting for thirdparty lock release [integrity check]
2022-09-19 12:23:44,373 [INFO] IntegrityCheckThread:80 - entering critical section [integrity check]
2022-09-19 12:23:44,374 [INFO] ThirdPartyUpdaterWithRetryManager:66 - Updater plugin not ready yet. [1/15]
2022-09-19 12:23:44,375 [INFO] PluginManage:352 - Loaded plugin tools (category:base,tabindex:7)
2022-09-19 12:23:44,375 [INFO] PluginManage:302 - Check plugin tutovideos
2022-09-19 12:23:44,731 [INFO] PluginManage:352 - Loaded plugin tutovideos (category:base,tabindex:-1)
2022-09-19 12:23:44,731 [INFO] PluginManage:302 - Check plugin updater
2022-09-19 12:23:44,747 [INFO] PluginManage:352 - Loaded plugin updater (category:base,tabindex:12)
2022-09-19 12:23:44,747 [INFO] PluginManage:275 - PluginManage : Loaded plugins [13]
2022-09-19 12:23:44,999 [INFO] PinOutPanel:1463 - setPackage(No Configuration,No Configuration)
2022-09-19 12:23:45,135 [INFO] IPUIPlugin:74 - create IPUIPlugin
2022-09-19 12:23:45,135 [INFO] PluginManager:213 - loadIPPluginJar : add adc
2022-09-19 12:23:45,139 [INFO] IPUIPlugin:74 - create IPUIPlugin
2022-09-19 12:23:45,143 [INFO] PluginManager:213 - loadIPPluginJar : add aes
2022-09-19 12:23:45,143 [INFO] IPUIPlugin:74 - create IPUIPlugin
2022-09-19 12:23:45,143 [INFO] PluginManager:213 - loadIPPluginJar : add can
2022-09-19 12:23:45,147 [INFO] IPUIPlugin:74 - create IPUIPlugin
2022-09-19 12:23:45,147 [INFO] PluginManager:213 - loadIPPluginJar : add comp
2022-09-19 12:23:45,155 [INFO] IPUIPlugin:74 - create IPUIPlugin
2022-09-19 12:23:45,155 [INFO] PluginManager:213 - loadIPPluginJar : add cryp
2022-09-19 12:23:45,161 [INFO] IPUIPlugin:74 - create IPUIPlugin
2022-09-19 12:23:45,161 [INFO] PluginManager:213 - loadIPPluginJar : add dfsdm
2022-09-19 12:23:45,174 [INFO] IPUIPlugin:74 - create IPUIPlugin
2022-09-19 12:23:45,178 [INFO] PluginManager:213 - loadIPPluginJar : add dma
2022-09-19 12:23:45,182 [INFO] IPUIPlugin:74 - create IPUIPlugin
2022-09-19 12:23:45,182 [INFO] PluginManager:213 - loadIPPluginJar : add dma3
2022-09-19 12:23:45,186 [INFO] IPUIPlugin:74 - create IPUIPlugin
2022-09-19 12:23:45,190 [INFO] PluginManager:213 - loadIPPluginJar : add fatfs
2022-09-19 12:23:45,198 [INFO] IPUIPlugin:74 - create IPUIPlugin
2022-09-19 12:23:45,202 [INFO] PluginManager:213 - loadIPPluginJar : add fmc
2022-09-19 12:23:45,211 [INFO] IPUIPlugin:74 - create IPUIPlugin
2022-09-19 12:23:45,211 [INFO] PluginManager:213 - loadIPPluginJar : add freertos
2022-09-19 12:23:45,213 [INFO] IPUIPlugin:74 - create IPUIPlugin
2022-09-19 12:23:45,213 [INFO] PluginManager:213 - loadIPPluginJar : add genericplugin
2022-09-19 12:23:45,218 [INFO] IPUIPlugin:74 - create IPUIPlugin
2022-09-19 12:23:45,218 [INFO] PluginManager:213 - loadIPPluginJar : add gfxmmu
2022-09-19 12:23:45,222 [INFO] IPUIPlugin:74 - create IPUIPlugin
2022-09-19 12:23:45,226 [INFO] PluginManager:213 - loadIPPluginJar : add gic
2022-09-19 12:23:45,229 [INFO] IPUIPlugin:74 - create IPUIPlugin
2022-09-19 12:23:45,229 [INFO] PluginManager:213 - loadIPPluginJar : add gpio
2022-09-19 12:23:45,233 [INFO] IPUIPlugin:74 - create IPUIPlugin
2022-09-19 12:23:45,233 [INFO] PluginManager:213 - loadIPPluginJar : add gtzc
2022-09-19 12:23:45,233 [INFO] IPUIPlugin:74 - create IPUIPlugin
2022-09-19 12:23:45,237 [INFO] PluginManager:213 - loadIPPluginJar : add hash
2022-09-19 12:23:45,239 [INFO] IPUIPlugin:74 - create IPUIPlugin
2022-09-19 12:23:45,239 [INFO] PluginManager:213 - loadIPPluginJar : add i2c
2022-09-19 12:23:45,243 [INFO] IPUIPlugin:74 - create IPUIPlugin
2022-09-19 12:23:45,243 [INFO] PluginManager:213 - loadIPPluginJar : add i2s
2022-09-19 12:23:45,247 [INFO] IPUIPlugin:74 - create IPUIPlugin
2022-09-19 12:23:45,247 [INFO] PluginManager:213 - loadIPPluginJar : add ipddr
2022-09-19 12:23:45,256 [INFO] IPUIPlugin:74 - create IPUIPlugin
2022-09-19 12:23:45,256 [INFO] PluginManager:213 - loadIPPluginJar : add linkedlist
2022-09-19 12:23:45,260 [INFO] IPUIPlugin:74 - create IPUIPlugin
2022-09-19 12:23:45,260 [INFO] PluginManager:213 - loadIPPluginJar : add lorawan
2022-09-19 12:23:45,260 [INFO] IPUIPlugin:74 - create IPUIPlugin
2022-09-19 12:23:45,260 [INFO] PluginManager:213 - loadIPPluginJar : add ltdc
2022-09-19 12:23:45,266 [INFO] IPUIPlugin:74 - create IPUIPlugin
2022-09-19 12:23:45,270 [INFO] PluginManager:213 - loadIPPluginJar : add mdma
2022-09-19 12:23:45,270 [INFO] IPUIPlugin:74 - create IPUIPlugin
2022-09-19 12:23:45,274 [INFO] PluginManager:213 - loadIPPluginJar : add nvic
2022-09-19 12:23:45,274 [INFO] IPUIPlugin:74 - create IPUIPlugin
2022-09-19 12:23:45,274 [INFO] PluginManager:213 - loadIPPluginJar : add opamp
2022-09-19 12:23:45,282 [INFO] IPUIPlugin:74 - create IPUIPlugin
2022-09-19 12:23:45,282 [INFO] PluginManager:213 - loadIPPluginJar : add openamp
2022-09-19 12:23:45,289 [INFO] IPUIPlugin:74 - create IPUIPlugin
2022-09-19 12:23:45,289 [INFO] PluginManager:213 - loadIPPluginJar : add pdm2pcm
2022-09-19 12:23:45,295 [INFO] IPUIPlugin:74 - create IPUIPlugin
2022-09-19 12:23:45,303 [INFO] PluginManager:213 - loadIPPluginJar : add plateformsettings
2022-09-19 12:23:45,305 [INFO] IPUIPlugin:74 - create IPUIPlugin
2022-09-19 12:23:45,306 [INFO] PluginManager:213 - loadIPPluginJar : add quadspi
2022-09-19 12:23:45,310 [INFO] IPUIPlugin:74 - create IPUIPlugin
2022-09-19 12:23:45,310 [INFO] PluginManager:213 - loadIPPluginJar : add resmgrutility
2022-09-19 12:23:45,315 [INFO] IPUIPlugin:74 - create IPUIPlugin
2022-09-19 12:23:45,316 [INFO] PluginManager:213 - loadIPPluginJar : add sai
2022-09-19 12:23:45,316 [INFO] IPUIPlugin:74 - create IPUIPlugin
2022-09-19 12:23:45,316 [INFO] PluginManager:213 - loadIPPluginJar : add spi
2022-09-19 12:23:45,325 [INFO] IPUIPlugin:74 - create IPUIPlugin
2022-09-19 12:23:45,325 [INFO] PluginManager:213 - loadIPPluginJar : add stm32_wpan
2022-09-19 12:23:45,325 [INFO] IPUIPlugin:74 - create IPUIPlugin
2022-09-19 12:23:45,325 [INFO] PluginManager:213 - loadIPPluginJar : add tim
2022-09-19 12:23:45,359 [INFO] IPUIPlugin:74 - create IPUIPlugin
2022-09-19 12:23:45,359 [INFO] PluginManager:213 - loadIPPluginJar : add touchsensing
2022-09-19 12:23:45,363 [INFO] IPUIPlugin:74 - create IPUIPlugin
2022-09-19 12:23:45,363 [INFO] PluginManager:213 - loadIPPluginJar : add tracer_emb
2022-09-19 12:23:45,368 [INFO] IPUIPlugin:74 - create IPUIPlugin
2022-09-19 12:23:45,368 [INFO] PluginManager:213 - loadIPPluginJar : add ts
2022-09-19 12:23:45,368 [INFO] IPUIPlugin:74 - create IPUIPlugin
2022-09-19 12:23:45,368 [INFO] PluginManager:213 - loadIPPluginJar : add tsc
2022-09-19 12:23:45,372 [INFO] IPUIPlugin:74 - create IPUIPlugin
2022-09-19 12:23:45,372 [INFO] PluginManager:213 - loadIPPluginJar : add ucpd
2022-09-19 12:23:45,375 [INFO] IPUIPlugin:74 - create IPUIPlugin
2022-09-19 12:23:45,375 [INFO] PluginManager:213 - loadIPPluginJar : add usart
2022-09-19 12:23:45,379 [INFO] IPUIPlugin:74 - create IPUIPlugin
2022-09-19 12:23:45,379 [INFO] PluginManager:213 - loadIPPluginJar : add usbx
2022-09-19 12:23:46,030 [FATAL] Updater:294 - Updater called before beeing initialized
2022-09-19 12:23:46,195 [FATAL] Updater:294 - Updater called before beeing initialized
2022-09-19 12:23:46,199 [INFO] DbMcusAds:47 - JSON generation date=Thu Sep 30 13:55:09 ICT 2021 (1632984909265)
2022-09-19 12:23:46,199 [FATAL] Updater:294 - Updater called before beeing initialized
2022-09-19 12:23:46,251 [WARN] DetailPanel:314 - Failed to get advertising image, set to default
2022-09-19 12:23:46,374 [FATAL] Updater:294 - Updater called before beeing initialized
2022-09-19 12:23:46,374 [FATAL] Updater:294 - Updater called before beeing initialized
2022-09-19 12:23:46,374 [FATAL] Updater:294 - Updater called before beeing initialized
2022-09-19 12:23:46,374 [WARN] DetailPanel:314 - Failed to get advertising image, set to default
2022-09-19 12:23:46,378 [FATAL] Updater:294 - Updater called before beeing initialized
2022-09-19 12:23:46,455 [ERROR] Updater:1075 - MainUpdater not yet initialized. External WinMGr cannot be set.
2022-09-19 12:23:46,459 [INFO] Updater:1012 - Updater Version found : 6.3.0
2022-09-19 12:23:46,485 [INFO] ApplicationProperties:181 - Using Application install path: C:\ST\STM32CubeIDE_1.7.0\STM32CubeIDE\plugins\com.st.stm32cube.common.mx_6.3.0.202107141111
2022-09-19 12:23:46,828 [INFO] MainUpdater:2671 - connection check result : 10
2022-09-19 12:23:46,828 [INFO] MainUpdater:265 - Updater Check For Update Now.
2022-09-19 12:23:46,828 [INFO] MicroXplorer:478 - Change Database Version : DB.6.0.30
2022-09-19 12:23:47,038 [INFO] CheckServerUpdateThread:112 - End of CheckServer Thread
2022-09-19 12:23:47,063 [INFO] MainUpdater:2671 - connection check result : 10
2022-09-19 12:23:47,393 [INFO] McuFinderGlobals:52 - Set McuFinderConnectedMode to false
2022-09-19 12:23:47,552 [INFO] CrossSelectorPresenter:1330 - Cross Selector saved comparison directory: C:\Users\A.Tuan\.stmcufinder\plugins\mcufinder\mcu\cs_comparisons_mx
2022-09-19 12:23:47,560 [INFO] MultiScanPanel:197 - Auto-refresh data requested => check proxy status ongoing
2022-09-19 12:23:47,560 [INFO] MultiScanPanel:201 - Proxy status is invalid
2022-09-19 12:23:47,565 [INFO] FinderPluginLoader:87 - Searching for filters in installed packs
2022-09-19 12:23:47,569 [INFO] DbMcusXml:100 - Load MCU database from C:\ST\STM32CubeIDE_1.7.0\STM32CubeIDE\plugins\com.st.stm32cube.common.mx_6.3.0.202107141111\\db\/mcu/families.xml
2022-09-19 12:23:47,619 [WARN] PackLoader:238 - Cannot read IP mode file for STMicroelectronics.X-CUBE-GNSS1.6.0.0
2022-09-19 12:23:47,668 [WARN] PackLoader:238 - Cannot read IP mode file for STMicroelectronics.X-CUBE-AZRTOS-F4.1.1.0
2022-09-19 12:23:47,724 [WARN] PackLoader:238 - Cannot read IP mode file for STMicroelectronics.X-CUBE-AZRTOS-F7.1.1.0
2022-09-19 12:23:47,739 [WARN] PackLoader:238 - Cannot read IP mode file for STMicroelectronics.X-CUBE-BLE1.6.2.3
2022-09-19 12:23:47,749 [WARN] PackLoader:238 - Cannot read IP mode file for STMicroelectronics.X-CUBE-NFC4.2.0.4
2022-09-19 12:23:47,788 [WARN] PackLoader:238 - Cannot read IP mode file for STMicroelectronics.X-CUBE-TOF1.3.1.0
2022-09-19 12:23:47,835 [WARN] PackLoader:238 - Cannot read IP mode file for wolfSSL.I-CUBE-wolfSSL.5.5.0
2022-09-19 12:23:47,843 [WARN] PackLoader:238 - Cannot read IP mode file for STMicroelectronics.X-CUBE-NFC7.1.0.0
2022-09-19 12:23:47,956 [WARN] PackLoader:238 - Cannot read IP mode file for STMicroelectronics.X-CUBE-MEMS1.9.3.0
2022-09-19 12:23:48,275 [WARN] PackLoader:238 - Cannot read IP mode file for STMicroelectronics.X-CUBE-AI.7.2.0
2022-09-19 12:23:48,284 [WARN] PackLoader:238 - Cannot read IP mode file for STMicroelectronics.X-CUBE-SFXS2LP1.4.0.0
2022-09-19 12:23:48,292 [WARN] PackLoader:238 - Cannot read IP mode file for STMicroelectronics.X-CUBE-BLE2.3.3.0
2022-09-19 12:23:48,305 [WARN] PackLoader:238 - Cannot read IP mode file for STMicroelectronics.X-CUBE-DISPLAY.2.2.0
2022-09-19 12:23:48,315 [WARN] PackLoader:238 - Cannot read IP mode file for STMicroelectronics.X-CUBE-ISPU.1.0.0
2022-09-19 12:23:48,335 [WARN] PackLoader:238 - Cannot read IP mode file for RoweBots.I-CUBE-UNISONRTOS.5.5.0-4
2022-09-19 12:23:48,402 [WARN] PackLoader:238 - Cannot read IP mode file for STMicroelectronics.X-CUBE-AZRTOS-H7.2.1.0
2022-09-19 12:23:48,416 [WARN] PackLoader:238 - Cannot read IP mode file for STMicroelectronics.X-CUBE-BLEMGR.1.0.0
2022-09-19 12:23:48,425 [WARN] PackLoader:238 - Cannot read IP mode file for STMicroelectronics.X-CUBE-ALGOBUILD.1.3.0
2022-09-19 12:23:48,465 [WARN] PackLoader:238 - Cannot read IP mode file for STMicroelectronics.X-CUBE-AZRTOS-G0.1.1.0
2022-09-19 12:23:48,498 [WARN] PackLoader:238 - Cannot read IP mode file for STMicroelectronics.X-CUBE-SUBG2.5.0.0
2022-09-19 12:23:48,578 [WARN] PackLoader:238 - Cannot read IP mode file for SEGGER.I-CUBE-embOS.1.2.0
2022-09-19 12:23:48,685 [WARN] PackLoader:238 - Cannot read IP mode file for STMicroelectronics.FP-ATR-ASTRA1.1.1.1
2022-09-19 12:23:48,701 [WARN] PackLoader:238 - Cannot read IP mode file for STMicroelectronics.X-CUBE-AZRTOS-G4.1.0.0
2022-09-19 12:23:48,737 [WARN] PackLoader:238 - Cannot read IP mode file for STMicroelectronics.X-CUBE-AZRTOS-L4.1.0.0
2022-09-19 12:23:48,759 [WARN] PackLoader:238 - Cannot read IP mode file for emotas.I-CUBE-CANOPEN.1.1.2
2022-09-19 12:23:48,768 [WARN] PackLoader:238 - Cannot read IP mode file for STMicroelectronics.X-CUBE-TOUCHGFX.4.20.0
2022-09-19 12:23:48,795 [WARN] PackLoader:238 - Cannot read IP mode file for STMicroelectronics.X-CUBE-AZRTOS-WL.1.0.0
2022-09-19 12:23:48,827 [WARN] PackLoader:238 - Cannot read IP mode file for portGmbH.I-Cube-SoM-uGOAL.1.1.0
2022-09-19 12:23:48,834 [WARN] PackLoader:238 - Cannot read IP mode file for STMicroelectronics.X-CUBE-ALS.1.0.1
2022-09-19 12:23:48,856 [WARN] PackLoader:238 - Cannot read IP mode file for STMicroelectronics.X-CUBE-AZRTOS-L5.1.0.0
2022-09-19 12:23:48,860 [INFO] DbMcusJson:93 - JSON generation date=Tue Nov 16 23:17:54 ICT 2021 (1637079474)
2022-09-19 12:23:48,872 [WARN] PackLoader:238 - Cannot read IP mode file for STMicroelectronics.X-CUBE-EEPRMA1.3.1.1
2022-09-19 12:23:48,875 [INFO] ThirdParty:915 - Integrity check success = true
2022-09-19 12:23:48,875 [INFO] IntegrityCheckThread:94 - exiting critical section [integrity check]
2022-09-19 12:23:48,875 [INFO] IntegrityCheckThread:97 - End integrity checks thread
2022-09-19 12:23:49,663 [INFO] DbMcus:175 - Found 1951 MCUs (1903 are supported by CubeMX, 1914 are visible in CubeMX)
2022-09-19 12:23:49,665 [INFO] ApiDb:251 - Load user favorites file C:\Users\A.Tuan/.stm32cubeide/favorites.mcus.txt: 0 item(s)
2022-09-19 12:23:49,665 [INFO] ApiDb:255 - User favorites MCUs=[]
2022-09-19 12:23:49,665 [INFO] DbMcus:187 - Set 0 / 0 favorites MCUs
2022-09-19 12:23:50,329 [INFO] DetailPanel:309 - Set advertising image to C:/Users/A.Tuan/STM32Cube/Repository/\en.Prom_NBSTM32U50921.jpg
2022-09-19 12:23:50,888 [INFO] DbBoardsPdsc:90 - Found 25 items
2022-09-19 12:23:50,892 [INFO] DbBoardsPdsc:90 - Found 9 items
2022-09-19 12:23:50,900 [INFO] DbBoardsPdsc:90 - Found 33 items
2022-09-19 12:23:50,904 [INFO] DbBoardsPdsc:90 - Found 1 items
2022-09-19 12:23:50,920 [INFO] DbBoardsPdsc:90 - Found 48 items
2022-09-19 12:23:50,940 [INFO] DbBoardsPdsc:90 - Found 43 items
2022-09-19 12:23:50,943 [INFO] DbBoardsPdsc:90 - Found 2 items
2022-09-19 12:23:50,947 [INFO] DbBoardsPdsc:90 - Found 5 items
2022-09-19 12:23:50,959 [WARN] DbBoardsPdsc:254 - Board STM32H7B3I-DK: unknown feature type=Audio, name=, username=Audio stereo codec with Headphone Amp (CS42L51-CNZ), n=1
2022-09-19 12:23:50,959 [WARN] DbBoardsPdsc:254 - Board STM32H735G-DK: unknown feature type=Audio, name=, username=Audio stereo codec with Headphone Amp (WM8994ECS/R), n=1
2022-09-19 12:23:50,963 [WARN] DbBoardsPdsc:254 - Board STM32H7B3I-EVAL: unknown feature type=Audio, name=, username=Multi-Channel Audio Codec (CS42L51-CNZ), n=1
2022-09-19 12:23:50,963 [WARN] DbBoardsPdsc:254 - Board STM32H7B3I-EVAL: unknown feature type=Meter, name=, username=Power-metering and Temperature-monitoring with sigma-delta modulators, n=1
2022-09-19 12:23:50,963 [WARN] DbBoardsPdsc:254 - Board STM32H7B3I-EVAL: unknown feature type=Motor, name=, username=Motor Control, n=1
2022-09-19 12:23:50,968 [WARN] DbBoardsPdsc:254 - Board STM32U575I-EV: unknown feature type=joystick, name=, username=4-direction joystick with selection button, n=1
2022-09-19 12:23:51,038 [INFO] DbBoardsJson:86 - JSON generation date=Tue Nov 16 23:17:54 ICT 2021 (1637079474)
2022-09-19 12:23:51,048 [INFO] DbBoards:117 - Found 167 boards (163 are supported by CubeMX)
2022-09-19 12:23:51,056 [INFO] DbBoardsDocs:143 - JSON generation date=Tue Nov 16 23:17:54 ICT 2021 (1637079474)
2022-09-19 12:23:51,064 [INFO] DbBoardsDocs:79 - Found 209 boards documents
2022-09-19 12:23:51,068 [WARN] DbBoards:127 - board B-L475E-IOT01A2 has no document id list !
2022-09-19 12:23:51,068 [WARN] DbBoards:127 - board NUCLEO-H743ZI has no document id list !
2022-09-19 12:23:51,072 [WARN] DbBoards:127 - board NUCLEO-WL55JC2 has no document id list !
2022-09-19 12:23:51,072 [WARN] DbBoards:127 - board P-NUCLEO-WB55-Nucleo has no document id list !
2022-09-19 12:23:51,072 [WARN] DbBoards:127 - board P-NUCLEO-WB55-USBDongle has no document id list !
2022-09-19 12:23:51,072 [WARN] DbBoards:127 - board STEVAL-BFA001V1B has no document id list !
2022-09-19 12:23:51,072 [WARN] DbBoards:127 - board STEVAL-BFA001V2B has no document id list !
2022-09-19 12:23:51,072 [WARN] DbBoards:127 - board STEVAL-IDP005V1 has no document id list !
2022-09-19 12:23:51,072 [WARN] DbBoards:127 - board STEVAL-IDP005V2 has no document id list !
2022-09-19 12:23:51,072 [WARN] DbBoards:127 - board STEVAL-MKSBOX1V1 has no document id list !
2022-09-19 12:23:51,072 [WARN] DbBoards:127 - board STEVAL-STWINKT1 has no document id list !
2022-09-19 12:23:51,076 [WARN] DbBoards:127 - board STEVAL-STWINKT1B has no document id list !
2022-09-19 12:23:51,076 [WARN] DbBoards:127 - board STM32439I-EVAL2 has no document id list !
2022-09-19 12:23:51,076 [WARN] DbBoards:127 - board STM32F401C-DISCO has no document id list !
2022-09-19 12:23:51,076 [WARN] DbBoards:127 - board STM32F769I-DISC1 has no document id list !
2022-09-19 12:23:51,076 [WARN] DbBoards:127 - board STM32G474E-EVAL1 has no document id list !
2022-09-19 12:23:51,080 [WARN] DbBoards:127 - board STM32H743I-EVAL2 has no document id list !
2022-09-19 12:23:51,080 [WARN] DbBoards:127 - board STM32H747I-DISC1 has no document id list !
2022-09-19 12:23:51,080 [WARN] DbBoards:127 - board STM32H753I-EVAL2 has no document id list !
2022-09-19 12:23:51,080 [WARN] DbBoards:127 - board STM32L-DISCOVERY has no document id list !
2022-09-19 12:23:51,354 [ERROR] DbBoards:189 - Image file not found for board B-U585I-IOT02A: C:\ST\STM32CubeIDE_1.7.0\STM32CubeIDE\plugins\com.st.stm32cube.common.mx_6.3.0.202107141111\\db\/plugins/mcufinder/images/boards/B-U585I-IOT02A_small.jpg
2022-09-19 12:23:51,590 [ERROR] DbBoards:189 - Image file not found for board NUCLEO-F413ZH: C:\ST\STM32CubeIDE_1.7.0\STM32CubeIDE\plugins\com.st.stm32cube.common.mx_6.3.0.202107141111\\db\/plugins/mcufinder/images/boards/nucleo-f413zh_small.jpg
2022-09-19 12:23:51,867 [ERROR] DbBoards:189 - Image file not found for board NUCLEO-L552ZE-Q: C:\ST\STM32CubeIDE_1.7.0\STM32CubeIDE\plugins\com.st.stm32cube.common.mx_6.3.0.202107141111\\db\/plugins/mcufinder/images/boards/nucleo_l552ze_q_small.jpg
2022-09-19 12:23:51,867 [ERROR] DbBoards:189 - Image file not found for board NUCLEO-U575ZI-Q: C:\ST\STM32CubeIDE_1.7.0\STM32CubeIDE\plugins\com.st.stm32cube.common.mx_6.3.0.202107141111\\db\/plugins/mcufinder/images/boards/nucleo-u575zi-q_small.jpg
2022-09-19 12:23:51,867 [ERROR] DbBoards:189 - Image file not found for board NUCLEO-WB15CC: C:\ST\STM32CubeIDE_1.7.0\STM32CubeIDE\plugins\com.st.stm32cube.common.mx_6.3.0.202107141111\\db\/plugins/mcufinder/images/boards/nucleo-wb15cc_small.jpg
2022-09-19 12:23:51,867 [ERROR] DbBoards:189 - Image file not found for board NUCLEO-WB55RG: C:\ST\STM32CubeIDE_1.7.0\STM32CubeIDE\plugins\com.st.stm32cube.common.mx_6.3.0.202107141111\\db\/plugins/mcufinder/images/boards/nucleo-wb55rg_small.jpg
2022-09-19 12:23:53,350 [INFO] ApiDb:251 - Load user favorites file C:\Users\A.Tuan/.stm32cubeide/favorites.boards.txt: 0 item(s)
2022-09-19 12:23:53,350 [INFO] ApiDb:255 - User favorites Boards=[]
2022-09-19 12:23:53,350 [INFO] DbBoards:206 - Set 0 / 0 favorites Boards
2022-09-19 12:24:14,338 [INFO] DbMcusDocs:143 - JSON generation date=Tue Nov 16 23:17:54 ICT 2021 (1637079474)
2022-09-19 12:24:14,752 [INFO] DbMcusDocs:79 - Found 682 MCUs documents
2022-09-19 12:24:35,699 [INFO] MainUpdater:2671 - connection check result : 10
2022-09-19 12:24:35,700 [INFO] MainUpdater:2671 - connection check result : 10
2022-09-19 12:24:35,770 [INFO] MicroXplorer:448 - Change Database Path : 
2022-09-19 12:24:35,770 [INFO] MicroXplorer:478 - Change Database Version : DB.6.0.30
2022-09-19 12:24:35,770 [WARN] ThirdParty:813 - waiting for thirdparty lock release [close project]
2022-09-19 12:24:35,770 [INFO] ThirdParty:815 - entering critical section [close project]
2022-09-19 12:24:35,774 [INFO] ThirdParty:825 - exiting critical section [close project]
2022-09-19 12:24:35,785 [INFO] PinOutPanel:1463 - setPackage(No Configuration,No Configuration)
2022-09-19 12:24:35,786 [INFO] UtilMem:74 - Begin LoadConfig() Used Memory: 546278408 Bytes (729808896)
2022-09-19 12:24:35,786 [INFO] MicroXplorer:448 - Change Database Path : 
2022-09-19 12:24:35,786 [INFO] MicroXplorer:478 - Change Database Version : DB.6.0.30
2022-09-19 12:24:35,786 [INFO] OpenFileManager:313 - Change cursor
2022-09-19 12:24:37,038 [INFO] Context:592 - Trying to add GPIOservice into a context  which must be forbidden
2022-09-19 12:24:37,308 [INFO] ImportTextPane:167 - (OptionalMessage_ERROR) Unable to find key (Mcu.ThirdPartyNb) in loaded IOC file
2022-09-19 12:24:37,308 [INFO] ImportTextPane:167 - (OptionalMessage_ERROR) Unable to find key (Mcu.PinsNb) in loaded IOC file
2022-09-19 12:24:37,308 [INFO] ImportTextPane:167 - (OptionalMessage_ERROR) Unable to find key (Mcu.IPNb) in loaded IOC file
2022-09-19 12:24:37,415 [WARN] ApiManager:304 - Cannot register API 'Board Extension:GNSS1A1' from pack STMicroelectronics.X-CUBE-GNSS1.6.0.0: no header file found
2022-09-19 12:24:37,415 [WARN] ApiManager:304 - Cannot register API 'Board Support:Custom' from pack STMicroelectronics.X-CUBE-GNSS1.6.0.0: no header file found
2022-09-19 12:24:37,415 [WARN] ApiManager:304 - Cannot register API 'Data Exchange:lib_gnss' from pack STMicroelectronics.X-CUBE-GNSS1.6.0.0: no header file found
2022-09-19 12:24:37,449 [WARN] ModelIntegratedComponent:60 - No mode defined for component null
2022-09-19 12:24:37,449 [WARN] ModelIntegratedComponent:60 - No mode defined for component null
2022-09-19 12:24:37,449 [WARN] ModelIntegratedComponent:60 - No mode defined for component null
2022-09-19 12:24:37,449 [WARN] ModelIntegratedComponent:60 - No mode defined for component null
2022-09-19 12:24:37,449 [WARN] ModelIntegratedComponent:60 - No mode defined for component null
2022-09-19 12:24:37,449 [WARN] ModelIntegratedComponent:60 - No mode defined for component null
2022-09-19 12:24:37,449 [WARN] ModelIntegratedComponent:60 - No mode defined for component null
2022-09-19 12:24:37,449 [WARN] ModelIntegratedComponent:60 - No mode defined for component null
2022-09-19 12:24:37,449 [WARN] ModelIntegratedComponent:60 - No mode defined for component null
2022-09-19 12:24:37,449 [WARN] ModelIntegratedComponent:60 - No mode defined for component null
2022-09-19 12:24:37,449 [WARN] ModelIntegratedComponent:60 - No mode defined for component null
2022-09-19 12:24:37,449 [WARN] ModelIntegratedComponent:60 - No mode defined for component null
2022-09-19 12:24:37,449 [WARN] ModelIntegratedComponent:60 - No mode defined for component null
2022-09-19 12:24:37,449 [WARN] ModelIntegratedComponent:60 - No mode defined for component null
2022-09-19 12:24:37,449 [WARN] ModelIntegratedComponent:60 - No mode defined for component null
2022-09-19 12:24:37,449 [WARN] ModelIntegratedComponent:60 - No mode defined for component null
2022-09-19 12:24:37,449 [WARN] ModelIntegratedComponent:60 - No mode defined for component null
2022-09-19 12:24:37,449 [WARN] ModelIntegratedComponent:60 - No mode defined for component null
2022-09-19 12:24:37,449 [WARN] ModelIntegratedComponent:60 - No mode defined for component null
2022-09-19 12:24:37,449 [WARN] ModelIntegratedComponent:60 - No mode defined for component null
2022-09-19 12:24:37,449 [WARN] ModelIntegratedComponent:60 - No mode defined for component null
2022-09-19 12:24:37,449 [WARN] ModelIntegratedComponent:60 - No mode defined for component null
2022-09-19 12:24:37,453 [WARN] ModelIntegratedComponent:60 - No mode defined for component null
2022-09-19 12:24:37,453 [WARN] ModelIntegratedComponent:60 - No mode defined for component null
2022-09-19 12:24:37,453 [WARN] ModelIntegratedComponent:60 - No mode defined for component null
2022-09-19 12:24:37,453 [WARN] ModelIntegratedComponent:60 - No mode defined for component null
2022-09-19 12:24:37,453 [WARN] ModelIntegratedComponent:60 - No mode defined for component null
2022-09-19 12:24:37,453 [WARN] ModelIntegratedComponent:60 - No mode defined for component null
2022-09-19 12:24:37,453 [WARN] ModelIntegratedComponent:60 - No mode defined for component null
2022-09-19 12:24:37,453 [WARN] ModelIntegratedComponent:60 - No mode defined for component null
2022-09-19 12:24:37,453 [WARN] ModelIntegratedComponent:60 - No mode defined for component null
2022-09-19 12:24:37,457 [WARN] ApiManager:304 - Cannot register API 'Board Extension:NFC07A1' from pack STMicroelectronics.X-CUBE-NFC7.1.0.0: no header file found
2022-09-19 12:24:37,661 [WARN] ApiManager:304 - Cannot register API 'Board Extension:IKS01A3' from pack STMicroelectronics.X-CUBE-MEMS1.9.3.0: no header file found
2022-09-19 12:24:37,661 [WARN] ApiManager:304 - Cannot register API 'Board Extension:IKS01A2' from pack STMicroelectronics.X-CUBE-MEMS1.9.3.0: no header file found
2022-09-19 12:24:37,661 [WARN] ApiManager:304 - Cannot register API 'Board Extension:IKS02A1' from pack STMicroelectronics.X-CUBE-MEMS1.9.3.0: no header file found
2022-09-19 12:24:37,671 [WARN] ApiManager:304 - Cannot register API 'Wireless:BlueNRG-MS' from pack STMicroelectronics.X-CUBE-BLE1.6.2.3: no header file found
2022-09-19 12:24:37,675 [INFO] RtosManager:484 - Registered RTOS mode: class=CMSIS, group=RTOS, mode=CMSIS_V1, owner=FREERTOS
2022-09-19 12:24:37,675 [INFO] RtosManager:484 - Registered RTOS mode: class=CMSIS, group=RTOS2, mode=CMSIS_V2, owner=FREERTOS
2022-09-19 12:24:37,675 [INFO] RtosManager:484 - Registered RTOS mode: class=RTOS, group=Core, mode=CMSIS_V1, owner=FREERTOS
2022-09-19 12:24:37,675 [INFO] RtosManager:484 - Registered RTOS mode: class=RTOS, group=Core, mode=CMSIS_V2, owner=FREERTOS
2022-09-19 12:24:37,675 [WARN] ModelIntegratedComponent:181 - Missing modes for component STMicroelectronics:FreeRTOS:0.0.1:STMicroelectronics:RTOS:FreeRTOS:Core:::10.2.0:
2022-09-19 12:24:37,679 [WARN] ApiManager:304 - Cannot register API 'Board Extension:S2868A1' from pack STMicroelectronics.X-CUBE-SUBG2.5.0.0: no header file found
2022-09-19 12:24:37,679 [WARN] ApiManager:304 - Cannot register API 'Board Extension:S2868A2' from pack STMicroelectronics.X-CUBE-SUBG2.5.0.0: no header file found
2022-09-19 12:24:37,679 [WARN] ApiManager:304 - Cannot register API 'Board Extension:S2915A1' from pack STMicroelectronics.X-CUBE-SUBG2.5.0.0: no header file found
2022-09-19 12:24:37,683 [WARN] ApiManager:304 - Cannot register API 'Board Extension:EEPRMA1' from pack STMicroelectronics.X-CUBE-EEPRMA1.3.1.1: no header file found
2022-09-19 12:24:37,683 [WARN] ApiManager:304 - Cannot register API 'Board Extension:EEPRMA2' from pack STMicroelectronics.X-CUBE-EEPRMA1.3.1.1: no header file found
2022-09-19 12:24:37,683 [WARN] ApiManager:304 - Cannot register API 'Board Extension:S2868A1' from pack STMicroelectronics.X-CUBE-SFXS2LP1.4.0.0: no header file found
2022-09-19 12:24:37,683 [WARN] ApiManager:304 - Cannot register API 'Board Extension:S2868A2' from pack STMicroelectronics.X-CUBE-SFXS2LP1.4.0.0: no header file found
2022-09-19 12:24:37,683 [WARN] ApiManager:304 - Cannot register API 'Board Extension:S2915A1' from pack STMicroelectronics.X-CUBE-SFXS2LP1.4.0.0: no header file found
2022-09-19 12:24:37,683 [WARN] ApiManager:304 - Cannot register API 'Wireless:BlueNRG-2' from pack STMicroelectronics.X-CUBE-BLE2.3.3.0: no header file found
2022-09-19 12:24:37,687 [WARN] ApiManager:304 - Cannot register API 'Board Extension:NFC04A1' from pack STMicroelectronics.X-CUBE-NFC4.2.0.4: no header file found
2022-09-19 12:24:39,344 [INFO] UtilMem:74 - End LoadConfig() Used Memory: 453888792 Bytes (729808896)
2022-09-19 12:24:39,348 [WARN] ThirdParty:779 - waiting for thirdparty lock release [change project]
2022-09-19 12:24:39,348 [INFO] ThirdParty:781 - entering critical section [change project]
2022-09-19 12:24:39,348 [INFO] ThirdParty:967 - CMSIS Pack Vendor :RoweBots I-CUBE-UNISONRTOS 5.5.0-4
2022-09-19 12:24:39,348 [INFO] ThirdParty:967 - CMSIS Pack Vendor :STMicroelectronics X-CUBE-GNSS1 6.0.0
2022-09-19 12:24:39,348 [INFO] ThirdParty:967 - CMSIS Pack Vendor :STMicroelectronics X-CUBE-AZRTOS-H7 2.1.0
2022-09-19 12:24:39,348 [INFO] ThirdParty:967 - CMSIS Pack Vendor :STMicroelectronics USB_HOST 2.0.0
2022-09-19 12:24:39,348 [INFO] ThirdParty:967 - CMSIS Pack Vendor :STMicroelectronics X-CUBE-AZRTOS-F4 1.1.0
2022-09-19 12:24:39,348 [INFO] ThirdParty:967 - CMSIS Pack Vendor :STMicroelectronics X-CUBE-AZRTOS-G4 1.0.0
2022-09-19 12:24:39,348 [INFO] ThirdParty:967 - CMSIS Pack Vendor :STMicroelectronics X-CUBE-AZRTOS-L4 1.0.0
2022-09-19 12:24:39,348 [INFO] ThirdParty:967 - CMSIS Pack Vendor :STMicroelectronics USB_DEVICE 3.0.0
2022-09-19 12:24:39,348 [INFO] ThirdParty:967 - CMSIS Pack Vendor :wolfSSL I-CUBE-wolfSSL 5.5.0
2022-09-19 12:24:39,348 [INFO] ThirdParty:967 - CMSIS Pack Vendor :STMicroelectronics HAL Drivers 0.0.0
2022-09-19 12:24:39,352 [INFO] ThirdParty:967 - CMSIS Pack Vendor :STMicroelectronics MBEDTLS 2.16.2
2022-09-19 12:24:39,352 [INFO] ThirdParty:967 - CMSIS Pack Vendor :emotas I-CUBE-CANOPEN 1.1.2
2022-09-19 12:24:39,352 [INFO] ThirdParty:967 - CMSIS Pack Vendor :STMicroelectronics X-CUBE-TOUCHGFX 4.20.0
2022-09-19 12:24:39,352 [INFO] ThirdParty:967 - CMSIS Pack Vendor :STMicroelectronics MBEDTLS 2.14.1
2022-09-19 12:24:39,352 [INFO] ThirdParty:967 - CMSIS Pack Vendor :STMicroelectronics X-CUBE-NFC7 1.0.0
2022-09-19 12:24:39,354 [INFO] ThirdParty:967 - CMSIS Pack Vendor :STMicroelectronics X-CUBE-BLEMGR 1.0.0
2022-09-19 12:24:39,354 [INFO] ThirdParty:967 - CMSIS Pack Vendor :STMicroelectronics X-CUBE-AZRTOS-WL 1.0.0
2022-09-19 12:24:39,354 [INFO] ThirdParty:967 - CMSIS Pack Vendor :STMicroelectronics X-CUBE-AZRTOS-F7 1.1.0
2022-09-19 12:24:39,354 [INFO] ThirdParty:967 - CMSIS Pack Vendor :STMicroelectronics X-CUBE-MEMS1 9.3.0
2022-09-19 12:24:39,354 [INFO] ThirdParty:967 - CMSIS Pack Vendor :portGmbH I-Cube-SoM-uGOAL 1.1.0
2022-09-19 12:24:39,355 [INFO] ThirdParty:967 - CMSIS Pack Vendor :STMicroelectronics X-CUBE-ALS 1.0.1
2022-09-19 12:24:39,355 [INFO] ThirdParty:967 - CMSIS Pack Vendor :STMicroelectronics USB_DEVICE 2.0.0
2022-09-19 12:24:39,355 [INFO] ThirdParty:967 - CMSIS Pack Vendor :STMicroelectronics X-CUBE-AI 7.2.0
2022-09-19 12:24:39,355 [INFO] ThirdParty:967 - CMSIS Pack Vendor :STMicroelectronics X-CUBE-BLE1 6.2.3
2022-09-19 12:24:39,355 [INFO] ThirdParty:967 - CMSIS Pack Vendor :STMicroelectronics X-CUBE-ALGOBUILD 1.3.0
2022-09-19 12:24:39,355 [INFO] ThirdParty:967 - CMSIS Pack Vendor :STMicroelectronics X-CUBE-AZRTOS-L5 1.0.0
2022-09-19 12:24:39,355 [INFO] ThirdParty:967 - CMSIS Pack Vendor :STMicroelectronics FreeRTOS 0.0.1
2022-09-19 12:24:39,355 [INFO] ThirdParty:967 - CMSIS Pack Vendor :STMicroelectronics X-CUBE-AZRTOS-G0 1.1.0
2022-09-19 12:24:39,355 [INFO] ThirdParty:967 - CMSIS Pack Vendor :STMicroelectronics USB_DEVICE 1.0.0
2022-09-19 12:24:39,355 [INFO] ThirdParty:967 - CMSIS Pack Vendor :STMicroelectronics X-CUBE-SUBG2 5.0.0
2022-09-19 12:24:39,355 [INFO] ThirdParty:967 - CMSIS Pack Vendor :SEGGER I-CUBE-embOS 1.2.0
2022-09-19 12:24:39,355 [INFO] ThirdParty:967 - CMSIS Pack Vendor :STMicroelectronics X-CUBE-EEPRMA1 3.1.1
2022-09-19 12:24:39,355 [INFO] ThirdParty:967 - CMSIS Pack Vendor :STMicroelectronics ThreadX 0.0.2
2022-09-19 12:24:39,355 [INFO] ThirdParty:967 - CMSIS Pack Vendor :STMicroelectronics lwIP 2.0.3
2022-09-19 12:24:39,355 [INFO] ThirdParty:967 - CMSIS Pack Vendor :STMicroelectronics lwIP 2.1.2
2022-09-19 12:24:39,355 [INFO] ThirdParty:967 - CMSIS Pack Vendor :STMicroelectronics X-CUBE-SFXS2LP1 4.0.0
2022-09-19 12:24:39,355 [INFO] ThirdParty:967 - CMSIS Pack Vendor :STMicroelectronics X-CUBE-BLE2 3.3.0
2022-09-19 12:24:39,355 [INFO] ThirdParty:967 - CMSIS Pack Vendor :STMicroelectronics X-CUBE-NFC4 2.0.4
2022-09-19 12:24:39,359 [INFO] ThirdParty:967 - CMSIS Pack Vendor :STMicroelectronics USB_HOST 1.0.0
2022-09-19 12:24:39,359 [INFO] ThirdParty:967 - CMSIS Pack Vendor :STMicroelectronics X-CUBE-DISPLAY 2.2.0
2022-09-19 12:24:39,360 [INFO] ThirdParty:967 - CMSIS Pack Vendor :STMicroelectronics PDM2PCM 3.1.0
2022-09-19 12:24:39,360 [INFO] ThirdParty:967 - CMSIS Pack Vendor :STMicroelectronics FP-ATR-ASTRA1 1.1.1
2022-09-19 12:24:39,360 [INFO] ThirdParty:967 - CMSIS Pack Vendor :STMicroelectronics PDM2PCM 3.2.0
2022-09-19 12:24:39,361 [INFO] ThirdParty:967 - CMSIS Pack Vendor :STMicroelectronics PDM2PCM 3.3.0
2022-09-19 12:24:39,361 [INFO] ThirdParty:967 - CMSIS Pack Vendor :STMicroelectronics X-CUBE-TOF1 3.1.0
2022-09-19 12:24:39,361 [INFO] ThirdParty:967 - CMSIS Pack Vendor :STMicroelectronics X-CUBE-ISPU 1.0.0
2022-09-19 12:24:39,361 [INFO] ThirdParty:787 - exiting critical section [change project]
2022-09-19 12:24:39,879 [INFO] PinOutPanel:1463 - setPackage(No Configuration,No Configuration)
2022-09-19 12:24:39,879 [INFO] PinOutPanel:1463 - setPackage(STM32F103C6Ux,UFQFPN48)
2022-09-19 12:24:40,545 [INFO] UtilMem:74 - Before build in PCC Used Memory: 492300656 Bytes (729808896)
2022-09-19 12:24:41,561 [INFO] UtilMem:74 - After build in PCC Used Memory: 515293080 Bytes (729808896)
2022-09-19 12:24:41,595 [INFO] IPUIPlugin:74 - create IPUIPlugin
2022-09-19 12:24:41,595 [INFO] IPUIPlugin:74 - create IPUIPlugin
2022-09-19 12:24:41,595 [INFO] IPUIPlugin:74 - create IPUIPlugin
2022-09-19 12:24:41,595 [INFO] IPUIPlugin:74 - create IPUIPlugin
2022-09-19 12:24:41,595 [INFO] IPUIPlugin:74 - create IPUIPlugin
2022-09-19 12:24:41,595 [INFO] IPUIPlugin:74 - create IPUIPlugin
2022-09-19 12:24:41,595 [INFO] IPUIPlugin:74 - create IPUIPlugin
2022-09-19 12:24:41,595 [INFO] IPUIPlugin:74 - create IPUIPlugin
2022-09-19 12:24:41,595 [INFO] IPUIPlugin:74 - create IPUIPlugin
2022-09-19 12:24:41,599 [INFO] IPUIPlugin:74 - create IPUIPlugin
2022-09-19 12:24:41,599 [INFO] IPUIPlugin:74 - create IPUIPlugin
2022-09-19 12:24:41,599 [INFO] IPUIPlugin:74 - create IPUIPlugin
2022-09-19 12:24:41,599 [INFO] IPUIPlugin:74 - create IPUIPlugin
2022-09-19 12:24:41,602 [INFO] IPUIPlugin:74 - create IPUIPlugin
2022-09-19 12:24:41,602 [INFO] IPUIPlugin:74 - create IPUIPlugin
2022-09-19 12:24:41,602 [INFO] IPUIPlugin:74 - create IPUIPlugin
2022-09-19 12:24:41,602 [INFO] IPUIPlugin:74 - create IPUIPlugin
2022-09-19 12:24:41,602 [INFO] IPUIPlugin:74 - create IPUIPlugin
2022-09-19 12:24:41,604 [INFO] IPUIPlugin:74 - create IPUIPlugin
2022-09-19 12:24:41,604 [INFO] IPUIPlugin:74 - create IPUIPlugin
2022-09-19 12:24:41,604 [INFO] IPUIPlugin:74 - create IPUIPlugin
2022-09-19 12:24:41,605 [INFO] IPUIPlugin:74 - create IPUIPlugin
2022-09-19 12:24:41,605 [INFO] IPUIPlugin:74 - create IPUIPlugin
2022-09-19 12:24:41,795 [INFO] OpenFileManager:333 - Restore cursor
2022-09-19 12:24:42,555 [INFO] UtilMem:74 - End SaveConfig() Used Memory: 481797280 Bytes (729808896)
2022-09-19 12:24:42,663 [INFO] UtilMem:74 - End SaveConfig() Used Memory: 494112128 Bytes (729808896)
2022-09-19 12:24:43,129 [INFO] BlockDiagram:2740 - set Specific Code input for plugin: NVIC
2022-09-19 12:24:43,129 [INFO] BlockDiagram:2740 - set Specific Code input for plugin: SYS
2022-09-19 12:24:43,129 [INFO] BlockDiagram:2740 - set Specific Code input for plugin: RCC
2022-09-19 12:24:43,133 [INFO] CodeGenerator:663 - code generatio: config db path: C:\ST\STM32CubeIDE_1.7.0\STM32CubeIDE\plugins\com.st.stm32cube.common.mx_6.3.0.202107141111\\db\
2022-09-19 12:24:43,561 [INFO] CodeEngine:239 - oldGeneratedFile, C:\MCU\Lab1\Ex2\STM\TRAFFIC_LIGHT\MXTmpFiles\license.tmp_save
2022-09-19 12:24:44,101 [INFO] CodeEngine:257 - Generated code: C:\MCU\Lab1\Ex2\STM\TRAFFIC_LIGHT\MXTmpFiles\license.tmp
2022-09-19 12:24:44,276 [INFO] CodeEngine:239 - oldGeneratedFile, C:\MCU\Lab1\Ex2\STM\TRAFFIC_LIGHT\Core\Src\stm32f1xx_it.c_save
2022-09-19 12:24:44,548 [INFO] CodeEngine:257 - Generated code: C:\MCU\Lab1\Ex2\STM\TRAFFIC_LIGHT\Core\Src\stm32f1xx_it.c
2022-09-19 12:24:44,558 [INFO] CodeEngine:239 - oldGeneratedFile, C:\MCU\Lab1\Ex2\STM\TRAFFIC_LIGHT\Core\Inc\stm32f1xx_it.h_save
2022-09-19 12:24:44,751 [INFO] CodeEngine:257 - Generated code: C:\MCU\Lab1\Ex2\STM\TRAFFIC_LIGHT\Core\Inc\stm32f1xx_it.h
2022-09-19 12:24:44,773 [INFO] CodeEngine:239 - oldGeneratedFile, C:\MCU\Lab1\Ex2\STM\TRAFFIC_LIGHT\Core\Src\stm32f1xx_hal_msp.c_save
2022-09-19 12:24:44,916 [INFO] CodeEngine:257 - Generated code: C:\MCU\Lab1\Ex2\STM\TRAFFIC_LIGHT\Core\Src\stm32f1xx_hal_msp.c
2022-09-19 12:24:44,919 [INFO] CodeEngine:239 - oldGeneratedFile, C:\MCU\Lab1\Ex2\STM\TRAFFIC_LIGHT\MXTmpFiles\system.tmp_save
2022-09-19 12:24:44,992 [INFO] CodeEngine:257 - Generated code: C:\MCU\Lab1\Ex2\STM\TRAFFIC_LIGHT\MXTmpFiles\system.tmp
2022-09-19 12:24:45,006 [INFO] CodeEngine:239 - oldGeneratedFile, C:\MCU\Lab1\Ex2\STM\TRAFFIC_LIGHT\Core\Inc\stm32f1xx_hal_conf.h_save
2022-09-19 12:24:45,119 [INFO] CodeEngine:257 - Generated code: C:\MCU\Lab1\Ex2\STM\TRAFFIC_LIGHT\Core\Inc\stm32f1xx_hal_conf.h
2022-09-19 12:24:45,166 [INFO] CodeEngine:239 - oldGeneratedFile, C:\MCU\Lab1\Ex2\STM\TRAFFIC_LIGHT\Core\Inc\main.h_save
2022-09-19 12:24:45,272 [INFO] CodeEngine:257 - Generated code: C:\MCU\Lab1\Ex2\STM\TRAFFIC_LIGHT\Core\Inc\main.h
2022-09-19 12:24:45,281 [INFO] CodeEngine:239 - oldGeneratedFile, C:\MCU\Lab1\Ex2\STM\TRAFFIC_LIGHT\Core\Src\main.c_save
2022-09-19 12:24:45,459 [INFO] CodeEngine:257 - Generated code: C:\MCU\Lab1\Ex2\STM\TRAFFIC_LIGHT\Core\Src\main.c
2022-09-19 12:24:46,585 [INFO] ProjectBuilder:2578 - Time for Copy HAL[1] : 124mS.
2022-09-19 12:24:46,594 [INFO] ProjectBuilder:3622 - Project Generator version: 3.14.1
2022-09-19 12:24:47,299 [INFO] ConfigFileManager:1271 - The Die is : DIE412
2022-09-19 12:24:47,324 [INFO] ApiDbMcu:468 - Load IP Config File for FATFS
2022-09-19 12:24:47,370 [INFO] ApiDbMcu:468 - Load IP Config File for FREERTOS
2022-09-19 12:24:47,419 [INFO] ApiDbMcu:468 - Load IP Config File for USB_DEVICE
2022-09-19 12:24:52,830 [INFO] ProjectBuilder:3789 - Time for Generating toolchain IDE Files: 6236mS.
2022-09-19 12:24:52,834 [INFO] ProjectBuilder:2457 - Time for Copy CMSIS : 4mS.
2022-09-19 12:24:52,843 [INFO] ProjectBuilder:2457 - Time for Copy CMSIS : 0mS.
2022-09-19 12:24:53,767 [INFO] McuFinderGlobals:52 - Set McuFinderConnectedMode to true
2022-09-19 12:24:53,771 [INFO] ApiDb:276 - Save user favorites file C:\Users\A.Tuan/.stm32cubeide/favorites.mcus.txt: 0 item(s)
2022-09-19 12:24:53,771 [INFO] ApiDb:280 - User favorites MCUs=[]
2022-09-19 12:25:47,185 [INFO] UtilMem:74 - End SaveConfig() Used Memory: 689661280 Bytes (966787072)
2022-09-19 12:25:48,797 [INFO] UtilMem:74 - End SaveConfig() Used Memory: 711675424 Bytes (966787072)
2022-09-19 12:25:51,598 [INFO] UtilMem:74 - End SaveConfig() Used Memory: 738653496 Bytes (966787072)
2022-09-19 12:25:51,896 [INFO] BlockDiagram:2740 - set Specific Code input for plugin: NVIC
2022-09-19 12:25:51,896 [INFO] BlockDiagram:2740 - set Specific Code input for plugin: SYS
2022-09-19 12:25:51,896 [INFO] BlockDiagram:2740 - set Specific Code input for plugin: GPIO
2022-09-19 12:25:51,896 [INFO] BlockDiagram:2740 - set Specific Code input for plugin: RCC
2022-09-19 12:25:51,899 [INFO] CodeGenerator:663 - code generatio: config db path: C:\ST\STM32CubeIDE_1.7.0\STM32CubeIDE\plugins\com.st.stm32cube.common.mx_6.3.0.202107141111\\db\
2022-09-19 12:25:52,284 [INFO] CodeEngine:239 - oldGeneratedFile, C:\MCU\Lab1\Ex2\STM\TRAFFIC_LIGHT\MXTmpFiles\license.tmp_save
2022-09-19 12:25:52,343 [INFO] CodeEngine:257 - Generated code: C:\MCU\Lab1\Ex2\STM\TRAFFIC_LIGHT\MXTmpFiles\license.tmp
2022-09-19 12:25:52,391 [INFO] CodeEngine:239 - oldGeneratedFile, C:\MCU\Lab1\Ex2\STM\TRAFFIC_LIGHT\MXTmpFiles\gpio.tmp_save
2022-09-19 12:25:52,527 [INFO] CodeEngine:257 - Generated code: C:\MCU\Lab1\Ex2\STM\TRAFFIC_LIGHT\MXTmpFiles\gpio.tmp
2022-09-19 12:25:52,560 [INFO] CodeEngine:239 - oldGeneratedFile, C:\MCU\Lab1\Ex2\STM\TRAFFIC_LIGHT\Core\Src\stm32f1xx_it.c_save
2022-09-19 12:25:52,685 [INFO] CodeEngine:257 - Generated code: C:\MCU\Lab1\Ex2\STM\TRAFFIC_LIGHT\Core\Src\stm32f1xx_it.c
2022-09-19 12:25:52,692 [INFO] CodeEngine:239 - oldGeneratedFile, C:\MCU\Lab1\Ex2\STM\TRAFFIC_LIGHT\Core\Inc\stm32f1xx_it.h_save
2022-09-19 12:25:52,794 [INFO] CodeEngine:257 - Generated code: C:\MCU\Lab1\Ex2\STM\TRAFFIC_LIGHT\Core\Inc\stm32f1xx_it.h
2022-09-19 12:25:52,820 [INFO] CodeEngine:239 - oldGeneratedFile, C:\MCU\Lab1\Ex2\STM\TRAFFIC_LIGHT\Core\Src\stm32f1xx_hal_msp.c_save
2022-09-19 12:25:52,929 [INFO] CodeEngine:257 - Generated code: C:\MCU\Lab1\Ex2\STM\TRAFFIC_LIGHT\Core\Src\stm32f1xx_hal_msp.c
2022-09-19 12:25:52,939 [INFO] CodeEngine:239 - oldGeneratedFile, C:\MCU\Lab1\Ex2\STM\TRAFFIC_LIGHT\MXTmpFiles\system.tmp_save
2022-09-19 12:25:53,046 [INFO] CodeEngine:257 - Generated code: C:\MCU\Lab1\Ex2\STM\TRAFFIC_LIGHT\MXTmpFiles\system.tmp
2022-09-19 12:25:53,068 [INFO] CodeEngine:239 - oldGeneratedFile, C:\MCU\Lab1\Ex2\STM\TRAFFIC_LIGHT\Core\Inc\stm32f1xx_hal_conf.h_save
2022-09-19 12:25:53,196 [INFO] CodeEngine:257 - Generated code: C:\MCU\Lab1\Ex2\STM\TRAFFIC_LIGHT\Core\Inc\stm32f1xx_hal_conf.h
2022-09-19 12:25:53,243 [INFO] CodeEngine:239 - oldGeneratedFile, C:\MCU\Lab1\Ex2\STM\TRAFFIC_LIGHT\Core\Inc\main.h_save
2022-09-19 12:25:53,388 [INFO] CodeEngine:257 - Generated code: C:\MCU\Lab1\Ex2\STM\TRAFFIC_LIGHT\Core\Inc\main.h
2022-09-19 12:25:53,411 [INFO] CodeEngine:239 - oldGeneratedFile, C:\MCU\Lab1\Ex2\STM\TRAFFIC_LIGHT\Core\Src\main.c_save
2022-09-19 12:25:53,633 [INFO] CodeEngine:257 - Generated code: C:\MCU\Lab1\Ex2\STM\TRAFFIC_LIGHT\Core\Src\main.c
2022-09-19 12:25:54,545 [INFO] ProjectBuilder:2578 - Time for Copy HAL[1] : 147mS.
2022-09-19 12:25:54,549 [INFO] ProjectBuilder:3622 - Project Generator version: 3.14.1
2022-09-19 12:25:55,027 [INFO] ConfigFileManager:1271 - The Die is : DIE412
2022-09-19 12:25:57,223 [INFO] ProjectBuilder:3789 - Time for Generating toolchain IDE Files: 2674mS.
2022-09-19 12:25:57,223 [INFO] ProjectBuilder:2457 - Time for Copy CMSIS : 0mS.
2022-09-19 12:25:57,237 [INFO] ProjectBuilder:2457 - Time for Copy CMSIS : 0mS.
2022-09-20 07:30:01,165 [INFO] Activator:177 - 


2022-09-20 07:30:01,167 [INFO] Activator:178 - !SESSION log4j initialized
2022-09-20 07:32:31,218 [INFO] Activator:177 - 


2022-09-20 07:32:31,220 [INFO] Activator:178 - !SESSION log4j initialized
2022-09-20 07:44:35,667 [INFO] Activator:177 - 


2022-09-20 07:44:35,669 [INFO] Activator:178 - !SESSION log4j initialized
2022-10-03 13:15:40,802 [INFO] Activator:177 - 


2022-10-03 13:15:40,802 [INFO] Activator:178 - !SESSION log4j initialized
2022-10-03 13:16:52,412 [INFO] Activator:177 - 


2022-10-03 13:16:52,428 [INFO] Activator:178 - !SESSION log4j initialized
