2022-10-01 17:44:49,678 [INFO] Activator:177 - 


2022-10-01 17:44:49,678 [INFO] Activator:178 - !SESSION log4j initialized
2022-10-01 17:44:56,622 [INFO] McuFinderGlobals:39 - Set McuFinder mode to 2 (CubeIDE integrated)
2022-10-01 17:44:56,926 [INFO] ApplicationProperties:181 - Using Application install path: C:\ST\STM32CubeIDE_1.7.0\STM32CubeIDE\plugins\com.st.stm32cube.common.mx_6.3.0.202107141111
2022-10-01 17:44:56,939 [INFO] DbMcusXml:74 - Set database path to: C:\ST\STM32CubeIDE_1.7.0\STM32CubeIDE\plugins\com.st.stm32cube.common.mx_6.3.0.202107141111\\db\/mcu/
2022-10-01 17:44:56,943 [INFO] DbBoardsPdsc:56 - Set plugin database path to: C:\ST\STM32CubeIDE_1.7.0\STM32CubeIDE\plugins\com.st.stm32cube.common.mx_6.3.0.202107141111\\db\/plugins/boardmanager/
2022-10-01 17:44:56,946 [INFO] DbMcus:258 - Set plugin images path to: C:\ST\STM32CubeIDE_1.7.0\STM32CubeIDE\plugins\com.st.stm32cube.common.mx_6.3.0.202107141111\\db\/plugins/mcufinder/images/
2022-10-01 17:44:56,946 [INFO] DbBoards:264 - Set plugin images path to: C:\ST\STM32CubeIDE_1.7.0\STM32CubeIDE\plugins\com.st.stm32cube.common.mx_6.3.0.202107141111\\db\/plugins/mcufinder/images/
2022-10-01 17:44:56,947 [INFO] DbExamples:333 - Set plugin images path to: C:\ST\STM32CubeIDE_1.7.0\STM32CubeIDE\plugins\com.st.stm32cube.common.mx_6.3.0.202107141111\\db\/plugins/mcufinder/images/
2022-10-01 17:44:56,951 [INFO] DbMcusAds:119 - Set database path to: C:\Users\A.Tuan\.stmcufinder\plugins\mcufinder//mcu/
2022-10-01 17:44:56,955 [INFO] DbMcusDocs:110 - Set database path to: C:\Users\A.Tuan\.stmcufinder\plugins\mcufinder//mcu/
2022-10-01 17:44:56,955 [INFO] DbMcusJson:64 - Set database path to: C:\Users\A.Tuan\.stmcufinder\plugins\mcufinder//mcu/
2022-10-01 17:44:56,955 [INFO] DbBoardsDocs:110 - Set database path to: C:\Users\A.Tuan\.stmcufinder\plugins\mcufinder//mcu/
2022-10-01 17:44:56,959 [INFO] DbBoardsJson:57 - Set database path to: C:\Users\A.Tuan\.stmcufinder\plugins\mcufinder//mcu/
2022-10-01 17:44:56,959 [INFO] CrossReferenceDbSqlite:196 - Set database path to: C:\Users\A.Tuan\.stmcufinder\plugins\mcufinder//mcu/cs/
2022-10-01 17:44:56,963 [INFO] DbExamplesSqlite:767 - Set database path to: C:\Users\A.Tuan\.stmcufinder\plugins\mcufinder//mcu/
2022-10-01 17:44:57,065 [INFO] RulesReader:57 - Compatibility file has been processed (242 Rules)
2022-10-01 17:44:57,171 [INFO] DbMcusXml:74 - Set database path to: C:\ST\STM32CubeIDE_1.7.0\STM32CubeIDE\plugins\com.st.stm32cube.common.mx_6.3.0.202107141111\\db\/mcu/
2022-10-01 17:44:57,171 [INFO] DbBoardsPdsc:56 - Set plugin database path to: C:\ST\STM32CubeIDE_1.7.0\STM32CubeIDE\plugins\com.st.stm32cube.common.mx_6.3.0.202107141111\\db\/plugins/boardmanager/
2022-10-01 17:44:57,171 [INFO] DbMcus:258 - Set plugin images path to: C:\ST\STM32CubeIDE_1.7.0\STM32CubeIDE\plugins\com.st.stm32cube.common.mx_6.3.0.202107141111\\db\/plugins/mcufinder/images/
2022-10-01 17:44:57,171 [INFO] DbBoards:264 - Set plugin images path to: C:\ST\STM32CubeIDE_1.7.0\STM32CubeIDE\plugins\com.st.stm32cube.common.mx_6.3.0.202107141111\\db\/plugins/mcufinder/images/
2022-10-01 17:44:57,171 [INFO] DbExamples:333 - Set plugin images path to: C:\ST\STM32CubeIDE_1.7.0\STM32CubeIDE\plugins\com.st.stm32cube.common.mx_6.3.0.202107141111\\db\/plugins/mcufinder/images/
2022-10-01 17:44:57,171 [WARN] DbFile:35 - Overriding database path with different value: C:\Users\A.Tuan\.stmcufinder\plugins\mcufinder/ => C:\Users\A.Tuan\.stmcufinder\plugins\mcufinder
2022-10-01 17:44:57,171 [INFO] DbMcusAds:119 - Set database path to: C:\Users\A.Tuan\.stmcufinder\plugins\mcufinder//mcu/
2022-10-01 17:44:57,171 [WARN] DbFile:35 - Overriding database path with different value: C:\Users\A.Tuan\.stmcufinder\plugins\mcufinder/ => C:\Users\A.Tuan\.stmcufinder\plugins\mcufinder
2022-10-01 17:44:57,171 [INFO] DbMcusDocs:110 - Set database path to: C:\Users\A.Tuan\.stmcufinder\plugins\mcufinder//mcu/
2022-10-01 17:44:57,175 [WARN] DbFile:35 - Overriding database path with different value: C:\Users\A.Tuan\.stmcufinder\plugins\mcufinder/ => C:\Users\A.Tuan\.stmcufinder\plugins\mcufinder
2022-10-01 17:44:57,175 [INFO] DbMcusJson:64 - Set database path to: C:\Users\A.Tuan\.stmcufinder\plugins\mcufinder//mcu/
2022-10-01 17:44:57,175 [WARN] DbFile:35 - Overriding database path with different value: C:\Users\A.Tuan\.stmcufinder\plugins\mcufinder/ => C:\Users\A.Tuan\.stmcufinder\plugins\mcufinder
2022-10-01 17:44:57,175 [INFO] DbBoardsDocs:110 - Set database path to: C:\Users\A.Tuan\.stmcufinder\plugins\mcufinder//mcu/
2022-10-01 17:44:57,175 [WARN] DbFile:35 - Overriding database path with different value: C:\Users\A.Tuan\.stmcufinder\plugins\mcufinder/ => C:\Users\A.Tuan\.stmcufinder\plugins\mcufinder
2022-10-01 17:44:57,175 [INFO] DbBoardsJson:57 - Set database path to: C:\Users\A.Tuan\.stmcufinder\plugins\mcufinder//mcu/
2022-10-01 17:44:57,175 [WARN] DbFile:35 - Overriding database path with different value: C:\Users\A.Tuan\.stmcufinder\plugins\mcufinder/ => C:\Users\A.Tuan\.stmcufinder\plugins\mcufinder
2022-10-01 17:44:57,175 [WARN] DbFile:35 - Overriding database path with different value: C:\Users\A.Tuan\.stmcufinder\plugins\mcufinder/ => C:\Users\A.Tuan\.stmcufinder\plugins\mcufinder
2022-10-01 17:44:57,175 [INFO] CrossReferenceDbSqlite:196 - Set database path to: C:\Users\A.Tuan\.stmcufinder\plugins\mcufinder//mcu/cs/
2022-10-01 17:44:57,175 [WARN] DbFile:35 - Overriding database path with different value: C:\Users\A.Tuan\.stmcufinder\plugins\mcufinder/ => C:\Users\A.Tuan\.stmcufinder\plugins\mcufinder
2022-10-01 17:44:57,175 [INFO] DbExamplesSqlite:767 - Set database path to: C:\Users\A.Tuan\.stmcufinder\plugins\mcufinder//mcu/
2022-10-01 17:44:57,253 [INFO] MainPanel:214 - HeapMemory: 268435456
2022-10-01 17:44:57,356 [INFO] DbMcusXml:74 - Set database path to: C:\ST\STM32CubeIDE_1.7.0\STM32CubeIDE\plugins\com.st.stm32cube.common.mx_6.3.0.202107141111\\db\/mcu/
2022-10-01 17:44:57,356 [INFO] DbBoardsPdsc:56 - Set plugin database path to: C:\ST\STM32CubeIDE_1.7.0\STM32CubeIDE\plugins\com.st.stm32cube.common.mx_6.3.0.202107141111\\db\/plugins/boardmanager/
2022-10-01 17:44:57,356 [INFO] DbMcus:258 - Set plugin images path to: C:\ST\STM32CubeIDE_1.7.0\STM32CubeIDE\plugins\com.st.stm32cube.common.mx_6.3.0.202107141111\\db\/plugins/mcufinder/images/
2022-10-01 17:44:57,356 [INFO] DbBoards:264 - Set plugin images path to: C:\ST\STM32CubeIDE_1.7.0\STM32CubeIDE\plugins\com.st.stm32cube.common.mx_6.3.0.202107141111\\db\/plugins/mcufinder/images/
2022-10-01 17:44:57,356 [INFO] DbExamples:333 - Set plugin images path to: C:\ST\STM32CubeIDE_1.7.0\STM32CubeIDE\plugins\com.st.stm32cube.common.mx_6.3.0.202107141111\\db\/plugins/mcufinder/images/
2022-10-01 17:44:57,356 [WARN] DbFile:35 - Overriding database path with different value: C:\Users\A.Tuan\.stmcufinder\plugins\mcufinder/ => C:\Users\A.Tuan\.stmcufinder\plugins\mcufinder
2022-10-01 17:44:57,356 [INFO] DbMcusAds:119 - Set database path to: C:\Users\A.Tuan\.stmcufinder\plugins\mcufinder//mcu/
2022-10-01 17:44:57,356 [WARN] DbFile:35 - Overriding database path with different value: C:\Users\A.Tuan\.stmcufinder\plugins\mcufinder/ => C:\Users\A.Tuan\.stmcufinder\plugins\mcufinder
2022-10-01 17:44:57,356 [INFO] DbMcusDocs:110 - Set database path to: C:\Users\A.Tuan\.stmcufinder\plugins\mcufinder//mcu/
2022-10-01 17:44:57,356 [WARN] DbFile:35 - Overriding database path with different value: C:\Users\A.Tuan\.stmcufinder\plugins\mcufinder/ => C:\Users\A.Tuan\.stmcufinder\plugins\mcufinder
2022-10-01 17:44:57,356 [INFO] DbMcusJson:64 - Set database path to: C:\Users\A.Tuan\.stmcufinder\plugins\mcufinder//mcu/
2022-10-01 17:44:57,356 [WARN] DbFile:35 - Overriding database path with different value: C:\Users\A.Tuan\.stmcufinder\plugins\mcufinder/ => C:\Users\A.Tuan\.stmcufinder\plugins\mcufinder
2022-10-01 17:44:57,356 [INFO] DbBoardsDocs:110 - Set database path to: C:\Users\A.Tuan\.stmcufinder\plugins\mcufinder//mcu/
2022-10-01 17:44:57,356 [WARN] DbFile:35 - Overriding database path with different value: C:\Users\A.Tuan\.stmcufinder\plugins\mcufinder/ => C:\Users\A.Tuan\.stmcufinder\plugins\mcufinder
2022-10-01 17:44:57,356 [INFO] DbBoardsJson:57 - Set database path to: C:\Users\A.Tuan\.stmcufinder\plugins\mcufinder//mcu/
2022-10-01 17:44:57,356 [WARN] DbFile:35 - Overriding database path with different value: C:\Users\A.Tuan\.stmcufinder\plugins\mcufinder/ => C:\Users\A.Tuan\.stmcufinder\plugins\mcufinder
2022-10-01 17:44:57,360 [WARN] DbFile:35 - Overriding database path with different value: C:\Users\A.Tuan\.stmcufinder\plugins\mcufinder/ => C:\Users\A.Tuan\.stmcufinder\plugins\mcufinder
2022-10-01 17:44:57,360 [INFO] CrossReferenceDbSqlite:196 - Set database path to: C:\Users\A.Tuan\.stmcufinder\plugins\mcufinder//mcu/cs/
2022-10-01 17:44:57,360 [WARN] DbFile:35 - Overriding database path with different value: C:\Users\A.Tuan\.stmcufinder\plugins\mcufinder/ => C:\Users\A.Tuan\.stmcufinder\plugins\mcufinder
2022-10-01 17:44:57,360 [INFO] DbExamplesSqlite:767 - Set database path to: C:\Users\A.Tuan\.stmcufinder\plugins\mcufinder//mcu/
2022-10-01 17:44:57,382 [INFO] ApplicationProperties:181 - Using Application install path: C:\ST\STM32CubeIDE_1.7.0\STM32CubeIDE\plugins\com.st.stm32cube.common.mx_6.3.0.202107141111
2022-10-01 17:44:57,382 [INFO] PluginManage:188 - Search for loadable plugins [exclusion list=, ]
2022-10-01 17:44:57,382 [INFO] PluginManage:302 - Check plugin analytics
2022-10-01 17:44:57,529 [INFO] AnalyticsPlugin:257 - Accepted Software Licenses: 
2022-10-01 17:44:57,533 [INFO] AnalyticsPlugin:259 - Accepted CMSIS Pack Licenses: 
2022-10-01 17:44:57,533 [INFO] AnalyticsPlugin:261 - Accepted Firmware Licenses: 
2022-10-01 17:44:57,533 [INFO] PluginManage:352 - Loaded plugin analytics (category:tool,tabindex:-1)
2022-10-01 17:44:57,533 [INFO] PluginManage:302 - Check plugin clock
2022-10-01 17:44:57,545 [INFO] PluginManage:352 - Loaded plugin clock (category:base,tabindex:2)
2022-10-01 17:44:57,545 [INFO] PluginManage:302 - Check plugin ddr
2022-10-01 17:44:57,549 [INFO] PluginManage:352 - Loaded plugin ddr (category:tool,tabindex:6)
2022-10-01 17:44:57,549 [INFO] PluginManage:302 - Check plugin filemanager
2022-10-01 17:44:57,710 [INFO] PluginManage:352 - Loaded plugin filemanager (category:base,tabindex:10)
2022-10-01 17:44:57,710 [INFO] PluginManage:302 - Check plugin ipmanager
2022-10-01 17:44:57,735 [INFO] PluginManage:352 - Loaded plugin ipmanager (category:base,tabindex:5)
2022-10-01 17:44:57,735 [INFO] PluginManage:302 - Check plugin pinoutandconfiguration
2022-10-01 17:44:57,755 [INFO] PluginManage:352 - Loaded plugin pinoutandconfiguration (category:base,tabindex:1)
2022-10-01 17:44:57,755 [INFO] PluginManage:302 - Check plugin pinoutconfig
2022-10-01 17:44:57,790 [INFO] PluginManage:352 - Loaded plugin pinoutconfig (category:base,tabindex:0)
2022-10-01 17:44:57,790 [INFO] PluginManage:302 - Check plugin power
2022-10-01 17:44:57,805 [INFO] PluginManage:352 - Loaded plugin power (category:power,tabindex:4)
2022-10-01 17:44:57,805 [INFO] PluginManage:302 - Check plugin projectmanager
2022-10-01 17:44:57,825 [INFO] PluginManage:352 - Loaded plugin projectmanager (category:projectmanager,tabindex:3)
2022-10-01 17:44:57,825 [INFO] PluginManage:302 - Check plugin thirdparty
2022-10-01 17:44:57,994 [WARN] IntegrityCheckThread:78 - waiting for thirdparty lock release [integrity check]
2022-10-01 17:44:57,994 [INFO] PluginManage:352 - Loaded plugin thirdparty (category:base,tabindex:-1)
2022-10-01 17:44:57,994 [INFO] IntegrityCheckThread:80 - entering critical section [integrity check]
2022-10-01 17:44:57,994 [INFO] PluginManage:302 - Check plugin tools
2022-10-01 17:44:57,994 [INFO] ThirdPartyUpdaterWithRetryManager:66 - Updater plugin not ready yet. [1/15]
2022-10-01 17:44:57,998 [INFO] PluginManage:352 - Loaded plugin tools (category:base,tabindex:7)
2022-10-01 17:44:57,998 [INFO] PluginManage:302 - Check plugin tutovideos
2022-10-01 17:44:58,235 [INFO] PluginManage:352 - Loaded plugin tutovideos (category:base,tabindex:-1)
2022-10-01 17:44:58,235 [INFO] PluginManage:302 - Check plugin updater
2022-10-01 17:44:58,247 [INFO] PluginManage:352 - Loaded plugin updater (category:base,tabindex:12)
2022-10-01 17:44:58,251 [INFO] PluginManage:275 - PluginManage : Loaded plugins [13]
2022-10-01 17:44:58,458 [INFO] PinOutPanel:1463 - setPackage(No Configuration,No Configuration)
2022-10-01 17:44:58,586 [INFO] IPUIPlugin:74 - create IPUIPlugin
2022-10-01 17:44:58,586 [INFO] PluginManager:213 - loadIPPluginJar : add adc
2022-10-01 17:44:58,590 [INFO] IPUIPlugin:74 - create IPUIPlugin
2022-10-01 17:44:58,590 [INFO] PluginManager:213 - loadIPPluginJar : add aes
2022-10-01 17:44:58,594 [INFO] IPUIPlugin:74 - create IPUIPlugin
2022-10-01 17:44:58,594 [INFO] PluginManager:213 - loadIPPluginJar : add can
2022-10-01 17:44:58,594 [INFO] IPUIPlugin:74 - create IPUIPlugin
2022-10-01 17:44:58,594 [INFO] PluginManager:213 - loadIPPluginJar : add comp
2022-10-01 17:44:58,598 [INFO] IPUIPlugin:74 - create IPUIPlugin
2022-10-01 17:44:58,598 [INFO] PluginManager:213 - loadIPPluginJar : add cryp
2022-10-01 17:44:58,598 [INFO] IPUIPlugin:74 - create IPUIPlugin
2022-10-01 17:44:58,602 [INFO] PluginManager:213 - loadIPPluginJar : add dfsdm
2022-10-01 17:44:58,606 [INFO] IPUIPlugin:74 - create IPUIPlugin
2022-10-01 17:44:58,610 [INFO] PluginManager:213 - loadIPPluginJar : add dma
2022-10-01 17:44:58,615 [INFO] IPUIPlugin:74 - create IPUIPlugin
2022-10-01 17:44:58,615 [INFO] PluginManager:213 - loadIPPluginJar : add dma3
2022-10-01 17:44:58,615 [INFO] IPUIPlugin:74 - create IPUIPlugin
2022-10-01 17:44:58,615 [INFO] PluginManager:213 - loadIPPluginJar : add fatfs
2022-10-01 17:44:58,619 [INFO] IPUIPlugin:74 - create IPUIPlugin
2022-10-01 17:44:58,619 [INFO] PluginManager:213 - loadIPPluginJar : add fmc
2022-10-01 17:44:58,627 [INFO] IPUIPlugin:74 - create IPUIPlugin
2022-10-01 17:44:58,627 [INFO] PluginManager:213 - loadIPPluginJar : add freertos
2022-10-01 17:44:58,633 [INFO] IPUIPlugin:74 - create IPUIPlugin
2022-10-01 17:44:58,633 [INFO] PluginManager:213 - loadIPPluginJar : add genericplugin
2022-10-01 17:44:58,633 [INFO] IPUIPlugin:74 - create IPUIPlugin
2022-10-01 17:44:58,633 [INFO] PluginManager:213 - loadIPPluginJar : add gfxmmu
2022-10-01 17:44:58,641 [INFO] IPUIPlugin:74 - create IPUIPlugin
2022-10-01 17:44:58,641 [INFO] PluginManager:213 - loadIPPluginJar : add gic
2022-10-01 17:44:58,645 [INFO] IPUIPlugin:74 - create IPUIPlugin
2022-10-01 17:44:58,645 [INFO] PluginManager:213 - loadIPPluginJar : add gpio
2022-10-01 17:44:58,649 [INFO] IPUIPlugin:74 - create IPUIPlugin
2022-10-01 17:44:58,649 [INFO] PluginManager:213 - loadIPPluginJar : add gtzc
2022-10-01 17:44:58,649 [INFO] IPUIPlugin:74 - create IPUIPlugin
2022-10-01 17:44:58,649 [INFO] PluginManager:213 - loadIPPluginJar : add hash
2022-10-01 17:44:58,653 [INFO] IPUIPlugin:74 - create IPUIPlugin
2022-10-01 17:44:58,653 [INFO] PluginManager:213 - loadIPPluginJar : add i2c
2022-10-01 17:44:58,657 [INFO] IPUIPlugin:74 - create IPUIPlugin
2022-10-01 17:44:58,657 [INFO] PluginManager:213 - loadIPPluginJar : add i2s
2022-10-01 17:44:58,661 [INFO] IPUIPlugin:74 - create IPUIPlugin
2022-10-01 17:44:58,661 [INFO] PluginManager:213 - loadIPPluginJar : add ipddr
2022-10-01 17:44:58,673 [INFO] IPUIPlugin:74 - create IPUIPlugin
2022-10-01 17:44:58,673 [INFO] PluginManager:213 - loadIPPluginJar : add linkedlist
2022-10-01 17:44:58,677 [INFO] IPUIPlugin:74 - create IPUIPlugin
2022-10-01 17:44:58,677 [INFO] PluginManager:213 - loadIPPluginJar : add lorawan
2022-10-01 17:44:58,677 [INFO] IPUIPlugin:74 - create IPUIPlugin
2022-10-01 17:44:58,677 [INFO] PluginManager:213 - loadIPPluginJar : add ltdc
2022-10-01 17:44:58,685 [INFO] IPUIPlugin:74 - create IPUIPlugin
2022-10-01 17:44:58,685 [INFO] PluginManager:213 - loadIPPluginJar : add mdma
2022-10-01 17:44:58,689 [INFO] IPUIPlugin:74 - create IPUIPlugin
2022-10-01 17:44:58,689 [INFO] PluginManager:213 - loadIPPluginJar : add nvic
2022-10-01 17:44:58,693 [INFO] IPUIPlugin:74 - create IPUIPlugin
2022-10-01 17:44:58,693 [INFO] PluginManager:213 - loadIPPluginJar : add opamp
2022-10-01 17:44:58,697 [INFO] IPUIPlugin:74 - create IPUIPlugin
2022-10-01 17:44:58,697 [INFO] PluginManager:213 - loadIPPluginJar : add openamp
2022-10-01 17:44:58,701 [INFO] IPUIPlugin:74 - create IPUIPlugin
2022-10-01 17:44:58,701 [INFO] PluginManager:213 - loadIPPluginJar : add pdm2pcm
2022-10-01 17:44:58,705 [INFO] IPUIPlugin:74 - create IPUIPlugin
2022-10-01 17:44:58,711 [INFO] PluginManager:213 - loadIPPluginJar : add plateformsettings
2022-10-01 17:44:58,711 [INFO] IPUIPlugin:74 - create IPUIPlugin
2022-10-01 17:44:58,711 [INFO] PluginManager:213 - loadIPPluginJar : add quadspi
2022-10-01 17:44:58,716 [INFO] IPUIPlugin:74 - create IPUIPlugin
2022-10-01 17:44:58,716 [INFO] PluginManager:213 - loadIPPluginJar : add resmgrutility
2022-10-01 17:44:58,720 [INFO] IPUIPlugin:74 - create IPUIPlugin
2022-10-01 17:44:58,720 [INFO] PluginManager:213 - loadIPPluginJar : add sai
2022-10-01 17:44:58,724 [INFO] IPUIPlugin:74 - create IPUIPlugin
2022-10-01 17:44:58,724 [INFO] PluginManager:213 - loadIPPluginJar : add spi
2022-10-01 17:44:58,732 [INFO] IPUIPlugin:74 - create IPUIPlugin
2022-10-01 17:44:58,732 [INFO] PluginManager:213 - loadIPPluginJar : add stm32_wpan
2022-10-01 17:44:58,736 [INFO] IPUIPlugin:74 - create IPUIPlugin
2022-10-01 17:44:58,736 [INFO] PluginManager:213 - loadIPPluginJar : add tim
2022-10-01 17:44:58,740 [INFO] IPUIPlugin:74 - create IPUIPlugin
2022-10-01 17:44:58,740 [INFO] PluginManager:213 - loadIPPluginJar : add touchsensing
2022-10-01 17:44:58,740 [INFO] IPUIPlugin:74 - create IPUIPlugin
2022-10-01 17:44:58,740 [INFO] PluginManager:213 - loadIPPluginJar : add tracer_emb
2022-10-01 17:44:58,744 [INFO] IPUIPlugin:74 - create IPUIPlugin
2022-10-01 17:44:58,744 [INFO] PluginManager:213 - loadIPPluginJar : add ts
2022-10-01 17:44:58,744 [INFO] IPUIPlugin:74 - create IPUIPlugin
2022-10-01 17:44:58,744 [INFO] PluginManager:213 - loadIPPluginJar : add tsc
2022-10-01 17:44:58,748 [INFO] IPUIPlugin:74 - create IPUIPlugin
2022-10-01 17:44:58,748 [INFO] PluginManager:213 - loadIPPluginJar : add ucpd
2022-10-01 17:44:58,773 [INFO] IPUIPlugin:74 - create IPUIPlugin
2022-10-01 17:44:58,773 [INFO] PluginManager:213 - loadIPPluginJar : add usart
2022-10-01 17:44:58,781 [INFO] IPUIPlugin:74 - create IPUIPlugin
2022-10-01 17:44:58,781 [INFO] PluginManager:213 - loadIPPluginJar : add usbx
2022-10-01 17:44:59,279 [FATAL] Updater:294 - Updater called before beeing initialized
2022-10-01 17:44:59,403 [FATAL] Updater:294 - Updater called before beeing initialized
2022-10-01 17:44:59,407 [INFO] DbMcusAds:47 - JSON generation date=Thu Sep 30 13:55:09 ICT 2021 (1632984909247)
2022-10-01 17:44:59,407 [FATAL] Updater:294 - Updater called before beeing initialized
2022-10-01 17:44:59,443 [WARN] DetailPanel:314 - Failed to get advertising image, set to default
2022-10-01 17:44:59,530 [FATAL] Updater:294 - Updater called before beeing initialized
2022-10-01 17:44:59,534 [FATAL] Updater:294 - Updater called before beeing initialized
2022-10-01 17:44:59,534 [FATAL] Updater:294 - Updater called before beeing initialized
2022-10-01 17:44:59,534 [WARN] DetailPanel:314 - Failed to get advertising image, set to default
2022-10-01 17:44:59,534 [FATAL] Updater:294 - Updater called before beeing initialized
2022-10-01 17:44:59,593 [ERROR] Updater:1075 - MainUpdater not yet initialized. External WinMGr cannot be set.
2022-10-01 17:44:59,597 [INFO] Updater:1012 - Updater Version found : 6.3.0
2022-10-01 17:44:59,613 [INFO] ApplicationProperties:181 - Using Application install path: C:\ST\STM32CubeIDE_1.7.0\STM32CubeIDE\plugins\com.st.stm32cube.common.mx_6.3.0.202107141111
2022-10-01 17:45:00,997 [INFO] ThirdPartyUpdaterWithRetryManager:66 - Updater plugin not ready yet. [2/15]
2022-10-01 17:45:01,001 [INFO] MainUpdater:2671 - connection check result : 10
2022-10-01 17:45:01,005 [INFO] MainUpdater:265 - Updater Check For Update Now.
2022-10-01 17:45:01,005 [INFO] MicroXplorer:478 - Change Database Version : DB.6.0.30
2022-10-01 17:45:01,204 [INFO] CheckServerUpdateThread:112 - End of CheckServer Thread
2022-10-01 17:45:01,243 [INFO] MainUpdater:2671 - connection check result : 10
2022-10-01 17:45:01,552 [INFO] McuFinderGlobals:52 - Set McuFinderConnectedMode to false
2022-10-01 17:45:01,694 [INFO] CrossSelectorPresenter:1330 - Cross Selector saved comparison directory: C:\Users\A.Tuan\.stmcufinder\plugins\mcufinder\mcu\cs_comparisons_mx
2022-10-01 17:45:01,698 [INFO] MultiScanPanel:197 - Auto-refresh data requested => check proxy status ongoing
2022-10-01 17:45:01,698 [INFO] MultiScanPanel:201 - Proxy status is invalid
2022-10-01 17:45:01,702 [INFO] FinderPluginLoader:87 - Searching for filters in installed packs
2022-10-01 17:45:01,702 [INFO] DbMcusXml:100 - Load MCU database from C:\ST\STM32CubeIDE_1.7.0\STM32CubeIDE\plugins\com.st.stm32cube.common.mx_6.3.0.202107141111\\db\/mcu/families.xml
2022-10-01 17:45:02,644 [INFO] DbMcusJson:93 - JSON generation date=Tue Nov 16 23:17:54 ICT 2021 (1637079474)
2022-10-01 17:45:03,391 [INFO] DbMcus:175 - Found 1951 MCUs (1903 are supported by CubeMX, 1914 are visible in CubeMX)
2022-10-01 17:45:03,391 [INFO] ApiDb:251 - Load user favorites file C:\Users\A.Tuan/.stm32cubeide/favorites.mcus.txt: 0 item(s)
2022-10-01 17:45:03,391 [INFO] ApiDb:255 - User favorites MCUs=[]
2022-10-01 17:45:03,391 [INFO] DbMcus:187 - Set 0 / 0 favorites MCUs
2022-10-01 17:45:03,946 [INFO] DetailPanel:309 - Set advertising image to C:/Users/A.Tuan/STM32Cube/Repository/\en.Prom_NBSTM32U50921.jpg
2022-10-01 17:45:04,180 [WARN] PackLoader:238 - Cannot read IP mode file for STMicroelectronics.X-CUBE-GNSS1.6.0.0
2022-10-01 17:45:04,248 [WARN] PackLoader:238 - Cannot read IP mode file for STMicroelectronics.X-CUBE-AZRTOS-F4.1.1.0
2022-10-01 17:45:04,288 [WARN] PackLoader:238 - Cannot read IP mode file for STMicroelectronics.X-CUBE-AZRTOS-F7.1.1.0
2022-10-01 17:45:04,297 [WARN] PackLoader:238 - Cannot read IP mode file for STMicroelectronics.X-CUBE-BLE1.6.2.3
2022-10-01 17:45:04,310 [WARN] PackLoader:238 - Cannot read IP mode file for STMicroelectronics.X-CUBE-NFC4.2.0.4
2022-10-01 17:45:04,327 [WARN] PackLoader:238 - Cannot read IP mode file for STMicroelectronics.X-CUBE-TOF1.3.1.0
2022-10-01 17:45:04,338 [WARN] PackLoader:238 - Cannot read IP mode file for wolfSSL.I-CUBE-wolfSSL.5.5.0
2022-10-01 17:45:04,342 [WARN] PackLoader:238 - Cannot read IP mode file for STMicroelectronics.X-CUBE-NFC7.1.0.0
2022-10-01 17:45:04,384 [WARN] PackLoader:238 - Cannot read IP mode file for STMicroelectronics.X-CUBE-MEMS1.9.3.0
2022-10-01 17:45:04,485 [INFO] DbBoardsPdsc:90 - Found 25 items
2022-10-01 17:45:04,485 [INFO] DbBoardsPdsc:90 - Found 9 items
2022-10-01 17:45:04,493 [INFO] DbBoardsPdsc:90 - Found 33 items
2022-10-01 17:45:04,493 [INFO] DbBoardsPdsc:90 - Found 1 items
2022-10-01 17:45:04,505 [INFO] DbBoardsPdsc:90 - Found 48 items
2022-10-01 17:45:04,513 [INFO] DbBoardsPdsc:90 - Found 43 items
2022-10-01 17:45:04,518 [INFO] DbBoardsPdsc:90 - Found 2 items
2022-10-01 17:45:04,522 [INFO] DbBoardsPdsc:90 - Found 5 items
2022-10-01 17:45:04,526 [WARN] DbBoardsPdsc:254 - Board STM32H7B3I-DK: unknown feature type=Audio, name=, username=Audio stereo codec with Headphone Amp (CS42L51-CNZ), n=1
2022-10-01 17:45:04,526 [WARN] DbBoardsPdsc:254 - Board STM32H735G-DK: unknown feature type=Audio, name=, username=Audio stereo codec with Headphone Amp (WM8994ECS/R), n=1
2022-10-01 17:45:04,526 [WARN] DbBoardsPdsc:254 - Board STM32H7B3I-EVAL: unknown feature type=Audio, name=, username=Multi-Channel Audio Codec (CS42L51-CNZ), n=1
2022-10-01 17:45:04,526 [WARN] DbBoardsPdsc:254 - Board STM32H7B3I-EVAL: unknown feature type=Meter, name=, username=Power-metering and Temperature-monitoring with sigma-delta modulators, n=1
2022-10-01 17:45:04,526 [WARN] DbBoardsPdsc:254 - Board STM32H7B3I-EVAL: unknown feature type=Motor, name=, username=Motor Control, n=1
2022-10-01 17:45:04,526 [WARN] DbBoardsPdsc:254 - Board STM32U575I-EV: unknown feature type=joystick, name=, username=4-direction joystick with selection button, n=1
2022-10-01 17:45:04,546 [INFO] DbBoardsJson:86 - JSON generation date=Tue Nov 16 23:17:54 ICT 2021 (1637079474)
2022-10-01 17:45:04,549 [INFO] DbBoards:117 - Found 167 boards (163 are supported by CubeMX)
2022-10-01 17:45:04,557 [INFO] DbBoardsDocs:143 - JSON generation date=Tue Nov 16 23:17:54 ICT 2021 (1637079474)
2022-10-01 17:45:04,567 [INFO] DbBoardsDocs:79 - Found 209 boards documents
2022-10-01 17:45:04,567 [WARN] DbBoards:127 - board B-L475E-IOT01A2 has no document id list !
2022-10-01 17:45:04,571 [WARN] DbBoards:127 - board NUCLEO-H743ZI has no document id list !
2022-10-01 17:45:04,571 [WARN] DbBoards:127 - board NUCLEO-WL55JC2 has no document id list !
2022-10-01 17:45:04,571 [WARN] DbBoards:127 - board P-NUCLEO-WB55-Nucleo has no document id list !
2022-10-01 17:45:04,571 [WARN] DbBoards:127 - board P-NUCLEO-WB55-USBDongle has no document id list !
2022-10-01 17:45:04,571 [WARN] DbBoards:127 - board STEVAL-BFA001V1B has no document id list !
2022-10-01 17:45:04,571 [WARN] DbBoards:127 - board STEVAL-BFA001V2B has no document id list !
2022-10-01 17:45:04,571 [WARN] DbBoards:127 - board STEVAL-IDP005V1 has no document id list !
2022-10-01 17:45:04,571 [WARN] DbBoards:127 - board STEVAL-IDP005V2 has no document id list !
2022-10-01 17:45:04,571 [WARN] DbBoards:127 - board STEVAL-MKSBOX1V1 has no document id list !
2022-10-01 17:45:04,571 [WARN] DbBoards:127 - board STEVAL-STWINKT1 has no document id list !
2022-10-01 17:45:04,571 [WARN] DbBoards:127 - board STEVAL-STWINKT1B has no document id list !
2022-10-01 17:45:04,584 [WARN] DbBoards:127 - board STM32439I-EVAL2 has no document id list !
2022-10-01 17:45:04,584 [WARN] DbBoards:127 - board STM32F401C-DISCO has no document id list !
2022-10-01 17:45:04,584 [WARN] DbBoards:127 - board STM32F769I-DISC1 has no document id list !
2022-10-01 17:45:04,584 [WARN] DbBoards:127 - board STM32G474E-EVAL1 has no document id list !
2022-10-01 17:45:04,584 [WARN] DbBoards:127 - board STM32H743I-EVAL2 has no document id list !
2022-10-01 17:45:04,584 [WARN] DbBoards:127 - board STM32H747I-DISC1 has no document id list !
2022-10-01 17:45:04,584 [WARN] DbBoards:127 - board STM32H753I-EVAL2 has no document id list !
2022-10-01 17:45:04,584 [WARN] DbBoards:127 - board STM32L-DISCOVERY has no document id list !
2022-10-01 17:45:04,610 [WARN] PackLoader:238 - Cannot read IP mode file for STMicroelectronics.X-CUBE-AI.7.2.0
2022-10-01 17:45:04,618 [WARN] PackLoader:238 - Cannot read IP mode file for STMicroelectronics.X-CUBE-SFXS2LP1.4.0.0
2022-10-01 17:45:04,623 [WARN] PackLoader:238 - Cannot read IP mode file for STMicroelectronics.X-CUBE-BLE2.3.3.0
2022-10-01 17:45:04,636 [WARN] PackLoader:238 - Cannot read IP mode file for STMicroelectronics.X-CUBE-DISPLAY.2.2.0
2022-10-01 17:45:04,649 [WARN] PackLoader:238 - Cannot read IP mode file for STMicroelectronics.X-CUBE-ISPU.1.0.0
2022-10-01 17:45:04,662 [WARN] PackLoader:238 - Cannot read IP mode file for RoweBots.I-CUBE-UNISONRTOS.5.5.0-4
2022-10-01 17:45:04,693 [WARN] PackLoader:238 - Cannot read IP mode file for STMicroelectronics.X-CUBE-AZRTOS-H7.2.1.0
2022-10-01 17:45:04,710 [WARN] PackLoader:238 - Cannot read IP mode file for STMicroelectronics.X-CUBE-BLEMGR.1.0.0
2022-10-01 17:45:04,721 [WARN] PackLoader:238 - Cannot read IP mode file for STMicroelectronics.X-CUBE-ALGOBUILD.1.3.0
2022-10-01 17:45:04,748 [WARN] PackLoader:238 - Cannot read IP mode file for STMicroelectronics.X-CUBE-AZRTOS-G0.1.1.0
2022-10-01 17:45:04,764 [WARN] PackLoader:238 - Cannot read IP mode file for STMicroelectronics.X-CUBE-SUBG2.5.0.0
2022-10-01 17:45:04,793 [ERROR] DbBoards:189 - Image file not found for board B-U585I-IOT02A: C:\ST\STM32CubeIDE_1.7.0\STM32CubeIDE\plugins\com.st.stm32cube.common.mx_6.3.0.202107141111\\db\/plugins/mcufinder/images/boards/B-U585I-IOT02A_small.jpg
2022-10-01 17:45:04,809 [WARN] PackLoader:238 - Cannot read IP mode file for SEGGER.I-CUBE-embOS.1.2.0
2022-10-01 17:45:04,851 [WARN] PackLoader:238 - Cannot read IP mode file for STMicroelectronics.FP-ATR-ASTRA1.1.1.1
2022-10-01 17:45:04,875 [WARN] PackLoader:238 - Cannot read IP mode file for STMicroelectronics.X-CUBE-AZRTOS-G4.1.0.0
2022-10-01 17:45:04,908 [WARN] PackLoader:238 - Cannot read IP mode file for STMicroelectronics.X-CUBE-AZRTOS-L4.1.0.0
2022-10-01 17:45:04,924 [WARN] PackLoader:238 - Cannot read IP mode file for emotas.I-CUBE-CANOPEN.1.1.2
2022-10-01 17:45:04,928 [WARN] PackLoader:238 - Cannot read IP mode file for STMicroelectronics.X-CUBE-TOUCHGFX.4.20.0
2022-10-01 17:45:04,944 [WARN] PackLoader:238 - Cannot read IP mode file for STMicroelectronics.X-CUBE-AZRTOS-WL.1.0.0
2022-10-01 17:45:04,951 [ERROR] DbBoards:189 - Image file not found for board NUCLEO-F413ZH: C:\ST\STM32CubeIDE_1.7.0\STM32CubeIDE\plugins\com.st.stm32cube.common.mx_6.3.0.202107141111\\db\/plugins/mcufinder/images/boards/nucleo-f413zh_small.jpg
2022-10-01 17:45:04,951 [WARN] PackLoader:238 - Cannot read IP mode file for portGmbH.I-Cube-SoM-uGOAL.1.1.0
2022-10-01 17:45:04,955 [WARN] PackLoader:238 - Cannot read IP mode file for STMicroelectronics.X-CUBE-ALS.1.0.1
2022-10-01 17:45:04,972 [WARN] PackLoader:238 - Cannot read IP mode file for STMicroelectronics.X-CUBE-AZRTOS-L5.1.0.0
2022-10-01 17:45:04,981 [WARN] PackLoader:238 - Cannot read IP mode file for STMicroelectronics.X-CUBE-EEPRMA1.3.1.1
2022-10-01 17:45:04,981 [INFO] ThirdParty:915 - Integrity check success = true
2022-10-01 17:45:04,981 [INFO] IntegrityCheckThread:94 - exiting critical section [integrity check]
2022-10-01 17:45:04,981 [INFO] IntegrityCheckThread:97 - End integrity checks thread
2022-10-01 17:45:05,187 [ERROR] DbBoards:189 - Image file not found for board NUCLEO-L552ZE-Q: C:\ST\STM32CubeIDE_1.7.0\STM32CubeIDE\plugins\com.st.stm32cube.common.mx_6.3.0.202107141111\\db\/plugins/mcufinder/images/boards/nucleo_l552ze_q_small.jpg
2022-10-01 17:45:05,187 [ERROR] DbBoards:189 - Image file not found for board NUCLEO-U575ZI-Q: C:\ST\STM32CubeIDE_1.7.0\STM32CubeIDE\plugins\com.st.stm32cube.common.mx_6.3.0.202107141111\\db\/plugins/mcufinder/images/boards/nucleo-u575zi-q_small.jpg
2022-10-01 17:45:05,187 [ERROR] DbBoards:189 - Image file not found for board NUCLEO-WB15CC: C:\ST\STM32CubeIDE_1.7.0\STM32CubeIDE\plugins\com.st.stm32cube.common.mx_6.3.0.202107141111\\db\/plugins/mcufinder/images/boards/nucleo-wb15cc_small.jpg
2022-10-01 17:45:05,187 [ERROR] DbBoards:189 - Image file not found for board NUCLEO-WB55RG: C:\ST\STM32CubeIDE_1.7.0\STM32CubeIDE\plugins\com.st.stm32cube.common.mx_6.3.0.202107141111\\db\/plugins/mcufinder/images/boards/nucleo-wb55rg_small.jpg
2022-10-01 17:45:06,718 [INFO] ApiDb:251 - Load user favorites file C:\Users\A.Tuan/.stm32cubeide/favorites.boards.txt: 0 item(s)
2022-10-01 17:45:06,718 [INFO] ApiDb:255 - User favorites Boards=[]
2022-10-01 17:45:06,718 [INFO] DbBoards:206 - Set 0 / 0 favorites Boards
2022-10-01 17:46:26,022 [INFO] DbMcusDocs:143 - JSON generation date=Tue Nov 16 23:17:54 ICT 2021 (1637079474)
2022-10-01 17:46:26,379 [INFO] DbMcusDocs:79 - Found 682 MCUs documents
2022-10-01 17:46:41,169 [INFO] MainUpdater:2671 - connection check result : 10
2022-10-01 17:46:41,169 [INFO] MainUpdater:2671 - connection check result : 10
2022-10-01 17:46:41,265 [INFO] MicroXplorer:448 - Change Database Path : 
2022-10-01 17:46:41,265 [INFO] MicroXplorer:478 - Change Database Version : DB.6.0.30
2022-10-01 17:46:41,269 [WARN] ThirdParty:813 - waiting for thirdparty lock release [close project]
2022-10-01 17:46:41,269 [INFO] ThirdParty:815 - entering critical section [close project]
2022-10-01 17:46:41,269 [INFO] ThirdParty:825 - exiting critical section [close project]
2022-10-01 17:46:41,273 [INFO] PinOutPanel:1463 - setPackage(No Configuration,No Configuration)
2022-10-01 17:46:41,273 [INFO] UtilMem:74 - Begin LoadConfig() Used Memory: 482448512 Bytes (571473920)
2022-10-01 17:46:41,277 [INFO] MicroXplorer:448 - Change Database Path : 
2022-10-01 17:46:41,277 [INFO] MicroXplorer:478 - Change Database Version : DB.6.0.30
2022-10-01 17:46:41,277 [INFO] OpenFileManager:313 - Change cursor
2022-10-01 17:46:42,262 [INFO] Context:592 - Trying to add GPIOservice into a context  which must be forbidden
2022-10-01 17:46:42,480 [INFO] ImportTextPane:167 - (OptionalMessage_ERROR) Unable to find key (Mcu.ThirdPartyNb) in loaded IOC file
2022-10-01 17:46:42,480 [INFO] ImportTextPane:167 - (OptionalMessage_ERROR) Unable to find key (Mcu.PinsNb) in loaded IOC file
2022-10-01 17:46:42,480 [INFO] ImportTextPane:167 - (OptionalMessage_ERROR) Unable to find key (Mcu.IPNb) in loaded IOC file
2022-10-01 17:46:42,536 [WARN] ApiManager:304 - Cannot register API 'Board Extension:GNSS1A1' from pack STMicroelectronics.X-CUBE-GNSS1.6.0.0: no header file found
2022-10-01 17:46:42,536 [WARN] ApiManager:304 - Cannot register API 'Board Support:Custom' from pack STMicroelectronics.X-CUBE-GNSS1.6.0.0: no header file found
2022-10-01 17:46:42,536 [WARN] ApiManager:304 - Cannot register API 'Data Exchange:lib_gnss' from pack STMicroelectronics.X-CUBE-GNSS1.6.0.0: no header file found
2022-10-01 17:46:42,553 [WARN] ModelIntegratedComponent:60 - No mode defined for component null
2022-10-01 17:46:42,553 [WARN] ModelIntegratedComponent:60 - No mode defined for component null
2022-10-01 17:46:42,553 [WARN] ModelIntegratedComponent:60 - No mode defined for component null
2022-10-01 17:46:42,553 [WARN] ModelIntegratedComponent:60 - No mode defined for component null
2022-10-01 17:46:42,553 [WARN] ModelIntegratedComponent:60 - No mode defined for component null
2022-10-01 17:46:42,553 [WARN] ModelIntegratedComponent:60 - No mode defined for component null
2022-10-01 17:46:42,553 [WARN] ModelIntegratedComponent:60 - No mode defined for component null
2022-10-01 17:46:42,553 [WARN] ModelIntegratedComponent:60 - No mode defined for component null
2022-10-01 17:46:42,553 [WARN] ModelIntegratedComponent:60 - No mode defined for component null
2022-10-01 17:46:42,553 [WARN] ModelIntegratedComponent:60 - No mode defined for component null
2022-10-01 17:46:42,553 [WARN] ModelIntegratedComponent:60 - No mode defined for component null
2022-10-01 17:46:42,553 [WARN] ModelIntegratedComponent:60 - No mode defined for component null
2022-10-01 17:46:42,553 [WARN] ModelIntegratedComponent:60 - No mode defined for component null
2022-10-01 17:46:42,553 [WARN] ModelIntegratedComponent:60 - No mode defined for component null
2022-10-01 17:46:42,553 [WARN] ModelIntegratedComponent:60 - No mode defined for component null
2022-10-01 17:46:42,553 [WARN] ModelIntegratedComponent:60 - No mode defined for component null
2022-10-01 17:46:42,553 [WARN] ModelIntegratedComponent:60 - No mode defined for component null
2022-10-01 17:46:42,553 [WARN] ModelIntegratedComponent:60 - No mode defined for component null
2022-10-01 17:46:42,553 [WARN] ModelIntegratedComponent:60 - No mode defined for component null
2022-10-01 17:46:42,553 [WARN] ModelIntegratedComponent:60 - No mode defined for component null
2022-10-01 17:46:42,553 [WARN] ModelIntegratedComponent:60 - No mode defined for component null
2022-10-01 17:46:42,553 [WARN] ModelIntegratedComponent:60 - No mode defined for component null
2022-10-01 17:46:42,553 [WARN] ModelIntegratedComponent:60 - No mode defined for component null
2022-10-01 17:46:42,553 [WARN] ModelIntegratedComponent:60 - No mode defined for component null
2022-10-01 17:46:42,553 [WARN] ModelIntegratedComponent:60 - No mode defined for component null
2022-10-01 17:46:42,553 [WARN] ModelIntegratedComponent:60 - No mode defined for component null
2022-10-01 17:46:42,553 [WARN] ModelIntegratedComponent:60 - No mode defined for component null
2022-10-01 17:46:42,553 [WARN] ModelIntegratedComponent:60 - No mode defined for component null
2022-10-01 17:46:42,553 [WARN] ModelIntegratedComponent:60 - No mode defined for component null
2022-10-01 17:46:42,553 [WARN] ModelIntegratedComponent:60 - No mode defined for component null
2022-10-01 17:46:42,553 [WARN] ModelIntegratedComponent:60 - No mode defined for component null
2022-10-01 17:46:42,557 [WARN] ApiManager:304 - Cannot register API 'Board Extension:NFC07A1' from pack STMicroelectronics.X-CUBE-NFC7.1.0.0: no header file found
2022-10-01 17:46:42,755 [WARN] ApiManager:304 - Cannot register API 'Board Extension:IKS01A3' from pack STMicroelectronics.X-CUBE-MEMS1.9.3.0: no header file found
2022-10-01 17:46:42,755 [WARN] ApiManager:304 - Cannot register API 'Board Extension:IKS01A2' from pack STMicroelectronics.X-CUBE-MEMS1.9.3.0: no header file found
2022-10-01 17:46:42,755 [WARN] ApiManager:304 - Cannot register API 'Board Extension:IKS02A1' from pack STMicroelectronics.X-CUBE-MEMS1.9.3.0: no header file found
2022-10-01 17:46:42,768 [WARN] ApiManager:304 - Cannot register API 'Wireless:BlueNRG-MS' from pack STMicroelectronics.X-CUBE-BLE1.6.2.3: no header file found
2022-10-01 17:46:42,768 [INFO] RtosManager:484 - Registered RTOS mode: class=CMSIS, group=RTOS, mode=CMSIS_V1, owner=FREERTOS
2022-10-01 17:46:42,772 [INFO] RtosManager:484 - Registered RTOS mode: class=CMSIS, group=RTOS2, mode=CMSIS_V2, owner=FREERTOS
2022-10-01 17:46:42,772 [INFO] RtosManager:484 - Registered RTOS mode: class=RTOS, group=Core, mode=CMSIS_V1, owner=FREERTOS
2022-10-01 17:46:42,772 [INFO] RtosManager:484 - Registered RTOS mode: class=RTOS, group=Core, mode=CMSIS_V2, owner=FREERTOS
2022-10-01 17:46:42,772 [WARN] ModelIntegratedComponent:181 - Missing modes for component STMicroelectronics:FreeRTOS:0.0.1:STMicroelectronics:RTOS:FreeRTOS:Core:::10.2.0:
2022-10-01 17:46:42,776 [WARN] ApiManager:304 - Cannot register API 'Board Extension:S2868A1' from pack STMicroelectronics.X-CUBE-SUBG2.5.0.0: no header file found
2022-10-01 17:46:42,776 [WARN] ApiManager:304 - Cannot register API 'Board Extension:S2868A2' from pack STMicroelectronics.X-CUBE-SUBG2.5.0.0: no header file found
2022-10-01 17:46:42,776 [WARN] ApiManager:304 - Cannot register API 'Board Extension:S2915A1' from pack STMicroelectronics.X-CUBE-SUBG2.5.0.0: no header file found
2022-10-01 17:46:42,780 [WARN] ApiManager:304 - Cannot register API 'Board Extension:EEPRMA1' from pack STMicroelectronics.X-CUBE-EEPRMA1.3.1.1: no header file found
2022-10-01 17:46:42,780 [WARN] ApiManager:304 - Cannot register API 'Board Extension:EEPRMA2' from pack STMicroelectronics.X-CUBE-EEPRMA1.3.1.1: no header file found
2022-10-01 17:46:42,780 [WARN] ApiManager:304 - Cannot register API 'Board Extension:S2868A1' from pack STMicroelectronics.X-CUBE-SFXS2LP1.4.0.0: no header file found
2022-10-01 17:46:42,780 [WARN] ApiManager:304 - Cannot register API 'Board Extension:S2868A2' from pack STMicroelectronics.X-CUBE-SFXS2LP1.4.0.0: no header file found
2022-10-01 17:46:42,780 [WARN] ApiManager:304 - Cannot register API 'Board Extension:S2915A1' from pack STMicroelectronics.X-CUBE-SFXS2LP1.4.0.0: no header file found
2022-10-01 17:46:42,780 [WARN] ApiManager:304 - Cannot register API 'Wireless:BlueNRG-2' from pack STMicroelectronics.X-CUBE-BLE2.3.3.0: no header file found
2022-10-01 17:46:42,784 [WARN] ApiManager:304 - Cannot register API 'Board Extension:NFC04A1' from pack STMicroelectronics.X-CUBE-NFC4.2.0.4: no header file found
2022-10-01 17:46:44,497 [INFO] UtilMem:74 - End LoadConfig() Used Memory: 469281256 Bytes (571473920)
2022-10-01 17:46:44,497 [WARN] ThirdParty:779 - waiting for thirdparty lock release [change project]
2022-10-01 17:46:44,502 [INFO] ThirdParty:781 - entering critical section [change project]
2022-10-01 17:46:44,502 [INFO] ThirdParty:967 - CMSIS Pack Vendor :RoweBots I-CUBE-UNISONRTOS 5.5.0-4
2022-10-01 17:46:44,502 [INFO] ThirdParty:967 - CMSIS Pack Vendor :STMicroelectronics X-CUBE-GNSS1 6.0.0
2022-10-01 17:46:44,502 [INFO] ThirdParty:967 - CMSIS Pack Vendor :STMicroelectronics X-CUBE-AZRTOS-H7 2.1.0
2022-10-01 17:46:44,502 [INFO] ThirdParty:967 - CMSIS Pack Vendor :STMicroelectronics USB_HOST 2.0.0
2022-10-01 17:46:44,502 [INFO] ThirdParty:967 - CMSIS Pack Vendor :STMicroelectronics X-CUBE-AZRTOS-F4 1.1.0
2022-10-01 17:46:44,502 [INFO] ThirdParty:967 - CMSIS Pack Vendor :STMicroelectronics X-CUBE-AZRTOS-G4 1.0.0
2022-10-01 17:46:44,502 [INFO] ThirdParty:967 - CMSIS Pack Vendor :STMicroelectronics X-CUBE-AZRTOS-L4 1.0.0
2022-10-01 17:46:44,502 [INFO] ThirdParty:967 - CMSIS Pack Vendor :STMicroelectronics USB_DEVICE 3.0.0
2022-10-01 17:46:44,502 [INFO] ThirdParty:967 - CMSIS Pack Vendor :wolfSSL I-CUBE-wolfSSL 5.5.0
2022-10-01 17:46:44,502 [INFO] ThirdParty:967 - CMSIS Pack Vendor :STMicroelectronics HAL Drivers 0.0.0
2022-10-01 17:46:44,502 [INFO] ThirdParty:967 - CMSIS Pack Vendor :STMicroelectronics MBEDTLS 2.16.2
2022-10-01 17:46:44,502 [INFO] ThirdParty:967 - CMSIS Pack Vendor :emotas I-CUBE-CANOPEN 1.1.2
2022-10-01 17:46:44,502 [INFO] ThirdParty:967 - CMSIS Pack Vendor :STMicroelectronics X-CUBE-TOUCHGFX 4.20.0
2022-10-01 17:46:44,502 [INFO] ThirdParty:967 - CMSIS Pack Vendor :STMicroelectronics MBEDTLS 2.14.1
2022-10-01 17:46:44,502 [INFO] ThirdParty:967 - CMSIS Pack Vendor :STMicroelectronics X-CUBE-NFC7 1.0.0
2022-10-01 17:46:44,502 [INFO] ThirdParty:967 - CMSIS Pack Vendor :STMicroelectronics X-CUBE-BLEMGR 1.0.0
2022-10-01 17:46:44,502 [INFO] ThirdParty:967 - CMSIS Pack Vendor :STMicroelectronics X-CUBE-AZRTOS-WL 1.0.0
2022-10-01 17:46:44,502 [INFO] ThirdParty:967 - CMSIS Pack Vendor :STMicroelectronics X-CUBE-AZRTOS-F7 1.1.0
2022-10-01 17:46:44,502 [INFO] ThirdParty:967 - CMSIS Pack Vendor :STMicroelectronics X-CUBE-MEMS1 9.3.0
2022-10-01 17:46:44,502 [INFO] ThirdParty:967 - CMSIS Pack Vendor :portGmbH I-Cube-SoM-uGOAL 1.1.0
2022-10-01 17:46:44,502 [INFO] ThirdParty:967 - CMSIS Pack Vendor :STMicroelectronics X-CUBE-ALS 1.0.1
2022-10-01 17:46:44,502 [INFO] ThirdParty:967 - CMSIS Pack Vendor :STMicroelectronics USB_DEVICE 2.0.0
2022-10-01 17:46:44,502 [INFO] ThirdParty:967 - CMSIS Pack Vendor :STMicroelectronics X-CUBE-AI 7.2.0
2022-10-01 17:46:44,502 [INFO] ThirdParty:967 - CMSIS Pack Vendor :STMicroelectronics X-CUBE-BLE1 6.2.3
2022-10-01 17:46:44,502 [INFO] ThirdParty:967 - CMSIS Pack Vendor :STMicroelectronics X-CUBE-ALGOBUILD 1.3.0
2022-10-01 17:46:44,502 [INFO] ThirdParty:967 - CMSIS Pack Vendor :STMicroelectronics X-CUBE-AZRTOS-L5 1.0.0
2022-10-01 17:46:44,502 [INFO] ThirdParty:967 - CMSIS Pack Vendor :STMicroelectronics FreeRTOS 0.0.1
2022-10-01 17:46:44,502 [INFO] ThirdParty:967 - CMSIS Pack Vendor :STMicroelectronics X-CUBE-AZRTOS-G0 1.1.0
2022-10-01 17:46:44,502 [INFO] ThirdParty:967 - CMSIS Pack Vendor :STMicroelectronics USB_DEVICE 1.0.0
2022-10-01 17:46:44,502 [INFO] ThirdParty:967 - CMSIS Pack Vendor :STMicroelectronics X-CUBE-SUBG2 5.0.0
2022-10-01 17:46:44,502 [INFO] ThirdParty:967 - CMSIS Pack Vendor :SEGGER I-CUBE-embOS 1.2.0
2022-10-01 17:46:44,502 [INFO] ThirdParty:967 - CMSIS Pack Vendor :STMicroelectronics X-CUBE-EEPRMA1 3.1.1
2022-10-01 17:46:44,502 [INFO] ThirdParty:967 - CMSIS Pack Vendor :STMicroelectronics ThreadX 0.0.2
2022-10-01 17:46:44,502 [INFO] ThirdParty:967 - CMSIS Pack Vendor :STMicroelectronics lwIP 2.0.3
2022-10-01 17:46:44,502 [INFO] ThirdParty:967 - CMSIS Pack Vendor :STMicroelectronics lwIP 2.1.2
2022-10-01 17:46:44,502 [INFO] ThirdParty:967 - CMSIS Pack Vendor :STMicroelectronics X-CUBE-SFXS2LP1 4.0.0
2022-10-01 17:46:44,502 [INFO] ThirdParty:967 - CMSIS Pack Vendor :STMicroelectronics X-CUBE-BLE2 3.3.0
2022-10-01 17:46:44,502 [INFO] ThirdParty:967 - CMSIS Pack Vendor :STMicroelectronics X-CUBE-NFC4 2.0.4
2022-10-01 17:46:44,502 [INFO] ThirdParty:967 - CMSIS Pack Vendor :STMicroelectronics USB_HOST 1.0.0
2022-10-01 17:46:44,502 [INFO] ThirdParty:967 - CMSIS Pack Vendor :STMicroelectronics X-CUBE-DISPLAY 2.2.0
2022-10-01 17:46:44,502 [INFO] ThirdParty:967 - CMSIS Pack Vendor :STMicroelectronics PDM2PCM 3.1.0
2022-10-01 17:46:44,502 [INFO] ThirdParty:967 - CMSIS Pack Vendor :STMicroelectronics FP-ATR-ASTRA1 1.1.1
2022-10-01 17:46:44,502 [INFO] ThirdParty:967 - CMSIS Pack Vendor :STMicroelectronics PDM2PCM 3.2.0
2022-10-01 17:46:44,502 [INFO] ThirdParty:967 - CMSIS Pack Vendor :STMicroelectronics PDM2PCM 3.3.0
2022-10-01 17:46:44,502 [INFO] ThirdParty:967 - CMSIS Pack Vendor :STMicroelectronics X-CUBE-TOF1 3.1.0
2022-10-01 17:46:44,502 [INFO] ThirdParty:967 - CMSIS Pack Vendor :STMicroelectronics X-CUBE-ISPU 1.0.0
2022-10-01 17:46:44,502 [INFO] ThirdParty:787 - exiting critical section [change project]
2022-10-01 17:46:44,757 [INFO] PinOutPanel:1463 - setPackage(No Configuration,No Configuration)
2022-10-01 17:46:44,761 [INFO] PinOutPanel:1463 - setPackage(STM32F103C6Ux,UFQFPN48)
2022-10-01 17:46:45,178 [INFO] UtilMem:74 - Before build in PCC Used Memory: 478073864 Bytes (571473920)
2022-10-01 17:46:46,009 [INFO] UtilMem:74 - After build in PCC Used Memory: 485322200 Bytes (571473920)
2022-10-01 17:46:46,037 [INFO] IPUIPlugin:74 - create IPUIPlugin
2022-10-01 17:46:46,037 [INFO] IPUIPlugin:74 - create IPUIPlugin
2022-10-01 17:46:46,037 [INFO] IPUIPlugin:74 - create IPUIPlugin
2022-10-01 17:46:46,037 [INFO] IPUIPlugin:74 - create IPUIPlugin
2022-10-01 17:46:46,037 [INFO] IPUIPlugin:74 - create IPUIPlugin
2022-10-01 17:46:46,037 [INFO] IPUIPlugin:74 - create IPUIPlugin
2022-10-01 17:46:46,037 [INFO] IPUIPlugin:74 - create IPUIPlugin
2022-10-01 17:46:46,037 [INFO] IPUIPlugin:74 - create IPUIPlugin
2022-10-01 17:46:46,037 [INFO] IPUIPlugin:74 - create IPUIPlugin
2022-10-01 17:46:46,041 [INFO] IPUIPlugin:74 - create IPUIPlugin
2022-10-01 17:46:46,041 [INFO] IPUIPlugin:74 - create IPUIPlugin
2022-10-01 17:46:46,041 [INFO] IPUIPlugin:74 - create IPUIPlugin
2022-10-01 17:46:46,041 [INFO] IPUIPlugin:74 - create IPUIPlugin
2022-10-01 17:46:46,041 [INFO] IPUIPlugin:74 - create IPUIPlugin
2022-10-01 17:46:46,041 [INFO] IPUIPlugin:74 - create IPUIPlugin
2022-10-01 17:46:46,041 [INFO] IPUIPlugin:74 - create IPUIPlugin
2022-10-01 17:46:46,041 [INFO] IPUIPlugin:74 - create IPUIPlugin
2022-10-01 17:46:46,041 [INFO] IPUIPlugin:74 - create IPUIPlugin
2022-10-01 17:46:46,041 [INFO] IPUIPlugin:74 - create IPUIPlugin
2022-10-01 17:46:46,041 [INFO] IPUIPlugin:74 - create IPUIPlugin
2022-10-01 17:46:46,041 [INFO] IPUIPlugin:74 - create IPUIPlugin
2022-10-01 17:46:46,041 [INFO] IPUIPlugin:74 - create IPUIPlugin
2022-10-01 17:46:46,045 [INFO] IPUIPlugin:74 - create IPUIPlugin
2022-10-01 17:46:46,209 [INFO] OpenFileManager:333 - Restore cursor
2022-10-01 17:46:46,572 [INFO] UtilMem:74 - End SaveConfig() Used Memory: 502149144 Bytes (571473920)
2022-10-01 17:46:46,650 [INFO] UtilMem:74 - End SaveConfig() Used Memory: 498121008 Bytes (571473920)
2022-10-01 17:46:47,037 [INFO] BlockDiagram:2740 - set Specific Code input for plugin: NVIC
2022-10-01 17:46:47,037 [INFO] BlockDiagram:2740 - set Specific Code input for plugin: SYS
2022-10-01 17:46:47,037 [INFO] BlockDiagram:2740 - set Specific Code input for plugin: RCC
2022-10-01 17:46:47,037 [INFO] CodeGenerator:663 - code generatio: config db path: C:\ST\STM32CubeIDE_1.7.0\STM32CubeIDE\plugins\com.st.stm32cube.common.mx_6.3.0.202107141111\\db\
2022-10-01 17:46:47,453 [INFO] CodeEngine:239 - oldGeneratedFile, C:\MCU\Lab1\Ex9\STM\ONE_LED_OFF\MXTmpFiles\license.tmp_save
2022-10-01 17:46:47,903 [INFO] CodeEngine:257 - Generated code: C:\MCU\Lab1\Ex9\STM\ONE_LED_OFF\MXTmpFiles\license.tmp
2022-10-01 17:46:48,040 [INFO] CodeEngine:239 - oldGeneratedFile, C:\MCU\Lab1\Ex9\STM\ONE_LED_OFF\Core\Src\stm32f1xx_it.c_save
2022-10-01 17:46:48,232 [INFO] CodeEngine:257 - Generated code: C:\MCU\Lab1\Ex9\STM\ONE_LED_OFF\Core\Src\stm32f1xx_it.c
2022-10-01 17:46:48,240 [INFO] CodeEngine:239 - oldGeneratedFile, C:\MCU\Lab1\Ex9\STM\ONE_LED_OFF\Core\Inc\stm32f1xx_it.h_save
2022-10-01 17:46:48,315 [INFO] CodeEngine:257 - Generated code: C:\MCU\Lab1\Ex9\STM\ONE_LED_OFF\Core\Inc\stm32f1xx_it.h
2022-10-01 17:46:48,327 [INFO] CodeEngine:239 - oldGeneratedFile, C:\MCU\Lab1\Ex9\STM\ONE_LED_OFF\Core\Src\stm32f1xx_hal_msp.c_save
2022-10-01 17:46:48,469 [INFO] CodeEngine:257 - Generated code: C:\MCU\Lab1\Ex9\STM\ONE_LED_OFF\Core\Src\stm32f1xx_hal_msp.c
2022-10-01 17:46:48,474 [INFO] CodeEngine:239 - oldGeneratedFile, C:\MCU\Lab1\Ex9\STM\ONE_LED_OFF\MXTmpFiles\system.tmp_save
2022-10-01 17:46:48,542 [INFO] CodeEngine:257 - Generated code: C:\MCU\Lab1\Ex9\STM\ONE_LED_OFF\MXTmpFiles\system.tmp
2022-10-01 17:46:48,556 [INFO] CodeEngine:239 - oldGeneratedFile, C:\MCU\Lab1\Ex9\STM\ONE_LED_OFF\Core\Inc\stm32f1xx_hal_conf.h_save
2022-10-01 17:46:48,672 [INFO] CodeEngine:257 - Generated code: C:\MCU\Lab1\Ex9\STM\ONE_LED_OFF\Core\Inc\stm32f1xx_hal_conf.h
2022-10-01 17:46:48,720 [INFO] CodeEngine:239 - oldGeneratedFile, C:\MCU\Lab1\Ex9\STM\ONE_LED_OFF\Core\Inc\main.h_save
2022-10-01 17:46:48,823 [INFO] CodeEngine:257 - Generated code: C:\MCU\Lab1\Ex9\STM\ONE_LED_OFF\Core\Inc\main.h
2022-10-01 17:46:48,824 [INFO] CodeEngine:239 - oldGeneratedFile, C:\MCU\Lab1\Ex9\STM\ONE_LED_OFF\Core\Src\main.c_save
2022-10-01 17:46:49,007 [INFO] CodeEngine:257 - Generated code: C:\MCU\Lab1\Ex9\STM\ONE_LED_OFF\Core\Src\main.c
2022-10-01 17:46:49,991 [INFO] ProjectBuilder:2578 - Time for Copy HAL[1] : 199mS.
2022-10-01 17:46:50,004 [INFO] ProjectBuilder:3622 - Project Generator version: 3.14.1
2022-10-01 17:46:50,500 [INFO] ConfigFileManager:1271 - The Die is : DIE412
2022-10-01 17:46:50,536 [INFO] ApiDbMcu:468 - Load IP Config File for FATFS
2022-10-01 17:46:50,564 [INFO] ApiDbMcu:468 - Load IP Config File for FREERTOS
2022-10-01 17:46:50,588 [INFO] ApiDbMcu:468 - Load IP Config File for USB_DEVICE
2022-10-01 17:46:56,183 [INFO] ProjectBuilder:3789 - Time for Generating toolchain IDE Files: 6179mS.
2022-10-01 17:46:56,183 [INFO] ProjectBuilder:2457 - Time for Copy CMSIS : 0mS.
2022-10-01 17:46:56,183 [INFO] ProjectBuilder:2457 - Time for Copy CMSIS : 0mS.
2022-10-01 17:46:56,795 [INFO] McuFinderGlobals:52 - Set McuFinderConnectedMode to true
2022-10-01 17:46:56,799 [INFO] ApiDb:276 - Save user favorites file C:\Users\A.Tuan/.stm32cubeide/favorites.mcus.txt: 0 item(s)
2022-10-01 17:46:56,799 [INFO] ApiDb:280 - User favorites MCUs=[]
2022-10-01 18:20:35,022 [INFO] UtilMem:74 - End SaveConfig() Used Memory: 699622056 Bytes (910163968)
2022-10-01 18:20:35,783 [INFO] UtilMem:74 - End SaveConfig() Used Memory: 720544160 Bytes (910163968)
2022-10-01 18:20:38,963 [INFO] UtilMem:74 - End SaveConfig() Used Memory: 706717456 Bytes (910163968)
2022-10-01 18:20:39,379 [INFO] BlockDiagram:2740 - set Specific Code input for plugin: NVIC
2022-10-01 18:20:39,381 [INFO] BlockDiagram:2740 - set Specific Code input for plugin: SYS
2022-10-01 18:20:39,381 [INFO] BlockDiagram:2740 - set Specific Code input for plugin: GPIO
2022-10-01 18:20:39,381 [INFO] BlockDiagram:2740 - set Specific Code input for plugin: RCC
2022-10-01 18:20:39,382 [INFO] CodeGenerator:663 - code generatio: config db path: C:\ST\STM32CubeIDE_1.7.0\STM32CubeIDE\plugins\com.st.stm32cube.common.mx_6.3.0.202107141111\\db\
2022-10-01 18:20:39,738 [INFO] CodeEngine:239 - oldGeneratedFile, C:\MCU\Lab1\Ex9\STM\ONE_LED_OFF\MXTmpFiles\license.tmp_save
2022-10-01 18:20:39,861 [INFO] CodeEngine:257 - Generated code: C:\MCU\Lab1\Ex9\STM\ONE_LED_OFF\MXTmpFiles\license.tmp
2022-10-01 18:20:39,933 [INFO] CodeEngine:239 - oldGeneratedFile, C:\MCU\Lab1\Ex9\STM\ONE_LED_OFF\MXTmpFiles\gpio.tmp_save
2022-10-01 18:20:40,028 [INFO] CodeEngine:257 - Generated code: C:\MCU\Lab1\Ex9\STM\ONE_LED_OFF\MXTmpFiles\gpio.tmp
2022-10-01 18:20:40,118 [INFO] CodeEngine:239 - oldGeneratedFile, C:\MCU\Lab1\Ex9\STM\ONE_LED_OFF\Core\Src\stm32f1xx_it.c_save
2022-10-01 18:20:40,265 [INFO] CodeEngine:257 - Generated code: C:\MCU\Lab1\Ex9\STM\ONE_LED_OFF\Core\Src\stm32f1xx_it.c
2022-10-01 18:20:40,276 [INFO] CodeEngine:239 - oldGeneratedFile, C:\MCU\Lab1\Ex9\STM\ONE_LED_OFF\Core\Inc\stm32f1xx_it.h_save
2022-10-01 18:20:40,446 [INFO] CodeEngine:257 - Generated code: C:\MCU\Lab1\Ex9\STM\ONE_LED_OFF\Core\Inc\stm32f1xx_it.h
2022-10-01 18:20:40,481 [INFO] CodeEngine:239 - oldGeneratedFile, C:\MCU\Lab1\Ex9\STM\ONE_LED_OFF\Core\Src\stm32f1xx_hal_msp.c_save
2022-10-01 18:20:40,590 [INFO] CodeEngine:257 - Generated code: C:\MCU\Lab1\Ex9\STM\ONE_LED_OFF\Core\Src\stm32f1xx_hal_msp.c
2022-10-01 18:20:40,594 [INFO] CodeEngine:239 - oldGeneratedFile, C:\MCU\Lab1\Ex9\STM\ONE_LED_OFF\MXTmpFiles\system.tmp_save
2022-10-01 18:20:40,714 [INFO] CodeEngine:257 - Generated code: C:\MCU\Lab1\Ex9\STM\ONE_LED_OFF\MXTmpFiles\system.tmp
2022-10-01 18:20:40,738 [INFO] CodeEngine:239 - oldGeneratedFile, C:\MCU\Lab1\Ex9\STM\ONE_LED_OFF\Core\Inc\stm32f1xx_hal_conf.h_save
2022-10-01 18:20:40,920 [INFO] CodeEngine:257 - Generated code: C:\MCU\Lab1\Ex9\STM\ONE_LED_OFF\Core\Inc\stm32f1xx_hal_conf.h
2022-10-01 18:20:40,987 [INFO] CodeEngine:239 - oldGeneratedFile, C:\MCU\Lab1\Ex9\STM\ONE_LED_OFF\Core\Inc\main.h_save
2022-10-01 18:20:41,202 [INFO] CodeEngine:257 - Generated code: C:\MCU\Lab1\Ex9\STM\ONE_LED_OFF\Core\Inc\main.h
2022-10-01 18:20:41,223 [INFO] CodeEngine:239 - oldGeneratedFile, C:\MCU\Lab1\Ex9\STM\ONE_LED_OFF\Core\Src\main.c_save
2022-10-01 18:20:41,388 [INFO] CodeEngine:257 - Generated code: C:\MCU\Lab1\Ex9\STM\ONE_LED_OFF\Core\Src\main.c
2022-10-01 18:20:42,427 [INFO] ProjectBuilder:2578 - Time for Copy HAL[1] : 124mS.
2022-10-01 18:20:42,431 [INFO] ProjectBuilder:3622 - Project Generator version: 3.14.1
2022-10-01 18:20:43,008 [INFO] ConfigFileManager:1271 - The Die is : DIE412
2022-10-01 18:20:46,483 [INFO] ProjectBuilder:3789 - Time for Generating toolchain IDE Files: 4052mS.
2022-10-01 18:20:46,487 [INFO] ProjectBuilder:2457 - Time for Copy CMSIS : 3mS.
2022-10-01 18:20:46,495 [INFO] ProjectBuilder:2457 - Time for Copy CMSIS : 0mS.
2022-10-03 13:23:08,228 [INFO] Activator:177 - 


2022-10-03 13:23:08,228 [INFO] Activator:178 - !SESSION log4j initialized
2022-10-03 13:23:38,389 [INFO] Activator:177 - 


2022-10-03 13:23:38,389 [INFO] Activator:178 - !SESSION log4j initialized
